<?xml version="1.0"?>
<!DOCTYPE coverage SYSTEM "http://cobertura.sourceforge.net/xml/coverage-04.dtd">

<coverage line-rate="0.7698744769874477" branch-rate="0.5666666666666667" lines-covered="184" lines-valid="239" branches-covered="17" branches-valid="30" complexity="1.5" version="2.1.1" timestamp="1511793325516">
	<sources>
		<source>--source</source>
		<source>/Users/lukaszlenart/Projects/Apache/struts/plugins/junit/src/main/java</source>
		<source>/Users/lukaszlenart/Projects/Apache/struts/plugins/junit/target/generated-sources/annotations</source>
	</sources>
	<packages>
		<package name="org.apache.struts2" line-rate="0.7698744769874477" branch-rate="0.5666666666666667" complexity="1.5">
			<classes>
				<class name="org.apache.struts2.ConventionPluginResourceLoader" filename="org/apache/struts2/ConventionPluginResourceLoader.java" line-rate="0.0" branch-rate="0.0" complexity="4.0">
					<methods>
						<method name="&lt;clinit&gt;" signature="()V" line-rate="0.0" branch-rate="1.0" complexity="0">
							<lines>
								<line number="32" hits="0" branch="false"/>
							</lines>
						</method>
						<method name="&lt;init&gt;" signature="()V" line-rate="0.0" branch-rate="1.0" complexity="0">
							<lines>
								<line number="30" hits="0" branch="false"/>
							</lines>
						</method>
						<method name="getResource" signature="(Ljava/lang/String;)Lorg/springframework/core/io/Resource;" line-rate="0.0" branch-rate="0.0" complexity="0">
							<lines>
								<line number="36" hits="0" branch="true" condition-coverage="0% (0/2)">
									<conditions>
										<condition number="0" type="jump" coverage="0%"/>
									</conditions>
								</line>
								<line number="38" hits="0" branch="false"/>
								<line number="39" hits="0" branch="false"/>
								<line number="40" hits="0" branch="false"/>
								<line number="41" hits="0" branch="false"/>
								<line number="45" hits="0" branch="false"/>
							</lines>
						</method>
					</methods>
					<lines>
						<line number="30" hits="0" branch="false"/>
						<line number="32" hits="0" branch="false"/>
						<line number="36" hits="0" branch="true" condition-coverage="0% (0/2)">
							<conditions>
								<condition number="0" type="jump" coverage="0%"/>
							</conditions>
						</line>
						<line number="38" hits="0" branch="false"/>
						<line number="39" hits="0" branch="false"/>
						<line number="40" hits="0" branch="false"/>
						<line number="41" hits="0" branch="false"/>
						<line number="45" hits="0" branch="false"/>
					</lines>
				</class>
				<class name="org.apache.struts2.StrutsJUnit4TestCase" filename="org/apache/struts2/StrutsJUnit4TestCase.java" line-rate="0.9195402298850575" branch-rate="0.5833333333333334" complexity="1.588235294117647">
					<methods>
						<method name="&lt;clinit&gt;" signature="()V" line-rate="1.0" branch-rate="1.0" complexity="0">
							<lines>
								<line number="70" hits="1" branch="false"/>
								<line number="71" hits="1" branch="false"/>
								<line number="72" hits="1" branch="false"/>
								<line number="89" hits="1" branch="false"/>
								<line number="90" hits="1" branch="false"/>
								<line number="91" hits="1" branch="false"/>
								<line number="92" hits="1" branch="false"/>
								<line number="93" hits="1" branch="false"/>
								<line number="94" hits="1" branch="false"/>
								<line number="95" hits="1" branch="false"/>
								<line number="96" hits="1" branch="false"/>
							</lines>
						</method>
						<method name="&lt;init&gt;" signature="()V" line-rate="1.0" branch-rate="1.0" complexity="0">
							<lines>
								<line number="58" hits="7" branch="false"/>
								<line number="67" hits="7" branch="false"/>
							</lines>
						</method>
						<method name="containsErrors" signature="()Z" line-rate="0.0" branch-rate="0.0" complexity="0">
							<lines>
								<line number="116" hits="0" branch="false"/>
								<line number="117" hits="0" branch="true" condition-coverage="0% (0/2)">
									<conditions>
										<condition number="0" type="jump" coverage="0%"/>
									</conditions>
								</line>
								<line number="118" hits="0" branch="false"/>
								<line number="120" hits="0" branch="false"/>
							</lines>
						</method>
						<method name="executeAction" signature="(Ljava/lang/String;)Ljava/lang/String;" line-rate="0.8571428571428571" branch-rate="0.5" complexity="0">
							<lines>
								<line number="130" hits="6" branch="false"/>
								<line number="131" hits="6" branch="false"/>
								<line number="133" hits="6" branch="false"/>
								<line number="134" hits="6" branch="false"/>
								<line number="136" hits="6" branch="true" condition-coverage="50% (1/2)">
									<conditions>
										<condition number="0" type="jump" coverage="50%"/>
									</conditions>
								</line>
								<line number="137" hits="0" branch="false"/>
								<line number="140" hits="6" branch="false"/>
							</lines>
						</method>
						<method name="findValueAfterExecute" signature="(Ljava/lang/String;)Ljava/lang/Object;" line-rate="1.0" branch-rate="1.0" complexity="0">
							<lines>
								<line number="102" hits="2" branch="false"/>
							</lines>
						</method>
						<method name="finishExecution" signature="()V" line-rate="1.0" branch-rate="1.0" complexity="0">
							<lines>
								<line number="207" hits="1" branch="false"/>
								<line number="208" hits="1" branch="false"/>
								<line number="210" hits="1" branch="false"/>
								<line number="212" hits="2" branch="true" condition-coverage="100% (2/2)">
									<conditions>
										<condition number="0" type="jump" coverage="100%"/>
									</conditions>
								</line>
								<line number="213" hits="1" branch="false"/>
								<line number="214" hits="1" branch="false"/>
								<line number="215" hits="1" branch="false"/>
								<line number="216" hits="1" branch="false"/>
								<line number="218" hits="1" branch="false"/>
								<line number="219" hits="1" branch="false"/>
								<line number="220" hits="1" branch="false"/>
								<line number="221" hits="1" branch="false"/>
							</lines>
						</method>
						<method name="getAction" signature="()Ljava/lang/Object;" line-rate="1.0" branch-rate="1.0" complexity="0">
							<lines>
								<line number="112" hits="1" branch="false"/>
							</lines>
						</method>
						<method name="getActionMapping" signature="(Ljava/lang/String;)Lorg/apache/struts2/dispatcher/mapper/ActionMapping;" line-rate="1.0" branch-rate="1.0" complexity="0">
							<lines>
								<line number="184" hits="1" branch="false"/>
								<line number="185" hits="1" branch="false"/>
								<line number="186" hits="1" branch="false"/>
							</lines>
						</method>
						<method name="getActionMapping" signature="(Ljavax/servlet/http/HttpServletRequest;)Lorg/apache/struts2/dispatcher/mapper/ActionMapping;" line-rate="1.0" branch-rate="1.0" complexity="0">
							<lines>
								<line number="177" hits="8" branch="false"/>
							</lines>
						</method>
						<method name="getActionProxy" signature="(Ljava/lang/String;)Lcom/opensymphony/xwork2/ActionProxy;" line-rate="1.0" branch-rate="1.0" complexity="0">
							<lines>
								<line number="148" hits="1" branch="false"/>
								<line number="149" hits="1" branch="false"/>
								<line number="150" hits="1" branch="false"/>
								<line number="151" hits="1" branch="false"/>
								<line number="152" hits="1" branch="false"/>
								<line number="154" hits="1" branch="false"/>
								<line number="155" hits="1" branch="false"/>
								<line number="158" hits="1" branch="false"/>
								<line number="159" hits="1" branch="false"/>
								<line number="161" hits="1" branch="false"/>
								<line number="166" hits="1" branch="false"/>
								<line number="167" hits="1" branch="false"/>
								<line number="168" hits="1" branch="false"/>
								<line number="170" hits="1" branch="false"/>
							</lines>
						</method>
						<method name="getConfigPath" signature="()Ljava/lang/String;" line-rate="1.0" branch-rate="1.0" complexity="0">
							<lines>
								<line number="259" hits="4" branch="false"/>
							</lines>
						</method>
						<method name="initDispatcher" signature="(Ljava/util/Map;)Lorg/apache/struts2/dispatcher/Dispatcher;" line-rate="1.0" branch-rate="1.0" complexity="0">
							<lines>
								<line number="244" hits="7" branch="false"/>
								<line number="245" hits="7" branch="false"/>
								<line number="246" hits="7" branch="false"/>
								<line number="247" hits="7" branch="false"/>
								<line number="248" hits="7" branch="false"/>
								<line number="249" hits="7" branch="false"/>
							</lines>
						</method>
						<method name="initDispatcherParams" signature="()V" line-rate="1.0" branch-rate="1.0" complexity="0">
							<lines>
								<line number="237" hits="7" branch="true" condition-coverage="100% (2/2)">
									<conditions>
										<condition number="0" type="jump" coverage="100%"/>
									</conditions>
								</line>
								<line number="238" hits="3" branch="false"/>
								<line number="239" hits="3" branch="false"/>
								<line number="241" hits="7" branch="false"/>
							</lines>
						</method>
						<method name="initServletMockObjects" signature="()V" line-rate="1.0" branch-rate="1.0" complexity="0">
							<lines>
								<line number="200" hits="7" branch="false"/>
								<line number="201" hits="7" branch="false"/>
								<line number="202" hits="7" branch="false"/>
								<line number="203" hits="7" branch="false"/>
								<line number="204" hits="7" branch="false"/>
							</lines>
						</method>
						<method name="injectStrutsDependencies" signature="(Ljava/lang/Object;)V" line-rate="0.0" branch-rate="1.0" complexity="0">
							<lines>
								<line number="193" hits="0" branch="false"/>
								<line number="194" hits="0" branch="false"/>
							</lines>
						</method>
						<method name="setUp" signature="()V" line-rate="1.0" branch-rate="1.0" complexity="0">
							<lines>
								<line number="229" hits="7" branch="false"/>
								<line number="230" hits="7" branch="false"/>
								<line number="231" hits="7" branch="false"/>
								<line number="232" hits="7" branch="false"/>
								<line number="233" hits="7" branch="false"/>
								<line number="234" hits="7" branch="false"/>
							</lines>
						</method>
						<method name="setupBeforeInitDispatcher" signature="()V" line-rate="1.0" branch-rate="1.0" complexity="0">
							<lines>
								<line number="197" hits="3" branch="false"/>
							</lines>
						</method>
						<method name="tearDown" signature="()V" line-rate="1.0" branch-rate="0.5" complexity="0">
							<lines>
								<line number="264" hits="7" branch="false"/>
								<line number="265" hits="7" branch="true" condition-coverage="50% (2/4)">
									<conditions>
										<condition number="0" type="jump" coverage="50%"/>
										<condition number="1" type="jump" coverage="50%"/>
									</conditions>
								</line>
								<line number="266" hits="7" branch="false"/>
								<line number="267" hits="7" branch="false"/>
								<line number="269" hits="7" branch="false"/>
								<line number="270" hits="7" branch="false"/>
							</lines>
						</method>
					</methods>
					<lines>
						<line number="58" hits="7" branch="false"/>
						<line number="67" hits="7" branch="false"/>
						<line number="70" hits="1" branch="false"/>
						<line number="71" hits="1" branch="false"/>
						<line number="72" hits="1" branch="false"/>
						<line number="89" hits="1" branch="false"/>
						<line number="90" hits="1" branch="false"/>
						<line number="91" hits="1" branch="false"/>
						<line number="92" hits="1" branch="false"/>
						<line number="93" hits="1" branch="false"/>
						<line number="94" hits="1" branch="false"/>
						<line number="95" hits="1" branch="false"/>
						<line number="96" hits="1" branch="false"/>
						<line number="102" hits="2" branch="false"/>
						<line number="112" hits="1" branch="false"/>
						<line number="116" hits="0" branch="false"/>
						<line number="117" hits="0" branch="true" condition-coverage="0% (0/2)">
							<conditions>
								<condition number="0" type="jump" coverage="0%"/>
							</conditions>
						</line>
						<line number="118" hits="0" branch="false"/>
						<line number="120" hits="0" branch="false"/>
						<line number="130" hits="6" branch="false"/>
						<line number="131" hits="6" branch="false"/>
						<line number="133" hits="6" branch="false"/>
						<line number="134" hits="6" branch="false"/>
						<line number="136" hits="6" branch="true" condition-coverage="50% (1/2)">
							<conditions>
								<condition number="0" type="jump" coverage="50%"/>
							</conditions>
						</line>
						<line number="137" hits="0" branch="false"/>
						<line number="140" hits="6" branch="false"/>
						<line number="148" hits="1" branch="false"/>
						<line number="149" hits="1" branch="false"/>
						<line number="150" hits="1" branch="false"/>
						<line number="151" hits="1" branch="false"/>
						<line number="152" hits="1" branch="false"/>
						<line number="154" hits="1" branch="false"/>
						<line number="155" hits="1" branch="false"/>
						<line number="158" hits="1" branch="false"/>
						<line number="159" hits="1" branch="false"/>
						<line number="161" hits="1" branch="false"/>
						<line number="166" hits="1" branch="false"/>
						<line number="167" hits="1" branch="false"/>
						<line number="168" hits="1" branch="false"/>
						<line number="170" hits="1" branch="false"/>
						<line number="177" hits="8" branch="false"/>
						<line number="184" hits="1" branch="false"/>
						<line number="185" hits="1" branch="false"/>
						<line number="186" hits="1" branch="false"/>
						<line number="193" hits="0" branch="false"/>
						<line number="194" hits="0" branch="false"/>
						<line number="197" hits="3" branch="false"/>
						<line number="200" hits="7" branch="false"/>
						<line number="201" hits="7" branch="false"/>
						<line number="202" hits="7" branch="false"/>
						<line number="203" hits="7" branch="false"/>
						<line number="204" hits="7" branch="false"/>
						<line number="207" hits="1" branch="false"/>
						<line number="208" hits="1" branch="false"/>
						<line number="210" hits="1" branch="false"/>
						<line number="212" hits="2" branch="true" condition-coverage="100% (2/2)">
							<conditions>
								<condition number="0" type="jump" coverage="100%"/>
							</conditions>
						</line>
						<line number="213" hits="1" branch="false"/>
						<line number="214" hits="1" branch="false"/>
						<line number="215" hits="1" branch="false"/>
						<line number="216" hits="1" branch="false"/>
						<line number="218" hits="1" branch="false"/>
						<line number="219" hits="1" branch="false"/>
						<line number="220" hits="1" branch="false"/>
						<line number="221" hits="1" branch="false"/>
						<line number="229" hits="7" branch="false"/>
						<line number="230" hits="7" branch="false"/>
						<line number="231" hits="7" branch="false"/>
						<line number="232" hits="7" branch="false"/>
						<line number="233" hits="7" branch="false"/>
						<line number="234" hits="7" branch="false"/>
						<line number="237" hits="7" branch="true" condition-coverage="100% (2/2)">
							<conditions>
								<condition number="0" type="jump" coverage="100%"/>
							</conditions>
						</line>
						<line number="238" hits="3" branch="false"/>
						<line number="239" hits="3" branch="false"/>
						<line number="241" hits="7" branch="false"/>
						<line number="244" hits="7" branch="false"/>
						<line number="245" hits="7" branch="false"/>
						<line number="246" hits="7" branch="false"/>
						<line number="247" hits="7" branch="false"/>
						<line number="248" hits="7" branch="false"/>
						<line number="249" hits="7" branch="false"/>
						<line number="259" hits="4" branch="false"/>
						<line number="264" hits="7" branch="false"/>
						<line number="265" hits="7" branch="true" condition-coverage="50% (2/4)">
							<conditions>
								<condition number="0" type="jump" coverage="50%"/>
								<condition number="1" type="jump" coverage="50%"/>
							</conditions>
						</line>
						<line number="266" hits="7" branch="false"/>
						<line number="267" hits="7" branch="false"/>
						<line number="269" hits="7" branch="false"/>
						<line number="270" hits="7" branch="false"/>
					</lines>
				</class>
				<class name="org.apache.struts2.StrutsJUnit4TestCase$1" filename="org/apache/struts2/StrutsJUnit4TestCase.java" line-rate="1.0" branch-rate="1.0" complexity="1.588235294117647">
					<methods>
						<method name="&lt;init&gt;" signature="(Ljava/text/SimpleDateFormat;)V" line-rate="1.0" branch-rate="1.0" complexity="0">
							<lines>
								<line number="72" hits="1" branch="false"/>
							</lines>
						</method>
						<method name="format" signature="(Ljava/util/logging/LogRecord;)Ljava/lang/String;" line-rate="1.0" branch-rate="1.0" complexity="0">
							<lines>
								<line number="75" hits="11" branch="false"/>
								<line number="76" hits="11" branch="false"/>
								<line number="77" hits="11" branch="false"/>
								<line number="78" hits="33" branch="true" condition-coverage="100% (2/2)">
									<conditions>
										<condition number="0" type="jump" coverage="100%"/>
									</conditions>
								</line>
								<line number="79" hits="22" branch="false"/>
								<line number="81" hits="11" branch="false"/>
								<line number="82" hits="11" branch="false"/>
								<line number="83" hits="11" branch="false"/>
								<line number="84" hits="11" branch="false"/>
								<line number="85" hits="11" branch="false"/>
								<line number="86" hits="11" branch="false"/>
							</lines>
						</method>
					</methods>
					<lines>
						<line number="72" hits="1" branch="false"/>
						<line number="75" hits="11" branch="false"/>
						<line number="76" hits="11" branch="false"/>
						<line number="77" hits="11" branch="false"/>
						<line number="78" hits="33" branch="true" condition-coverage="100% (2/2)">
							<conditions>
								<condition number="0" type="jump" coverage="100%"/>
							</conditions>
						</line>
						<line number="79" hits="22" branch="false"/>
						<line number="81" hits="11" branch="false"/>
						<line number="82" hits="11" branch="false"/>
						<line number="83" hits="11" branch="false"/>
						<line number="84" hits="11" branch="false"/>
						<line number="85" hits="11" branch="false"/>
						<line number="86" hits="11" branch="false"/>
					</lines>
				</class>
				<class name="org.apache.struts2.StrutsRestTestCase" filename="org/apache/struts2/StrutsRestTestCase.java" line-rate="0.0" branch-rate="0.0" complexity="1.4">
					<methods>
						<method name="&lt;init&gt;" signature="()V" line-rate="0.0" branch-rate="1.0" complexity="0">
							<lines>
								<line number="41" hits="0" branch="false"/>
							</lines>
						</method>
						<method name="executeAction" signature="(Ljava/lang/String;)Ljava/lang/String;" line-rate="0.0" branch-rate="1.0" complexity="0">
							<lines>
								<line number="57" hits="0" branch="false"/>
							</lines>
						</method>
						<method name="executeAction" signature="(Ljava/lang/String;Ljava/lang/String;)Ljava/lang/String;" line-rate="0.0" branch-rate="0.0" complexity="0">
							<lines>
								<line number="74" hits="0" branch="false"/>
								<line number="75" hits="0" branch="false"/>
								<line number="77" hits="0" branch="false"/>
								<line number="79" hits="0" branch="false"/>
								<line number="80" hits="0" branch="false"/>
								<line number="82" hits="0" branch="true" condition-coverage="0% (0/2)">
									<conditions>
										<condition number="0" type="jump" coverage="0%"/>
									</conditions>
								</line>
								<line number="83" hits="0" branch="false"/>
								<line number="86" hits="0" branch="false"/>
							</lines>
						</method>
						<method name="getActionProxy" signature="(Ljava/lang/String;)Lcom/opensymphony/xwork2/ActionProxy;" line-rate="0.0" branch-rate="1.0" complexity="0">
							<lines>
								<line number="99" hits="0" branch="false"/>
							</lines>
						</method>
						<method name="getActionProxy" signature="(Ljava/lang/String;Ljava/lang/String;)Lcom/opensymphony/xwork2/ActionProxy;" line-rate="0.0" branch-rate="1.0" complexity="0">
							<lines>
								<line number="111" hits="0" branch="false"/>
								<line number="112" hits="0" branch="false"/>
								<line number="114" hits="0" branch="false"/>
								<line number="115" hits="0" branch="false"/>
								<line number="116" hits="0" branch="false"/>
								<line number="117" hits="0" branch="false"/>
								<line number="119" hits="0" branch="false"/>
								<line number="120" hits="0" branch="false"/>
								<line number="124" hits="0" branch="false"/>
								<line number="125" hits="0" branch="false"/>
								<line number="126" hits="0" branch="false"/>
								<line number="128" hits="0" branch="false"/>
								<line number="131" hits="0" branch="false"/>
								<line number="136" hits="0" branch="false"/>
								<line number="137" hits="0" branch="false"/>
								<line number="138" hits="0" branch="false"/>
								<line number="140" hits="0" branch="false"/>
							</lines>
						</method>
						<method name="initServletMockObjects" signature="()V" line-rate="0.0" branch-rate="1.0" complexity="0">
							<lines>
								<line number="145" hits="0" branch="false"/>
								<line number="146" hits="0" branch="false"/>
								<line number="147" hits="0" branch="false"/>
								<line number="148" hits="0" branch="false"/>
								<line number="149" hits="0" branch="false"/>
								<line number="150" hits="0" branch="false"/>
							</lines>
						</method>
					</methods>
					<lines>
						<line number="41" hits="0" branch="false"/>
						<line number="57" hits="0" branch="false"/>
						<line number="74" hits="0" branch="false"/>
						<line number="75" hits="0" branch="false"/>
						<line number="77" hits="0" branch="false"/>
						<line number="79" hits="0" branch="false"/>
						<line number="80" hits="0" branch="false"/>
						<line number="82" hits="0" branch="true" condition-coverage="0% (0/2)">
							<conditions>
								<condition number="0" type="jump" coverage="0%"/>
							</conditions>
						</line>
						<line number="83" hits="0" branch="false"/>
						<line number="86" hits="0" branch="false"/>
						<line number="99" hits="0" branch="false"/>
						<line number="111" hits="0" branch="false"/>
						<line number="112" hits="0" branch="false"/>
						<line number="114" hits="0" branch="false"/>
						<line number="115" hits="0" branch="false"/>
						<line number="116" hits="0" branch="false"/>
						<line number="117" hits="0" branch="false"/>
						<line number="119" hits="0" branch="false"/>
						<line number="120" hits="0" branch="false"/>
						<line number="124" hits="0" branch="false"/>
						<line number="125" hits="0" branch="false"/>
						<line number="126" hits="0" branch="false"/>
						<line number="128" hits="0" branch="false"/>
						<line number="131" hits="0" branch="false"/>
						<line number="136" hits="0" branch="false"/>
						<line number="137" hits="0" branch="false"/>
						<line number="138" hits="0" branch="false"/>
						<line number="140" hits="0" branch="false"/>
						<line number="145" hits="0" branch="false"/>
						<line number="146" hits="0" branch="false"/>
						<line number="147" hits="0" branch="false"/>
						<line number="148" hits="0" branch="false"/>
						<line number="149" hits="0" branch="false"/>
						<line number="150" hits="0" branch="false"/>
					</lines>
				</class>
				<class name="org.apache.struts2.StrutsSpringJUnit4TestCase" filename="org/apache/struts2/StrutsSpringJUnit4TestCase.java" line-rate="1.0" branch-rate="1.0" complexity="1.0">
					<methods>
						<method name="&lt;init&gt;" signature="()V" line-rate="1.0" branch-rate="1.0" complexity="0">
							<lines>
								<line number="31" hits="4" branch="false"/>
							</lines>
						</method>
						<method name="setApplicationContext" signature="(Lorg/springframework/context/ApplicationContext;)V" line-rate="1.0" branch-rate="1.0" complexity="0">
							<lines>
								<line number="40" hits="4" branch="false"/>
								<line number="41" hits="4" branch="false"/>
							</lines>
						</method>
						<method name="setupBeforeInitDispatcher" signature="()V" line-rate="1.0" branch-rate="1.0" complexity="0">
							<lines>
								<line number="36" hits="4" branch="false"/>
								<line number="37" hits="4" branch="false"/>
							</lines>
						</method>
					</methods>
					<lines>
						<line number="31" hits="4" branch="false"/>
						<line number="36" hits="4" branch="false"/>
						<line number="37" hits="4" branch="false"/>
						<line number="40" hits="4" branch="false"/>
						<line number="41" hits="4" branch="false"/>
					</lines>
				</class>
				<class name="org.apache.struts2.StrutsSpringTestCase" filename="org/apache/struts2/StrutsSpringTestCase.java" line-rate="1.0" branch-rate="1.0" complexity="1.5">
					<methods>
						<method name="&lt;init&gt;" signature="()V" line-rate="1.0" branch-rate="1.0" complexity="0">
							<lines>
								<line number="28" hits="5" branch="false"/>
							</lines>
						</method>
						<method name="getContextLocations" signature="()[Ljava/lang/String;" line-rate="1.0" branch-rate="1.0" complexity="0">
							<lines>
								<line number="44" hits="1" branch="false"/>
							</lines>
						</method>
						<method name="setupBeforeInitDispatcher" signature="()V" line-rate="1.0" branch-rate="1.0" complexity="0">
							<lines>
								<line number="35" hits="5" branch="true" condition-coverage="100% (2/2)">
									<conditions>
										<condition number="0" type="jump" coverage="100%"/>
									</conditions>
								</line>
								<line number="36" hits="1" branch="false"/>
								<line number="37" hits="1" branch="false"/>
								<line number="40" hits="5" branch="false"/>
								<line number="41" hits="5" branch="false"/>
							</lines>
						</method>
					</methods>
					<lines>
						<line number="28" hits="5" branch="false"/>
						<line number="35" hits="5" branch="true" condition-coverage="100% (2/2)">
							<conditions>
								<condition number="0" type="jump" coverage="100%"/>
							</conditions>
						</line>
						<line number="36" hits="1" branch="false"/>
						<line number="37" hits="1" branch="false"/>
						<line number="40" hits="5" branch="false"/>
						<line number="41" hits="5" branch="false"/>
						<line number="44" hits="1" branch="false"/>
					</lines>
				</class>
				<class name="org.apache.struts2.StrutsTestCase" filename="org/apache/struts2/StrutsTestCase.java" line-rate="0.918918918918919" branch-rate="0.5" complexity="1.3529411764705883">
					<methods>
						<method name="&lt;clinit&gt;" signature="()V" line-rate="1.0" branch-rate="1.0" complexity="0">
							<lines>
								<line number="69" hits="1" branch="false"/>
								<line number="70" hits="1" branch="false"/>
								<line number="71" hits="1" branch="false"/>
								<line number="88" hits="1" branch="false"/>
								<line number="89" hits="1" branch="false"/>
								<line number="90" hits="1" branch="false"/>
								<line number="91" hits="1" branch="false"/>
								<line number="92" hits="1" branch="false"/>
								<line number="93" hits="1" branch="false"/>
								<line number="94" hits="1" branch="false"/>
								<line number="97" hits="1" branch="false"/>
							</lines>
						</method>
						<method name="&lt;init&gt;" signature="()V" line-rate="1.0" branch-rate="1.0" complexity="0">
							<lines>
								<line number="58" hits="5" branch="false"/>
								<line number="66" hits="5" branch="false"/>
							</lines>
						</method>
						<method name="applyAdditionalParams" signature="(Lcom/opensymphony/xwork2/ActionContext;)V" line-rate="0.0" branch-rate="1.0" complexity="0">
							<lines>
								<line number="183" hits="0" branch="false"/>
							</lines>
						</method>
						<method name="createAction" signature="(Ljava/lang/Class;)Ljava/lang/Object;" line-rate="0.0" branch-rate="1.0" complexity="0">
							<lines>
								<line number="158" hits="0" branch="false"/>
							</lines>
						</method>
						<method name="executeAction" signature="(Ljava/lang/String;)Ljava/lang/String;" line-rate="0.8571428571428571" branch-rate="0.5" complexity="0">
							<lines>
								<line number="113" hits="2" branch="false"/>
								<line number="114" hits="2" branch="false"/>
								<line number="116" hits="2" branch="false"/>
								<line number="117" hits="2" branch="false"/>
								<line number="119" hits="2" branch="true" condition-coverage="50% (1/2)">
									<conditions>
										<condition number="0" type="jump" coverage="50%"/>
									</conditions>
								</line>
								<line number="120" hits="0" branch="false"/>
								<line number="122" hits="2" branch="false"/>
							</lines>
						</method>
						<method name="findValueAfterExecute" signature="(Ljava/lang/String;)Ljava/lang/Object;" line-rate="1.0" branch-rate="1.0" complexity="0">
							<lines>
								<line number="103" hits="1" branch="false"/>
							</lines>
						</method>
						<method name="getActionMapping" signature="(Ljava/lang/String;)Lorg/apache/struts2/dispatcher/mapper/ActionMapping;" line-rate="1.0" branch-rate="1.0" complexity="0">
							<lines>
								<line number="196" hits="1" branch="false"/>
								<line number="197" hits="1" branch="false"/>
								<line number="198" hits="1" branch="false"/>
							</lines>
						</method>
						<method name="getActionMapping" signature="(Ljavax/servlet/http/HttpServletRequest;)Lorg/apache/struts2/dispatcher/mapper/ActionMapping;" line-rate="1.0" branch-rate="1.0" complexity="0">
							<lines>
								<line number="189" hits="4" branch="false"/>
							</lines>
						</method>
						<method name="getActionProxy" signature="(Ljava/lang/String;)Lcom/opensymphony/xwork2/ActionProxy;" line-rate="1.0" branch-rate="1.0" complexity="0">
							<lines>
								<line number="130" hits="1" branch="false"/>
								<line number="131" hits="1" branch="false"/>
								<line number="132" hits="1" branch="false"/>
								<line number="133" hits="1" branch="false"/>
								<line number="134" hits="1" branch="false"/>
								<line number="136" hits="1" branch="false"/>
								<line number="137" hits="1" branch="false"/>
								<line number="140" hits="1" branch="false"/>
								<line number="145" hits="1" branch="false"/>
								<line number="146" hits="1" branch="false"/>
								<line number="147" hits="1" branch="false"/>
								<line number="149" hits="1" branch="false"/>
							</lines>
						</method>
						<method name="initActionContext" signature="(Lcom/opensymphony/xwork2/ActionContext;)V" line-rate="1.0" branch-rate="1.0" complexity="0">
							<lines>
								<line number="162" hits="1" branch="false"/>
								<line number="163" hits="1" branch="false"/>
								<line number="164" hits="1" branch="false"/>
								<line number="166" hits="1" branch="false"/>
								<line number="167" hits="1" branch="false"/>
							</lines>
						</method>
						<method name="initDispatcher" signature="(Ljava/util/Map;)Lorg/apache/struts2/dispatcher/Dispatcher;" line-rate="1.0" branch-rate="1.0" complexity="0">
							<lines>
								<line number="236" hits="5" branch="false"/>
								<line number="237" hits="5" branch="false"/>
								<line number="238" hits="5" branch="false"/>
								<line number="239" hits="5" branch="false"/>
								<line number="240" hits="5" branch="false"/>
							</lines>
						</method>
						<method name="initServletMockObjects" signature="()V" line-rate="1.0" branch-rate="1.0" complexity="0">
							<lines>
								<line number="229" hits="5" branch="false"/>
								<line number="230" hits="5" branch="false"/>
								<line number="231" hits="5" branch="false"/>
								<line number="232" hits="5" branch="false"/>
								<line number="233" hits="5" branch="false"/>
							</lines>
						</method>
						<method name="initSession" signature="(Lcom/opensymphony/xwork2/ActionContext;)V" line-rate="1.0" branch-rate="0.5" complexity="0">
							<lines>
								<line number="170" hits="1" branch="true" condition-coverage="50% (1/2)">
									<conditions>
										<condition number="0" type="jump" coverage="50%"/>
									</conditions>
								</line>
								<line number="171" hits="1" branch="false"/>
								<line number="172" hits="1" branch="false"/>
								<line number="174" hits="1" branch="false"/>
							</lines>
						</method>
						<method name="injectStrutsDependencies" signature="(Ljava/lang/Object;)V" line-rate="0.0" branch-rate="1.0" complexity="0">
							<lines>
								<line number="205" hits="0" branch="false"/>
								<line number="206" hits="0" branch="false"/>
							</lines>
						</method>
						<method name="setUp" signature="()V" line-rate="1.0" branch-rate="1.0" complexity="0">
							<lines>
								<line number="213" hits="5" branch="false"/>
								<line number="214" hits="5" branch="false"/>
								<line number="215" hits="5" branch="false"/>
								<line number="216" hits="5" branch="false"/>
								<line number="217" hits="5" branch="false"/>
								<line number="218" hits="5" branch="false"/>
							</lines>
						</method>
						<method name="setupAfterInitDispatcher" signature="(Lorg/apache/struts2/dispatcher/Dispatcher;)V" line-rate="1.0" branch-rate="1.0" complexity="0">
							<lines>
								<line number="226" hits="5" branch="false"/>
							</lines>
						</method>
						<method name="setupBeforeInitDispatcher" signature="()V" line-rate="0.0" branch-rate="1.0" complexity="0">
							<lines>
								<line number="222" hits="0" branch="false"/>
							</lines>
						</method>
						<method name="tearDown" signature="()V" line-rate="1.0" branch-rate="0.5" complexity="0">
							<lines>
								<line number="244" hits="5" branch="false"/>
								<line number="246" hits="5" branch="true" condition-coverage="50% (2/4)">
									<conditions>
										<condition number="0" type="jump" coverage="50%"/>
										<condition number="1" type="jump" coverage="50%"/>
									</conditions>
								</line>
								<line number="247" hits="5" branch="false"/>
								<line number="248" hits="5" branch="false"/>
								<line number="250" hits="5" branch="false"/>
								<line number="251" hits="5" branch="false"/>
							</lines>
						</method>
					</methods>
					<lines>
						<line number="58" hits="5" branch="false"/>
						<line number="66" hits="5" branch="false"/>
						<line number="69" hits="1" branch="false"/>
						<line number="70" hits="1" branch="false"/>
						<line number="71" hits="1" branch="false"/>
						<line number="88" hits="1" branch="false"/>
						<line number="89" hits="1" branch="false"/>
						<line number="90" hits="1" branch="false"/>
						<line number="91" hits="1" branch="false"/>
						<line number="92" hits="1" branch="false"/>
						<line number="93" hits="1" branch="false"/>
						<line number="94" hits="1" branch="false"/>
						<line number="97" hits="1" branch="false"/>
						<line number="103" hits="1" branch="false"/>
						<line number="113" hits="2" branch="false"/>
						<line number="114" hits="2" branch="false"/>
						<line number="116" hits="2" branch="false"/>
						<line number="117" hits="2" branch="false"/>
						<line number="119" hits="2" branch="true" condition-coverage="50% (1/2)">
							<conditions>
								<condition number="0" type="jump" coverage="50%"/>
							</conditions>
						</line>
						<line number="120" hits="0" branch="false"/>
						<line number="122" hits="2" branch="false"/>
						<line number="130" hits="1" branch="false"/>
						<line number="131" hits="1" branch="false"/>
						<line number="132" hits="1" branch="false"/>
						<line number="133" hits="1" branch="false"/>
						<line number="134" hits="1" branch="false"/>
						<line number="136" hits="1" branch="false"/>
						<line number="137" hits="1" branch="false"/>
						<line number="140" hits="1" branch="false"/>
						<line number="145" hits="1" branch="false"/>
						<line number="146" hits="1" branch="false"/>
						<line number="147" hits="1" branch="false"/>
						<line number="149" hits="1" branch="false"/>
						<line number="158" hits="0" branch="false"/>
						<line number="162" hits="1" branch="false"/>
						<line number="163" hits="1" branch="false"/>
						<line number="164" hits="1" branch="false"/>
						<line number="166" hits="1" branch="false"/>
						<line number="167" hits="1" branch="false"/>
						<line number="170" hits="1" branch="true" condition-coverage="50% (1/2)">
							<conditions>
								<condition number="0" type="jump" coverage="50%"/>
							</conditions>
						</line>
						<line number="171" hits="1" branch="false"/>
						<line number="172" hits="1" branch="false"/>
						<line number="174" hits="1" branch="false"/>
						<line number="183" hits="0" branch="false"/>
						<line number="189" hits="4" branch="false"/>
						<line number="196" hits="1" branch="false"/>
						<line number="197" hits="1" branch="false"/>
						<line number="198" hits="1" branch="false"/>
						<line number="205" hits="0" branch="false"/>
						<line number="206" hits="0" branch="false"/>
						<line number="213" hits="5" branch="false"/>
						<line number="214" hits="5" branch="false"/>
						<line number="215" hits="5" branch="false"/>
						<line number="216" hits="5" branch="false"/>
						<line number="217" hits="5" branch="false"/>
						<line number="218" hits="5" branch="false"/>
						<line number="222" hits="0" branch="false"/>
						<line number="226" hits="5" branch="false"/>
						<line number="229" hits="5" branch="false"/>
						<line number="230" hits="5" branch="false"/>
						<line number="231" hits="5" branch="false"/>
						<line number="232" hits="5" branch="false"/>
						<line number="233" hits="5" branch="false"/>
						<line number="236" hits="5" branch="false"/>
						<line number="237" hits="5" branch="false"/>
						<line number="238" hits="5" branch="false"/>
						<line number="239" hits="5" branch="false"/>
						<line number="240" hits="5" branch="false"/>
						<line number="244" hits="5" branch="false"/>
						<line number="246" hits="5" branch="true" condition-coverage="50% (2/4)">
							<conditions>
								<condition number="0" type="jump" coverage="50%"/>
								<condition number="1" type="jump" coverage="50%"/>
							</conditions>
						</line>
						<line number="247" hits="5" branch="false"/>
						<line number="248" hits="5" branch="false"/>
						<line number="250" hits="5" branch="false"/>
						<line number="251" hits="5" branch="false"/>
					</lines>
				</class>
				<class name="org.apache.struts2.StrutsTestCase$1" filename="org/apache/struts2/StrutsTestCase.java" line-rate="1.0" branch-rate="1.0" complexity="1.3529411764705883">
					<methods>
						<method name="&lt;init&gt;" signature="(Ljava/text/SimpleDateFormat;)V" line-rate="1.0" branch-rate="1.0" complexity="0">
							<lines>
								<line number="71" hits="1" branch="false"/>
							</lines>
						</method>
						<method name="format" signature="(Ljava/util/logging/LogRecord;)Ljava/lang/String;" line-rate="1.0" branch-rate="1.0" complexity="0">
							<lines>
								<line number="74" hits="11" branch="false"/>
								<line number="75" hits="11" branch="false"/>
								<line number="76" hits="11" branch="false"/>
								<line number="77" hits="33" branch="true" condition-coverage="100% (2/2)">
									<conditions>
										<condition number="0" type="jump" coverage="100%"/>
									</conditions>
								</line>
								<line number="78" hits="22" branch="false"/>
								<line number="80" hits="11" branch="false"/>
								<line number="81" hits="11" branch="false"/>
								<line number="82" hits="11" branch="false"/>
								<line number="83" hits="11" branch="false"/>
								<line number="84" hits="11" branch="false"/>
								<line number="85" hits="11" branch="false"/>
							</lines>
						</method>
					</methods>
					<lines>
						<line number="71" hits="1" branch="false"/>
						<line number="74" hits="11" branch="false"/>
						<line number="75" hits="11" branch="false"/>
						<line number="76" hits="11" branch="false"/>
						<line number="77" hits="33" branch="true" condition-coverage="100% (2/2)">
							<conditions>
								<condition number="0" type="jump" coverage="100%"/>
							</conditions>
						</line>
						<line number="78" hits="22" branch="false"/>
						<line number="80" hits="11" branch="false"/>
						<line number="81" hits="11" branch="false"/>
						<line number="82" hits="11" branch="false"/>
						<line number="83" hits="11" branch="false"/>
						<line number="84" hits="11" branch="false"/>
						<line number="85" hits="11" branch="false"/>
					</lines>
				</class>
			</classes>
		</package>
	</packages>
</coverage>
