<?xml version="1.0"?>
<!DOCTYPE coverage SYSTEM "http://cobertura.sourceforge.net/xml/coverage-04.dtd">

<coverage line-rate="0.4542877391920624" branch-rate="0.3673835125448029" lines-covered="641" lines-valid="1411" branches-covered="205" branches-valid="558" complexity="2.0631578947368423" version="2.1.1" timestamp="1511793409298">
	<sources>
		<source>/Users/lukaszlenart/Projects/Apache/struts/plugins/portlet/src/main/java</source>
		<source>--source</source>
		<source>/Users/lukaszlenart/Projects/Apache/struts/plugins/portlet/target/generated-sources/annotations</source>
	</sources>
	<packages>
		<package name="org.apache.struts2" line-rate="0.0" branch-rate="1.0" complexity="1.0">
			<classes>
				<class name="org.apache.struts2.MockContext" filename="org/apache/struts2/StrutsPortletTestCase.java" line-rate="0.0" branch-rate="1.0" complexity="1.0">
					<methods>
						<method name="&lt;init&gt;" signature="()V" line-rate="0.0" branch-rate="1.0" complexity="0">
							<lines>
								<line number="94" hits="0" branch="false"/>
							</lines>
						</method>
						<method name="getMajorVersion" signature="()I" line-rate="0.0" branch-rate="1.0" complexity="0">
							<lines>
								<line number="100" hits="0" branch="false"/>
							</lines>
						</method>
						<method name="setMajorVersion" signature="(I)V" line-rate="0.0" branch-rate="1.0" complexity="0">
							<lines>
								<line number="104" hits="0" branch="false"/>
								<line number="105" hits="0" branch="false"/>
							</lines>
						</method>
					</methods>
					<lines>
						<line number="94" hits="0" branch="false"/>
						<line number="100" hits="0" branch="false"/>
						<line number="104" hits="0" branch="false"/>
						<line number="105" hits="0" branch="false"/>
					</lines>
				</class>
				<class name="org.apache.struts2.StrutsPortletTestCase" filename="org/apache/struts2/StrutsPortletTestCase.java" line-rate="0.0" branch-rate="1.0" complexity="1.0">
					<methods>
						<method name="&lt;clinit&gt;" signature="()V" line-rate="0.0" branch-rate="1.0" complexity="0">
							<lines>
								<line number="41" hits="0" branch="false"/>
							</lines>
						</method>
						<method name="&lt;init&gt;" signature="()V" line-rate="0.0" branch-rate="1.0" complexity="0">
							<lines>
								<line number="39" hits="0" branch="false"/>
							</lines>
						</method>
						<method name="createSession" signature="()Ljava/util/Map;" line-rate="0.0" branch-rate="1.0" complexity="0">
							<lines>
								<line number="86" hits="0" branch="false"/>
							</lines>
						</method>
						<method name="getMajorVersion" signature="()I" line-rate="0.0" branch-rate="1.0" complexity="0">
							<lines>
								<line number="77" hits="0" branch="false"/>
							</lines>
						</method>
						<method name="initActionContext" signature="(Lcom/opensymphony/xwork2/ActionContext;)V" line-rate="0.0" branch-rate="1.0" complexity="0">
							<lines>
								<line number="50" hits="0" branch="false"/>
								<line number="51" hits="0" branch="false"/>
								<line number="52" hits="0" branch="false"/>
							</lines>
						</method>
						<method name="initPortletContext" signature="(Lcom/opensymphony/xwork2/ActionContext;)V" line-rate="0.0" branch-rate="1.0" complexity="0">
							<lines>
								<line number="55" hits="0" branch="false"/>
								<line number="56" hits="0" branch="false"/>
								<line number="57" hits="0" branch="false"/>
								<line number="58" hits="0" branch="false"/>
								<line number="60" hits="0" branch="false"/>
								<line number="61" hits="0" branch="false"/>
								<line number="62" hits="0" branch="false"/>
								<line number="63" hits="0" branch="false"/>
								<line number="64" hits="0" branch="false"/>
								<line number="65" hits="0" branch="false"/>
								<line number="66" hits="0" branch="false"/>
								<line number="67" hits="0" branch="false"/>
								<line number="68" hits="0" branch="false"/>
								<line number="69" hits="0" branch="false"/>
							</lines>
						</method>
					</methods>
					<lines>
						<line number="39" hits="0" branch="false"/>
						<line number="41" hits="0" branch="false"/>
						<line number="50" hits="0" branch="false"/>
						<line number="51" hits="0" branch="false"/>
						<line number="52" hits="0" branch="false"/>
						<line number="55" hits="0" branch="false"/>
						<line number="56" hits="0" branch="false"/>
						<line number="57" hits="0" branch="false"/>
						<line number="58" hits="0" branch="false"/>
						<line number="60" hits="0" branch="false"/>
						<line number="61" hits="0" branch="false"/>
						<line number="62" hits="0" branch="false"/>
						<line number="63" hits="0" branch="false"/>
						<line number="64" hits="0" branch="false"/>
						<line number="65" hits="0" branch="false"/>
						<line number="66" hits="0" branch="false"/>
						<line number="67" hits="0" branch="false"/>
						<line number="68" hits="0" branch="false"/>
						<line number="69" hits="0" branch="false"/>
						<line number="77" hits="0" branch="false"/>
						<line number="86" hits="0" branch="false"/>
					</lines>
				</class>
			</classes>
		</package>
		<package name="org.apache.struts2.components" line-rate="0.6024096385542169" branch-rate="0.5416666666666666" complexity="3.6">
			<classes>
				<class name="org.apache.struts2.components.PortletUrlRenderer" filename="org/apache/struts2/components/PortletUrlRenderer.java" line-rate="0.6024096385542169" branch-rate="0.5416666666666666" complexity="3.6">
					<methods>
						<method name="&lt;init&gt;" signature="()V" line-rate="1.0" branch-rate="1.0" complexity="0">
							<lines>
								<line number="46" hits="12" branch="false"/>
								<line number="47" hits="12" branch="false"/>
								<line number="49" hits="12" branch="false"/>
								<line number="50" hits="12" branch="false"/>
								<line number="52" hits="12" branch="true" condition-coverage="100% (2/2)">
									<conditions>
										<condition number="0" type="jump" coverage="100%"/>
									</conditions>
								</line>
								<line number="53" hits="2" branch="false"/>
								<line number="55" hits="10" branch="false"/>
								<line number="57" hits="12" branch="false"/>
							</lines>
						</method>
						<method name="beforeRenderUrl" signature="(Lorg/apache/struts2/components/UrlProvider;)V" line-rate="0.6666666666666666" branch-rate="0.5" complexity="0">
							<lines>
								<line number="201" hits="10" branch="true" condition-coverage="50% (1/2)">
									<conditions>
										<condition number="0" type="jump" coverage="50%"/>
									</conditions>
								</line>
								<line number="202" hits="0" branch="false"/>
								<line number="204" hits="10" branch="false"/>
							</lines>
						</method>
						<method name="createDefaultUrl" signature="(Lorg/apache/struts2/components/UrlProvider;)Ljava/lang/String;" line-rate="1.0" branch-rate="1.0" complexity="0">
							<lines>
								<line number="140" hits="2" branch="false"/>
								<line number="141" hits="2" branch="false"/>
								<line number="142" hits="2" branch="false"/>
							</lines>
						</method>
						<method name="isPortletModeChange" signature="(Lorg/apache/struts2/components/UrlProvider;Ljavax/portlet/PortletMode;)Z" line-rate="1.0" branch-rate="0.75" complexity="0">
							<lines>
								<line number="132" hits="12" branch="true" condition-coverage="100% (2/2)">
									<conditions>
										<condition number="0" type="jump" coverage="100%"/>
									</conditions>
								</line>
								<line number="133" hits="3" branch="false"/>
								<line number="134" hits="3" branch="true" condition-coverage="50% (1/2)">
									<conditions>
										<condition number="0" type="jump" coverage="50%"/>
									</conditions>
								</line>
								<line number="136" hits="9" branch="false"/>
							</lines>
						</method>
						<method name="onlyActionSpecified" signature="(Lorg/apache/struts2/components/UrlProvider;)Z" line-rate="1.0" branch-rate="1.0" complexity="0">
							<lines>
								<line number="151" hits="10" branch="true" condition-coverage="100% (4/4)">
									<conditions>
										<condition number="0" type="jump" coverage="100%"/>
										<condition number="1" type="jump" coverage="100%"/>
									</conditions>
								</line>
							</lines>
						</method>
						<method name="onlyValueSpecified" signature="(Lorg/apache/struts2/components/UrlProvider;)Z" line-rate="1.0" branch-rate="0.75" complexity="0">
							<lines>
								<line number="147" hits="5" branch="true" condition-coverage="75% (3/4)">
									<conditions>
										<condition number="0" type="jump" coverage="100%"/>
										<condition number="1" type="jump" coverage="50%"/>
									</conditions>
								</line>
							</lines>
						</method>
						<method name="renderFormUrl" signature="(Lorg/apache/struts2/components/Form;)V" line-rate="0.0" branch-rate="0.0" complexity="0">
							<lines>
								<line number="158" hits="0" branch="true" condition-coverage="0% (0/2)">
									<conditions>
										<condition number="0" type="jump" coverage="0%"/>
									</conditions>
								</line>
								<line number="159" hits="0" branch="false"/>
								<line number="160" hits="0" branch="false"/>
								<line number="162" hits="0" branch="false"/>
								<line number="165" hits="0" branch="true" condition-coverage="0% (0/2)">
									<conditions>
										<condition number="0" type="jump" coverage="0%"/>
									</conditions>
								</line>
								<line number="166" hits="0" branch="false"/>
								<line number="168" hits="0" branch="false"/>
								<line number="169" hits="0" branch="false"/>
								<line number="172" hits="0" branch="false"/>
								<line number="173" hits="0" branch="true" condition-coverage="0% (0/2)">
									<conditions>
										<condition number="0" type="jump" coverage="0%"/>
									</conditions>
								</line>
								<line number="174" hits="0" branch="true" condition-coverage="0% (0/2)">
									<conditions>
										<condition number="0" type="jump" coverage="0%"/>
									</conditions>
								</line>
								<line number="175" hits="0" branch="false"/>
								<line number="178" hits="0" branch="true" condition-coverage="0% (0/2)">
									<conditions>
										<condition number="0" type="jump" coverage="0%"/>
									</conditions>
								</line>
								<line number="179" hits="0" branch="false"/>
								<line number="181" hits="0" branch="false"/>
								<line number="186" hits="0" branch="false"/>
								<line number="187" hits="0" branch="true" condition-coverage="0% (0/2)">
									<conditions>
										<condition number="0" type="jump" coverage="0%"/>
									</conditions>
								</line>
								<line number="188" hits="0" branch="false"/>
								<line number="189" hits="0" branch="false"/>
								<line number="190" hits="0" branch="true" condition-coverage="0% (0/2)">
									<conditions>
										<condition number="0" type="jump" coverage="0%"/>
									</conditions>
								</line>
								<line number="191" hits="0" branch="false"/>
								<line number="193" hits="0" branch="false"/>
								<line number="195" hits="0" branch="false"/>
								<line number="198" hits="0" branch="false"/>
							</lines>
						</method>
						<method name="renderUrl" signature="(Ljava/io/Writer;Lorg/apache/struts2/components/UrlProvider;)V" line-rate="0.7714285714285715" branch-rate="0.7222222222222222" complexity="0">
							<lines>
								<line number="73" hits="11" branch="true" condition-coverage="50% (1/2)">
									<conditions>
										<condition number="0" type="jump" coverage="50%"/>
									</conditions>
								</line>
								<line number="74" hits="0" branch="false"/>
								<line number="75" hits="0" branch="false"/>
								<line number="78" hits="11" branch="true" condition-coverage="100% (4/4)">
									<conditions>
										<condition number="0" type="jump" coverage="100%"/>
										<condition number="1" type="jump" coverage="100%"/>
									</conditions>
								</line>
								<line number="81" hits="1" branch="false"/>
								<line number="82" hits="1" branch="false"/>
								<line number="83" hits="1" branch="false"/>
								<line number="84" hits="1" branch="true" condition-coverage="50% (1/2)">
									<conditions>
										<condition number="0" type="jump" coverage="50%"/>
									</conditions>
								</line>
								<line number="85" hits="1" branch="false"/>
								<line number="87" hits="1" branch="false"/>
								<line number="88" hits="1" branch="false"/>
								<line number="91" hits="1" branch="false"/>
								<line number="92" hits="10" branch="false"/>
								<line number="93" hits="10" branch="false"/>
								<line number="94" hits="10" branch="true" condition-coverage="100% (2/2)">
									<conditions>
										<condition number="0" type="jump" coverage="100%"/>
									</conditions>
								</line>
								<line number="95" hits="5" branch="true" condition-coverage="50% (1/2)">
									<conditions>
										<condition number="0" type="jump" coverage="50%"/>
									</conditions>
								</line>
								<line number="96" hits="5" branch="false"/>
								<line number="97" hits="5" branch="false"/>
								<line number="99" hits="5" branch="false"/>
								<line number="101" hits="0" branch="false"/>
								<line number="104" hits="5" branch="true" condition-coverage="100% (2/2)">
									<conditions>
										<condition number="0" type="jump" coverage="100%"/>
									</conditions>
								</line>
								<line number="105" hits="3" branch="false"/>
								<line number="107" hits="2" branch="false"/>
								<line number="110" hits="11" branch="false"/>
								<line number="111" hits="11" branch="true" condition-coverage="50% (1/2)">
									<conditions>
										<condition number="0" type="jump" coverage="50%"/>
									</conditions>
								</line>
								<line number="112" hits="0" branch="false"/>
								<line number="115" hits="11" branch="false"/>
								<line number="117" hits="11" branch="true" condition-coverage="50% (1/2)">
									<conditions>
										<condition number="0" type="jump" coverage="50%"/>
									</conditions>
								</line>
								<line number="118" hits="0" branch="false"/>
								<line number="121" hits="0" branch="false"/>
								<line number="124" hits="11" branch="false"/>
								<line number="125" hits="0" branch="false"/>
								<line number="126" hits="0" branch="false"/>
								<line number="127" hits="11" branch="false"/>
								<line number="129" hits="11" branch="false"/>
							</lines>
						</method>
						<method name="setActionMapper" signature="(Lorg/apache/struts2/dispatcher/mapper/ActionMapper;)V" line-rate="1.0" branch-rate="1.0" complexity="0">
							<lines>
								<line number="61" hits="10" branch="false"/>
								<line number="62" hits="10" branch="false"/>
							</lines>
						</method>
						<method name="setUrlHelper" signature="(Lorg/apache/struts2/views/util/UrlHelper;)V" line-rate="1.0" branch-rate="1.0" complexity="0">
							<lines>
								<line number="66" hits="10" branch="false"/>
								<line number="67" hits="10" branch="false"/>
							</lines>
						</method>
					</methods>
					<lines>
						<line number="46" hits="12" branch="false"/>
						<line number="47" hits="12" branch="false"/>
						<line number="49" hits="12" branch="false"/>
						<line number="50" hits="12" branch="false"/>
						<line number="52" hits="12" branch="true" condition-coverage="100% (2/2)">
							<conditions>
								<condition number="0" type="jump" coverage="100%"/>
							</conditions>
						</line>
						<line number="53" hits="2" branch="false"/>
						<line number="55" hits="10" branch="false"/>
						<line number="57" hits="12" branch="false"/>
						<line number="61" hits="10" branch="false"/>
						<line number="62" hits="10" branch="false"/>
						<line number="66" hits="10" branch="false"/>
						<line number="67" hits="10" branch="false"/>
						<line number="73" hits="11" branch="true" condition-coverage="50% (1/2)">
							<conditions>
								<condition number="0" type="jump" coverage="50%"/>
							</conditions>
						</line>
						<line number="74" hits="0" branch="false"/>
						<line number="75" hits="0" branch="false"/>
						<line number="78" hits="11" branch="true" condition-coverage="100% (4/4)">
							<conditions>
								<condition number="0" type="jump" coverage="100%"/>
								<condition number="1" type="jump" coverage="100%"/>
							</conditions>
						</line>
						<line number="81" hits="1" branch="false"/>
						<line number="82" hits="1" branch="false"/>
						<line number="83" hits="1" branch="false"/>
						<line number="84" hits="1" branch="true" condition-coverage="50% (1/2)">
							<conditions>
								<condition number="0" type="jump" coverage="50%"/>
							</conditions>
						</line>
						<line number="85" hits="1" branch="false"/>
						<line number="87" hits="1" branch="false"/>
						<line number="88" hits="1" branch="false"/>
						<line number="91" hits="1" branch="false"/>
						<line number="92" hits="10" branch="false"/>
						<line number="93" hits="10" branch="false"/>
						<line number="94" hits="10" branch="true" condition-coverage="100% (2/2)">
							<conditions>
								<condition number="0" type="jump" coverage="100%"/>
							</conditions>
						</line>
						<line number="95" hits="5" branch="true" condition-coverage="50% (1/2)">
							<conditions>
								<condition number="0" type="jump" coverage="50%"/>
							</conditions>
						</line>
						<line number="96" hits="5" branch="false"/>
						<line number="97" hits="5" branch="false"/>
						<line number="99" hits="5" branch="false"/>
						<line number="101" hits="0" branch="false"/>
						<line number="104" hits="5" branch="true" condition-coverage="100% (2/2)">
							<conditions>
								<condition number="0" type="jump" coverage="100%"/>
							</conditions>
						</line>
						<line number="105" hits="3" branch="false"/>
						<line number="107" hits="2" branch="false"/>
						<line number="110" hits="11" branch="false"/>
						<line number="111" hits="11" branch="true" condition-coverage="50% (1/2)">
							<conditions>
								<condition number="0" type="jump" coverage="50%"/>
							</conditions>
						</line>
						<line number="112" hits="0" branch="false"/>
						<line number="115" hits="11" branch="false"/>
						<line number="117" hits="11" branch="true" condition-coverage="50% (1/2)">
							<conditions>
								<condition number="0" type="jump" coverage="50%"/>
							</conditions>
						</line>
						<line number="118" hits="0" branch="false"/>
						<line number="121" hits="0" branch="false"/>
						<line number="124" hits="11" branch="false"/>
						<line number="125" hits="0" branch="false"/>
						<line number="126" hits="0" branch="false"/>
						<line number="127" hits="11" branch="false"/>
						<line number="129" hits="11" branch="false"/>
						<line number="132" hits="12" branch="true" condition-coverage="100% (2/2)">
							<conditions>
								<condition number="0" type="jump" coverage="100%"/>
							</conditions>
						</line>
						<line number="133" hits="3" branch="false"/>
						<line number="134" hits="3" branch="true" condition-coverage="50% (1/2)">
							<conditions>
								<condition number="0" type="jump" coverage="50%"/>
							</conditions>
						</line>
						<line number="136" hits="9" branch="false"/>
						<line number="140" hits="2" branch="false"/>
						<line number="141" hits="2" branch="false"/>
						<line number="142" hits="2" branch="false"/>
						<line number="147" hits="5" branch="true" condition-coverage="75% (3/4)">
							<conditions>
								<condition number="0" type="jump" coverage="100%"/>
								<condition number="1" type="jump" coverage="50%"/>
							</conditions>
						</line>
						<line number="151" hits="10" branch="true" condition-coverage="100% (4/4)">
							<conditions>
								<condition number="0" type="jump" coverage="100%"/>
								<condition number="1" type="jump" coverage="100%"/>
							</conditions>
						</line>
						<line number="158" hits="0" branch="true" condition-coverage="0% (0/2)">
							<conditions>
								<condition number="0" type="jump" coverage="0%"/>
							</conditions>
						</line>
						<line number="159" hits="0" branch="false"/>
						<line number="160" hits="0" branch="false"/>
						<line number="162" hits="0" branch="false"/>
						<line number="165" hits="0" branch="true" condition-coverage="0% (0/2)">
							<conditions>
								<condition number="0" type="jump" coverage="0%"/>
							</conditions>
						</line>
						<line number="166" hits="0" branch="false"/>
						<line number="168" hits="0" branch="false"/>
						<line number="169" hits="0" branch="false"/>
						<line number="172" hits="0" branch="false"/>
						<line number="173" hits="0" branch="true" condition-coverage="0% (0/2)">
							<conditions>
								<condition number="0" type="jump" coverage="0%"/>
							</conditions>
						</line>
						<line number="174" hits="0" branch="true" condition-coverage="0% (0/2)">
							<conditions>
								<condition number="0" type="jump" coverage="0%"/>
							</conditions>
						</line>
						<line number="175" hits="0" branch="false"/>
						<line number="178" hits="0" branch="true" condition-coverage="0% (0/2)">
							<conditions>
								<condition number="0" type="jump" coverage="0%"/>
							</conditions>
						</line>
						<line number="179" hits="0" branch="false"/>
						<line number="181" hits="0" branch="false"/>
						<line number="186" hits="0" branch="false"/>
						<line number="187" hits="0" branch="true" condition-coverage="0% (0/2)">
							<conditions>
								<condition number="0" type="jump" coverage="0%"/>
							</conditions>
						</line>
						<line number="188" hits="0" branch="false"/>
						<line number="189" hits="0" branch="false"/>
						<line number="190" hits="0" branch="true" condition-coverage="0% (0/2)">
							<conditions>
								<condition number="0" type="jump" coverage="0%"/>
							</conditions>
						</line>
						<line number="191" hits="0" branch="false"/>
						<line number="193" hits="0" branch="false"/>
						<line number="195" hits="0" branch="false"/>
						<line number="198" hits="0" branch="false"/>
						<line number="201" hits="10" branch="true" condition-coverage="50% (1/2)">
							<conditions>
								<condition number="0" type="jump" coverage="50%"/>
							</conditions>
						</line>
						<line number="202" hits="0" branch="false"/>
						<line number="204" hits="10" branch="false"/>
					</lines>
				</class>
			</classes>
		</package>
		<package name="org.apache.struts2.portlet" line-rate="0.85625" branch-rate="0.34523809523809523" complexity="1.7142857142857142">
			<classes>
				<class name="org.apache.struts2.portlet.PortletApplicationMap" filename="org/apache/struts2/portlet/PortletApplicationMap.java" line-rate="0.9696969696969697" branch-rate="1.0" complexity="1.9375">
					<methods>
						<method name="&lt;init&gt;" signature="(Ljavax/portlet/PortletContext;)V" line-rate="1.0" branch-rate="1.0" complexity="0">
							<lines>
								<line number="47" hits="12" branch="false"/>
								<line number="48" hits="12" branch="false"/>
								<line number="49" hits="12" branch="false"/>
							</lines>
						</method>
						<method name="access$000" signature="(Lorg/apache/struts2/portlet/PortletApplicationMap;)Ljavax/portlet/PortletContext;" line-rate="0.0" branch-rate="1.0" complexity="0">
							<lines>
								<line number="34" hits="0" branch="false"/>
							</lines>
						</method>
						<method name="clear" signature="()V" line-rate="1.0" branch-rate="1.0" complexity="0">
							<lines>
								<line number="56" hits="1" branch="false"/>
								<line number="58" hits="1" branch="false"/>
								<line number="60" hits="3" branch="true" condition-coverage="100% (2/2)">
									<conditions>
										<condition number="0" type="jump" coverage="100%"/>
									</conditions>
								</line>
								<line number="61" hits="2" branch="false"/>
								<line number="63" hits="1" branch="false"/>
							</lines>
						</method>
						<method name="entrySet" signature="()Ljava/util/Set;" line-rate="1.0" branch-rate="1.0" complexity="0">
							<lines>
								<line number="73" hits="5" branch="true" condition-coverage="100% (2/2)">
									<conditions>
										<condition number="0" type="jump" coverage="100%"/>
									</conditions>
								</line>
								<line number="74" hits="1" branch="false"/>
								<line number="77" hits="1" branch="false"/>
								<line number="79" hits="3" branch="true" condition-coverage="100% (2/2)">
									<conditions>
										<condition number="0" type="jump" coverage="100%"/>
									</conditions>
								</line>
								<line number="80" hits="2" branch="false"/>
								<line number="81" hits="2" branch="false"/>
								<line number="82" hits="2" branch="false"/>
								<line number="111" hits="2" branch="false"/>
								<line number="114" hits="1" branch="false"/>
								<line number="116" hits="2" branch="true" condition-coverage="100% (2/2)">
									<conditions>
										<condition number="0" type="jump" coverage="100%"/>
									</conditions>
								</line>
								<line number="117" hits="1" branch="false"/>
								<line number="118" hits="1" branch="false"/>
								<line number="119" hits="1" branch="false"/>
								<line number="148" hits="1" branch="false"/>
								<line number="151" hits="5" branch="false"/>
							</lines>
						</method>
						<method name="get" signature="(Ljava/lang/String;)Ljava/lang/Object;" line-rate="1.0" branch-rate="1.0" complexity="0">
							<lines>
								<line number="166" hits="7" branch="false"/>
								<line number="168" hits="7" branch="true" condition-coverage="100% (2/2)">
									<conditions>
										<condition number="0" type="jump" coverage="100%"/>
									</conditions>
								</line>
							</lines>
						</method>
						<method name="put" signature="(Ljava/lang/Object;Ljava/lang/Object;)Ljava/lang/Object;" line-rate="1.0" branch-rate="1.0" complexity="0">
							<lines>
							</lines>
						</method>
						<method name="put" signature="(Ljava/lang/String;Ljava/lang/Object;)Ljava/lang/Object;" line-rate="1.0" branch-rate="1.0" complexity="0">
							<lines>
								<line number="181" hits="1" branch="false"/>
								<line number="182" hits="1" branch="false"/>
								<line number="184" hits="1" branch="false"/>
							</lines>
						</method>
						<method name="remove" signature="(Ljava/lang/String;)Ljava/lang/Object;" line-rate="1.0" branch-rate="1.0" complexity="0">
							<lines>
								<line number="195" hits="1" branch="false"/>
								<line number="197" hits="1" branch="false"/>
								<line number="198" hits="1" branch="false"/>
								<line number="200" hits="1" branch="false"/>
							</lines>
						</method>
					</methods>
					<lines>
						<line number="34" hits="0" branch="false"/>
						<line number="47" hits="12" branch="false"/>
						<line number="48" hits="12" branch="false"/>
						<line number="49" hits="12" branch="false"/>
						<line number="56" hits="1" branch="false"/>
						<line number="58" hits="1" branch="false"/>
						<line number="60" hits="3" branch="true" condition-coverage="100% (2/2)">
							<conditions>
								<condition number="0" type="jump" coverage="100%"/>
							</conditions>
						</line>
						<line number="61" hits="2" branch="false"/>
						<line number="63" hits="1" branch="false"/>
						<line number="73" hits="5" branch="true" condition-coverage="100% (2/2)">
							<conditions>
								<condition number="0" type="jump" coverage="100%"/>
							</conditions>
						</line>
						<line number="74" hits="1" branch="false"/>
						<line number="77" hits="1" branch="false"/>
						<line number="79" hits="3" branch="true" condition-coverage="100% (2/2)">
							<conditions>
								<condition number="0" type="jump" coverage="100%"/>
							</conditions>
						</line>
						<line number="80" hits="2" branch="false"/>
						<line number="81" hits="2" branch="false"/>
						<line number="82" hits="2" branch="false"/>
						<line number="111" hits="2" branch="false"/>
						<line number="114" hits="1" branch="false"/>
						<line number="116" hits="2" branch="true" condition-coverage="100% (2/2)">
							<conditions>
								<condition number="0" type="jump" coverage="100%"/>
							</conditions>
						</line>
						<line number="117" hits="1" branch="false"/>
						<line number="118" hits="1" branch="false"/>
						<line number="119" hits="1" branch="false"/>
						<line number="148" hits="1" branch="false"/>
						<line number="151" hits="5" branch="false"/>
						<line number="166" hits="7" branch="false"/>
						<line number="168" hits="7" branch="true" condition-coverage="100% (2/2)">
							<conditions>
								<condition number="0" type="jump" coverage="100%"/>
							</conditions>
						</line>
						<line number="181" hits="1" branch="false"/>
						<line number="182" hits="1" branch="false"/>
						<line number="184" hits="1" branch="false"/>
						<line number="195" hits="1" branch="false"/>
						<line number="197" hits="1" branch="false"/>
						<line number="198" hits="1" branch="false"/>
						<line number="200" hits="1" branch="false"/>
					</lines>
				</class>
				<class name="org.apache.struts2.portlet.PortletApplicationMap$1" filename="org/apache/struts2/portlet/PortletApplicationMap.java" line-rate="0.625" branch-rate="0.25" complexity="1.9375">
					<methods>
						<method name="&lt;init&gt;" signature="(Lorg/apache/struts2/portlet/PortletApplicationMap;Ljava/lang/String;Ljava/lang/Object;)V" line-rate="1.0" branch-rate="1.0" complexity="0">
							<lines>
							</lines>
						</method>
						<method name="equals" signature="(Ljava/lang/Object;)Z" line-rate="1.0" branch-rate="0.16666666666666666" complexity="0">
							<lines>
								<line number="84" hits="1" branch="false"/>
								<line number="86" hits="1" branch="true" condition-coverage="16% (2/12)">
									<conditions>
										<condition number="0" type="jump" coverage="50%"/>
										<condition number="1" type="jump" coverage="0%"/>
										<condition number="2" type="jump" coverage="50%"/>
										<condition number="3" type="jump" coverage="0%"/>
										<condition number="4" type="jump" coverage="0%"/>
										<condition number="5" type="jump" coverage="0%"/>
									</conditions>
								</line>
							</lines>
						</method>
						<method name="getKey" signature="()Ljava/lang/Object;" line-rate="1.0" branch-rate="1.0" complexity="0">
							<lines>
								<line number="82" hits="10" branch="false"/>
							</lines>
						</method>
						<method name="getKey" signature="()Ljava/lang/String;" line-rate="1.0" branch-rate="1.0" complexity="0">
							<lines>
								<line number="98" hits="8" branch="false"/>
							</lines>
						</method>
						<method name="getValue" signature="()Ljava/lang/Object;" line-rate="0.0" branch-rate="1.0" complexity="0">
							<lines>
								<line number="102" hits="0" branch="false"/>
							</lines>
						</method>
						<method name="hashCode" signature="()I" line-rate="1.0" branch-rate="0.5" complexity="0">
							<lines>
								<line number="93" hits="2" branch="true" condition-coverage="50% (2/4)">
									<conditions>
										<condition number="0" type="jump" coverage="50%"/>
										<condition number="1" type="jump" coverage="50%"/>
									</conditions>
								</line>
							</lines>
						</method>
						<method name="setValue" signature="(Ljava/lang/Object;)Ljava/lang/Object;" line-rate="0.0" branch-rate="1.0" complexity="0">
							<lines>
								<line number="106" hits="0" branch="false"/>
								<line number="108" hits="0" branch="false"/>
							</lines>
						</method>
					</methods>
					<lines>
						<line number="82" hits="10" branch="false"/>
						<line number="84" hits="1" branch="false"/>
						<line number="86" hits="1" branch="true" condition-coverage="16% (2/12)">
							<conditions>
								<condition number="0" type="jump" coverage="50%"/>
								<condition number="1" type="jump" coverage="0%"/>
								<condition number="2" type="jump" coverage="50%"/>
								<condition number="3" type="jump" coverage="0%"/>
								<condition number="4" type="jump" coverage="0%"/>
								<condition number="5" type="jump" coverage="0%"/>
							</conditions>
						</line>
						<line number="93" hits="2" branch="true" condition-coverage="50% (2/4)">
							<conditions>
								<condition number="0" type="jump" coverage="50%"/>
								<condition number="1" type="jump" coverage="50%"/>
							</conditions>
						</line>
						<line number="98" hits="8" branch="false"/>
						<line number="102" hits="0" branch="false"/>
						<line number="106" hits="0" branch="false"/>
						<line number="108" hits="0" branch="false"/>
					</lines>
				</class>
				<class name="org.apache.struts2.portlet.PortletApplicationMap$2" filename="org/apache/struts2/portlet/PortletApplicationMap.java" line-rate="0.375" branch-rate="0.125" complexity="1.9375">
					<methods>
						<method name="&lt;init&gt;" signature="(Lorg/apache/struts2/portlet/PortletApplicationMap;Ljava/lang/String;Ljava/lang/Object;)V" line-rate="1.0" branch-rate="1.0" complexity="0">
							<lines>
							</lines>
						</method>
						<method name="equals" signature="(Ljava/lang/Object;)Z" line-rate="0.0" branch-rate="0.0" complexity="0">
							<lines>
								<line number="121" hits="0" branch="false"/>
								<line number="123" hits="0" branch="true" condition-coverage="0% (0/12)">
									<conditions>
										<condition number="0" type="jump" coverage="0%"/>
										<condition number="1" type="jump" coverage="0%"/>
										<condition number="2" type="jump" coverage="0%"/>
										<condition number="3" type="jump" coverage="0%"/>
										<condition number="4" type="jump" coverage="0%"/>
										<condition number="5" type="jump" coverage="0%"/>
									</conditions>
								</line>
							</lines>
						</method>
						<method name="getKey" signature="()Ljava/lang/Object;" line-rate="1.0" branch-rate="1.0" complexity="0">
							<lines>
								<line number="119" hits="3" branch="false"/>
							</lines>
						</method>
						<method name="getKey" signature="()Ljava/lang/String;" line-rate="1.0" branch-rate="1.0" complexity="0">
							<lines>
								<line number="135" hits="2" branch="false"/>
							</lines>
						</method>
						<method name="getValue" signature="()Ljava/lang/Object;" line-rate="0.0" branch-rate="1.0" complexity="0">
							<lines>
								<line number="139" hits="0" branch="false"/>
							</lines>
						</method>
						<method name="hashCode" signature="()I" line-rate="1.0" branch-rate="0.5" complexity="0">
							<lines>
								<line number="130" hits="1" branch="true" condition-coverage="50% (2/4)">
									<conditions>
										<condition number="0" type="jump" coverage="50%"/>
										<condition number="1" type="jump" coverage="50%"/>
									</conditions>
								</line>
							</lines>
						</method>
						<method name="setValue" signature="(Ljava/lang/Object;)Ljava/lang/Object;" line-rate="0.0" branch-rate="1.0" complexity="0">
							<lines>
								<line number="143" hits="0" branch="false"/>
								<line number="145" hits="0" branch="false"/>
							</lines>
						</method>
					</methods>
					<lines>
						<line number="119" hits="3" branch="false"/>
						<line number="121" hits="0" branch="false"/>
						<line number="123" hits="0" branch="true" condition-coverage="0% (0/12)">
							<conditions>
								<condition number="0" type="jump" coverage="0%"/>
								<condition number="1" type="jump" coverage="0%"/>
								<condition number="2" type="jump" coverage="0%"/>
								<condition number="3" type="jump" coverage="0%"/>
								<condition number="4" type="jump" coverage="0%"/>
								<condition number="5" type="jump" coverage="0%"/>
							</conditions>
						</line>
						<line number="130" hits="1" branch="true" condition-coverage="50% (2/4)">
							<conditions>
								<condition number="0" type="jump" coverage="50%"/>
								<condition number="1" type="jump" coverage="50%"/>
							</conditions>
						</line>
						<line number="135" hits="2" branch="false"/>
						<line number="139" hits="0" branch="false"/>
						<line number="143" hits="0" branch="false"/>
						<line number="145" hits="0" branch="false"/>
					</lines>
				</class>
				<class name="org.apache.struts2.portlet.PortletConstants" filename="org/apache/struts2/portlet/PortletConstants.java" line-rate="0.9523809523809523" branch-rate="1.0" complexity="0.0">
					<methods>
						<method name="&lt;clinit&gt;" signature="()V" line-rate="1.0" branch-rate="1.0" complexity="0">
							<lines>
								<line number="29" hits="1" branch="false"/>
								<line number="34" hits="1" branch="false"/>
								<line number="39" hits="1" branch="false"/>
								<line number="44" hits="1" branch="false"/>
								<line number="50" hits="1" branch="false"/>
								<line number="56" hits="1" branch="false"/>
								<line number="61" hits="1" branch="false"/>
								<line number="67" hits="1" branch="false"/>
								<line number="72" hits="1" branch="false"/>
								<line number="78" hits="1" branch="false"/>
								<line number="84" hits="1" branch="false"/>
								<line number="90" hits="1" branch="false"/>
								<line number="96" hits="1" branch="false"/>
								<line number="101" hits="1" branch="false"/>
								<line number="106" hits="1" branch="false"/>
								<line number="111" hits="1" branch="false"/>
								<line number="116" hits="1" branch="false"/>
								<line number="121" hits="1" branch="false"/>
								<line number="126" hits="1" branch="false"/>
								<line number="131" hits="1" branch="false"/>
							</lines>
						</method>
						<method name="&lt;init&gt;" signature="()V" line-rate="0.0" branch-rate="1.0" complexity="0">
							<lines>
								<line number="24" hits="0" branch="false"/>
							</lines>
						</method>
					</methods>
					<lines>
						<line number="24" hits="0" branch="false"/>
						<line number="29" hits="1" branch="false"/>
						<line number="34" hits="1" branch="false"/>
						<line number="39" hits="1" branch="false"/>
						<line number="44" hits="1" branch="false"/>
						<line number="50" hits="1" branch="false"/>
						<line number="56" hits="1" branch="false"/>
						<line number="61" hits="1" branch="false"/>
						<line number="67" hits="1" branch="false"/>
						<line number="72" hits="1" branch="false"/>
						<line number="78" hits="1" branch="false"/>
						<line number="84" hits="1" branch="false"/>
						<line number="90" hits="1" branch="false"/>
						<line number="96" hits="1" branch="false"/>
						<line number="101" hits="1" branch="false"/>
						<line number="106" hits="1" branch="false"/>
						<line number="111" hits="1" branch="false"/>
						<line number="116" hits="1" branch="false"/>
						<line number="121" hits="1" branch="false"/>
						<line number="126" hits="1" branch="false"/>
						<line number="131" hits="1" branch="false"/>
					</lines>
				</class>
				<class name="org.apache.struts2.portlet.PortletPhase" filename="org/apache/struts2/portlet/PortletPhase.java" line-rate="1.0" branch-rate="1.0" complexity="1.0">
					<methods>
						<method name="&lt;clinit&gt;" signature="()V" line-rate="1.0" branch-rate="1.0" complexity="0">
							<lines>
								<line number="24" hits="5" branch="false"/>
								<line number="30" hits="1" branch="false"/>
								<line number="36" hits="1" branch="false"/>
								<line number="41" hits="1" branch="false"/>
								<line number="46" hits="1" branch="false"/>
							</lines>
						</method>
						<method name="&lt;init&gt;" signature="(Ljava/lang/String;I)V" line-rate="1.0" branch-rate="1.0" complexity="0">
							<lines>
							</lines>
						</method>
						<method name="isAction" signature="()Z" line-rate="1.0" branch-rate="1.0" complexity="0">
							<lines>
								<line number="53" hits="17" branch="false"/>
							</lines>
						</method>
						<method name="isEvent" signature="()Z" line-rate="1.0" branch-rate="1.0" complexity="0">
							<lines>
								<line number="57" hits="3" branch="false"/>
							</lines>
						</method>
						<method name="isRender" signature="()Z" line-rate="1.0" branch-rate="1.0" complexity="0">
							<lines>
								<line number="49" hits="29" branch="false"/>
							</lines>
						</method>
						<method name="isResource" signature="()Z" line-rate="1.0" branch-rate="1.0" complexity="0">
							<lines>
								<line number="61" hits="3" branch="false"/>
							</lines>
						</method>
						<method name="valueOf" signature="(Ljava/lang/String;)Lorg/apache/struts2/portlet/PortletPhase;" line-rate="1.0" branch-rate="1.0" complexity="0">
							<lines>
							</lines>
						</method>
						<method name="values" signature="()[Lorg/apache/struts2/portlet/PortletPhase;" line-rate="1.0" branch-rate="1.0" complexity="0">
							<lines>
							</lines>
						</method>
					</methods>
					<lines>
						<line number="24" hits="5" branch="false"/>
						<line number="30" hits="1" branch="false"/>
						<line number="36" hits="1" branch="false"/>
						<line number="41" hits="1" branch="false"/>
						<line number="46" hits="1" branch="false"/>
						<line number="49" hits="29" branch="false"/>
						<line number="53" hits="17" branch="false"/>
						<line number="57" hits="3" branch="false"/>
						<line number="61" hits="3" branch="false"/>
					</lines>
				</class>
				<class name="org.apache.struts2.portlet.PortletRequestMap" filename="org/apache/struts2/portlet/PortletRequestMap.java" line-rate="0.9666666666666667" branch-rate="0.8333333333333334" complexity="1.7272727272727273">
					<methods>
						<method name="&lt;init&gt;" signature="(Ljavax/portlet/PortletRequest;)V" line-rate="1.0" branch-rate="1.0" complexity="0">
							<lines>
								<line number="33" hits="11" branch="false"/>
								<line number="34" hits="11" branch="false"/>
								<line number="41" hits="11" branch="false"/>
								<line number="42" hits="11" branch="false"/>
								<line number="43" hits="11" branch="false"/>
							</lines>
						</method>
						<method name="access$000" signature="(Lorg/apache/struts2/portlet/PortletRequestMap;)Ljavax/portlet/PortletRequest;" line-rate="0.0" branch-rate="1.0" complexity="0">
							<lines>
								<line number="31" hits="0" branch="false"/>
							</lines>
						</method>
						<method name="clear" signature="()V" line-rate="1.0" branch-rate="1.0" complexity="0">
							<lines>
								<line number="50" hits="1" branch="false"/>
								<line number="51" hits="1" branch="false"/>
								<line number="53" hits="4" branch="true" condition-coverage="100% (2/2)">
									<conditions>
										<condition number="0" type="jump" coverage="100%"/>
									</conditions>
								</line>
								<line number="54" hits="3" branch="false"/>
								<line number="55" hits="3" branch="false"/>
								<line number="56" hits="3" branch="false"/>
								<line number="57" hits="1" branch="false"/>
							</lines>
						</method>
						<method name="entrySet" signature="()Ljava/util/Set;" line-rate="1.0" branch-rate="0.75" complexity="0">
							<lines>
								<line number="65" hits="1" branch="true" condition-coverage="50% (1/2)">
									<conditions>
										<condition number="0" type="jump" coverage="50%"/>
									</conditions>
								</line>
								<line number="66" hits="1" branch="false"/>
								<line number="68" hits="1" branch="false"/>
								<line number="70" hits="4" branch="true" condition-coverage="100% (2/2)">
									<conditions>
										<condition number="0" type="jump" coverage="100%"/>
									</conditions>
								</line>
								<line number="71" hits="3" branch="false"/>
								<line number="72" hits="3" branch="false"/>
								<line number="73" hits="3" branch="false"/>
								<line number="102" hits="3" branch="false"/>
								<line number="105" hits="1" branch="false"/>
							</lines>
						</method>
						<method name="get" signature="(Ljava/lang/Object;)Ljava/lang/Object;" line-rate="1.0" branch-rate="1.0" complexity="0">
							<lines>
								<line number="116" hits="3" branch="false"/>
							</lines>
						</method>
						<method name="put" signature="(Ljava/lang/Object;Ljava/lang/Object;)Ljava/lang/Object;" line-rate="1.0" branch-rate="1.0" complexity="0">
							<lines>
							</lines>
						</method>
						<method name="put" signature="(Ljava/lang/String;Ljava/lang/Object;)Ljava/lang/Object;" line-rate="1.0" branch-rate="1.0" complexity="0">
							<lines>
								<line number="127" hits="1" branch="false"/>
								<line number="128" hits="1" branch="false"/>
								<line number="130" hits="1" branch="false"/>
							</lines>
						</method>
						<method name="remove" signature="(Ljava/lang/Object;)Ljava/lang/Object;" line-rate="1.0" branch-rate="1.0" complexity="0">
							<lines>
								<line number="141" hits="1" branch="false"/>
								<line number="143" hits="1" branch="false"/>
								<line number="144" hits="1" branch="false"/>
								<line number="146" hits="1" branch="false"/>
							</lines>
						</method>
					</methods>
					<lines>
						<line number="31" hits="0" branch="false"/>
						<line number="33" hits="11" branch="false"/>
						<line number="34" hits="11" branch="false"/>
						<line number="41" hits="11" branch="false"/>
						<line number="42" hits="11" branch="false"/>
						<line number="43" hits="11" branch="false"/>
						<line number="50" hits="1" branch="false"/>
						<line number="51" hits="1" branch="false"/>
						<line number="53" hits="4" branch="true" condition-coverage="100% (2/2)">
							<conditions>
								<condition number="0" type="jump" coverage="100%"/>
							</conditions>
						</line>
						<line number="54" hits="3" branch="false"/>
						<line number="55" hits="3" branch="false"/>
						<line number="56" hits="3" branch="false"/>
						<line number="57" hits="1" branch="false"/>
						<line number="65" hits="1" branch="true" condition-coverage="50% (1/2)">
							<conditions>
								<condition number="0" type="jump" coverage="50%"/>
							</conditions>
						</line>
						<line number="66" hits="1" branch="false"/>
						<line number="68" hits="1" branch="false"/>
						<line number="70" hits="4" branch="true" condition-coverage="100% (2/2)">
							<conditions>
								<condition number="0" type="jump" coverage="100%"/>
							</conditions>
						</line>
						<line number="71" hits="3" branch="false"/>
						<line number="72" hits="3" branch="false"/>
						<line number="73" hits="3" branch="false"/>
						<line number="102" hits="3" branch="false"/>
						<line number="105" hits="1" branch="false"/>
						<line number="116" hits="3" branch="false"/>
						<line number="127" hits="1" branch="false"/>
						<line number="128" hits="1" branch="false"/>
						<line number="130" hits="1" branch="false"/>
						<line number="141" hits="1" branch="false"/>
						<line number="143" hits="1" branch="false"/>
						<line number="144" hits="1" branch="false"/>
						<line number="146" hits="1" branch="false"/>
					</lines>
				</class>
				<class name="org.apache.struts2.portlet.PortletRequestMap$1" filename="org/apache/struts2/portlet/PortletRequestMap.java" line-rate="0.5" branch-rate="0.1875" complexity="1.7272727272727273">
					<methods>
						<method name="&lt;init&gt;" signature="(Lorg/apache/struts2/portlet/PortletRequestMap;Ljava/lang/String;Ljava/lang/Object;)V" line-rate="1.0" branch-rate="1.0" complexity="0">
							<lines>
							</lines>
						</method>
						<method name="equals" signature="(Ljava/lang/Object;)Z" line-rate="0.0" branch-rate="0.0" complexity="0">
							<lines>
								<line number="75" hits="0" branch="false"/>
								<line number="77" hits="0" branch="true" condition-coverage="0% (0/12)">
									<conditions>
										<condition number="0" type="jump" coverage="0%"/>
										<condition number="1" type="jump" coverage="0%"/>
										<condition number="2" type="jump" coverage="0%"/>
										<condition number="3" type="jump" coverage="0%"/>
										<condition number="4" type="jump" coverage="0%"/>
										<condition number="5" type="jump" coverage="0%"/>
									</conditions>
								</line>
							</lines>
						</method>
						<method name="getKey" signature="()Ljava/lang/Object;" line-rate="1.0" branch-rate="1.0" complexity="0">
							<lines>
								<line number="73" hits="9" branch="false"/>
							</lines>
						</method>
						<method name="getKey" signature="()Ljava/lang/String;" line-rate="1.0" branch-rate="1.0" complexity="0">
							<lines>
								<line number="89" hits="6" branch="false"/>
							</lines>
						</method>
						<method name="getValue" signature="()Ljava/lang/Object;" line-rate="1.0" branch-rate="1.0" complexity="0">
							<lines>
								<line number="93" hits="3" branch="false"/>
							</lines>
						</method>
						<method name="hashCode" signature="()I" line-rate="1.0" branch-rate="0.75" complexity="0">
							<lines>
								<line number="84" hits="3" branch="true" condition-coverage="75% (3/4)">
									<conditions>
										<condition number="0" type="jump" coverage="50%"/>
										<condition number="1" type="jump" coverage="100%"/>
									</conditions>
								</line>
							</lines>
						</method>
						<method name="setValue" signature="(Ljava/lang/Object;)Ljava/lang/Object;" line-rate="0.0" branch-rate="1.0" complexity="0">
							<lines>
								<line number="97" hits="0" branch="false"/>
								<line number="99" hits="0" branch="false"/>
							</lines>
						</method>
					</methods>
					<lines>
						<line number="73" hits="9" branch="false"/>
						<line number="75" hits="0" branch="false"/>
						<line number="77" hits="0" branch="true" condition-coverage="0% (0/12)">
							<conditions>
								<condition number="0" type="jump" coverage="0%"/>
								<condition number="1" type="jump" coverage="0%"/>
								<condition number="2" type="jump" coverage="0%"/>
								<condition number="3" type="jump" coverage="0%"/>
								<condition number="4" type="jump" coverage="0%"/>
								<condition number="5" type="jump" coverage="0%"/>
							</conditions>
						</line>
						<line number="84" hits="3" branch="true" condition-coverage="75% (3/4)">
							<conditions>
								<condition number="0" type="jump" coverage="50%"/>
								<condition number="1" type="jump" coverage="100%"/>
							</conditions>
						</line>
						<line number="89" hits="6" branch="false"/>
						<line number="93" hits="3" branch="false"/>
						<line number="97" hits="0" branch="false"/>
						<line number="99" hits="0" branch="false"/>
					</lines>
				</class>
				<class name="org.apache.struts2.portlet.PortletSessionMap" filename="org/apache/struts2/portlet/PortletSessionMap.java" line-rate="0.8857142857142857" branch-rate="0.75" complexity="1.6363636363636365">
					<methods>
						<method name="&lt;init&gt;" signature="(Ljavax/portlet/PortletRequest;)V" line-rate="1.0" branch-rate="1.0" complexity="0">
							<lines>
								<line number="38" hits="11" branch="false"/>
								<line number="45" hits="11" branch="false"/>
								<line number="46" hits="11" branch="false"/>
								<line number="47" hits="11" branch="false"/>
							</lines>
						</method>
						<method name="access$000" signature="(Lorg/apache/struts2/portlet/PortletSessionMap;)Ljavax/portlet/PortletSession;" line-rate="0.0" branch-rate="1.0" complexity="0">
							<lines>
								<line number="35" hits="0" branch="false"/>
							</lines>
						</method>
						<method name="clear" signature="()V" line-rate="1.0" branch-rate="1.0" complexity="0">
							<lines>
								<line number="131" hits="1" branch="false"/>
								<line number="132" hits="1" branch="false"/>
								<line number="133" hits="1" branch="false"/>
								<line number="134" hits="1" branch="false"/>
								<line number="135" hits="1" branch="false"/>
							</lines>
						</method>
						<method name="entrySet" signature="()Ljava/util/Set;" line-rate="1.0" branch-rate="0.75" complexity="0">
							<lines>
								<line number="53" hits="1" branch="false"/>
								<line number="54" hits="1" branch="true" condition-coverage="50% (1/2)">
									<conditions>
										<condition number="0" type="jump" coverage="50%"/>
									</conditions>
								</line>
								<line number="55" hits="1" branch="false"/>
								<line number="57" hits="1" branch="false"/>
								<line number="59" hits="3" branch="true" condition-coverage="100% (2/2)">
									<conditions>
										<condition number="0" type="jump" coverage="100%"/>
									</conditions>
								</line>
								<line number="60" hits="2" branch="false"/>
								<line number="61" hits="2" branch="false"/>
								<line number="62" hits="2" branch="false"/>
								<line number="91" hits="2" branch="false"/>
								<line number="93" hits="1" branch="false"/>
								<line number="95" hits="1" branch="false"/>
							</lines>
						</method>
						<method name="get" signature="(Ljava/lang/Object;)Ljava/lang/Object;" line-rate="0.6666666666666666" branch-rate="1.0" complexity="0">
							<lines>
								<line number="106" hits="5" branch="false"/>
								<line number="107" hits="5" branch="false"/>
								<line number="108" hits="0" branch="false"/>
							</lines>
						</method>
						<method name="put" signature="(Ljava/lang/Object;Ljava/lang/Object;)Ljava/lang/Object;" line-rate="1.0" branch-rate="1.0" complexity="0">
							<lines>
							</lines>
						</method>
						<method name="put" signature="(Ljava/lang/String;Ljava/lang/Object;)Ljava/lang/Object;" line-rate="0.8" branch-rate="1.0" complexity="0">
							<lines>
								<line number="119" hits="2" branch="false"/>
								<line number="120" hits="2" branch="false"/>
								<line number="121" hits="2" branch="false"/>
								<line number="123" hits="2" branch="false"/>
								<line number="124" hits="0" branch="false"/>
							</lines>
						</method>
						<method name="remove" signature="(Ljava/lang/Object;)Ljava/lang/Object;" line-rate="0.8333333333333334" branch-rate="1.0" complexity="0">
							<lines>
								<line number="145" hits="1" branch="false"/>
								<line number="146" hits="1" branch="false"/>
								<line number="148" hits="1" branch="false"/>
								<line number="149" hits="1" branch="false"/>
								<line number="151" hits="1" branch="false"/>
								<line number="152" hits="0" branch="false"/>
							</lines>
						</method>
					</methods>
					<lines>
						<line number="35" hits="0" branch="false"/>
						<line number="38" hits="11" branch="false"/>
						<line number="45" hits="11" branch="false"/>
						<line number="46" hits="11" branch="false"/>
						<line number="47" hits="11" branch="false"/>
						<line number="53" hits="1" branch="false"/>
						<line number="54" hits="1" branch="true" condition-coverage="50% (1/2)">
							<conditions>
								<condition number="0" type="jump" coverage="50%"/>
							</conditions>
						</line>
						<line number="55" hits="1" branch="false"/>
						<line number="57" hits="1" branch="false"/>
						<line number="59" hits="3" branch="true" condition-coverage="100% (2/2)">
							<conditions>
								<condition number="0" type="jump" coverage="100%"/>
							</conditions>
						</line>
						<line number="60" hits="2" branch="false"/>
						<line number="61" hits="2" branch="false"/>
						<line number="62" hits="2" branch="false"/>
						<line number="91" hits="2" branch="false"/>
						<line number="93" hits="1" branch="false"/>
						<line number="95" hits="1" branch="false"/>
						<line number="106" hits="5" branch="false"/>
						<line number="107" hits="5" branch="false"/>
						<line number="108" hits="0" branch="false"/>
						<line number="119" hits="2" branch="false"/>
						<line number="120" hits="2" branch="false"/>
						<line number="121" hits="2" branch="false"/>
						<line number="123" hits="2" branch="false"/>
						<line number="124" hits="0" branch="false"/>
						<line number="131" hits="1" branch="false"/>
						<line number="132" hits="1" branch="false"/>
						<line number="133" hits="1" branch="false"/>
						<line number="134" hits="1" branch="false"/>
						<line number="135" hits="1" branch="false"/>
						<line number="145" hits="1" branch="false"/>
						<line number="146" hits="1" branch="false"/>
						<line number="148" hits="1" branch="false"/>
						<line number="149" hits="1" branch="false"/>
						<line number="151" hits="1" branch="false"/>
						<line number="152" hits="0" branch="false"/>
					</lines>
				</class>
				<class name="org.apache.struts2.portlet.PortletSessionMap$1" filename="org/apache/struts2/portlet/PortletSessionMap.java" line-rate="0.5" branch-rate="0.125" complexity="1.6363636363636365">
					<methods>
						<method name="&lt;init&gt;" signature="(Lorg/apache/struts2/portlet/PortletSessionMap;Ljava/lang/String;Ljava/lang/Object;)V" line-rate="1.0" branch-rate="1.0" complexity="0">
							<lines>
							</lines>
						</method>
						<method name="equals" signature="(Ljava/lang/Object;)Z" line-rate="0.0" branch-rate="0.0" complexity="0">
							<lines>
								<line number="64" hits="0" branch="false"/>
								<line number="66" hits="0" branch="true" condition-coverage="0% (0/12)">
									<conditions>
										<condition number="0" type="jump" coverage="0%"/>
										<condition number="1" type="jump" coverage="0%"/>
										<condition number="2" type="jump" coverage="0%"/>
										<condition number="3" type="jump" coverage="0%"/>
										<condition number="4" type="jump" coverage="0%"/>
										<condition number="5" type="jump" coverage="0%"/>
									</conditions>
								</line>
							</lines>
						</method>
						<method name="getKey" signature="()Ljava/lang/Object;" line-rate="1.0" branch-rate="1.0" complexity="0">
							<lines>
								<line number="62" hits="5" branch="false"/>
							</lines>
						</method>
						<method name="getKey" signature="()Ljava/lang/String;" line-rate="1.0" branch-rate="1.0" complexity="0">
							<lines>
								<line number="78" hits="3" branch="false"/>
							</lines>
						</method>
						<method name="getValue" signature="()Ljava/lang/Object;" line-rate="1.0" branch-rate="1.0" complexity="0">
							<lines>
								<line number="82" hits="2" branch="false"/>
							</lines>
						</method>
						<method name="hashCode" signature="()I" line-rate="1.0" branch-rate="0.5" complexity="0">
							<lines>
								<line number="73" hits="2" branch="true" condition-coverage="50% (2/4)">
									<conditions>
										<condition number="0" type="jump" coverage="50%"/>
										<condition number="1" type="jump" coverage="50%"/>
									</conditions>
								</line>
							</lines>
						</method>
						<method name="setValue" signature="(Ljava/lang/Object;)Ljava/lang/Object;" line-rate="0.0" branch-rate="1.0" complexity="0">
							<lines>
								<line number="86" hits="0" branch="false"/>
								<line number="88" hits="0" branch="false"/>
							</lines>
						</method>
					</methods>
					<lines>
						<line number="62" hits="5" branch="false"/>
						<line number="64" hits="0" branch="false"/>
						<line number="66" hits="0" branch="true" condition-coverage="0% (0/12)">
							<conditions>
								<condition number="0" type="jump" coverage="0%"/>
								<condition number="1" type="jump" coverage="0%"/>
								<condition number="2" type="jump" coverage="0%"/>
								<condition number="3" type="jump" coverage="0%"/>
								<condition number="4" type="jump" coverage="0%"/>
								<condition number="5" type="jump" coverage="0%"/>
							</conditions>
						</line>
						<line number="73" hits="2" branch="true" condition-coverage="50% (2/4)">
							<conditions>
								<condition number="0" type="jump" coverage="50%"/>
								<condition number="1" type="jump" coverage="50%"/>
							</conditions>
						</line>
						<line number="78" hits="3" branch="false"/>
						<line number="82" hits="2" branch="false"/>
						<line number="86" hits="0" branch="false"/>
						<line number="88" hits="0" branch="false"/>
					</lines>
				</class>
			</classes>
		</package>
		<package name="org.apache.struts2.portlet.context" line-rate="0.8064516129032258" branch-rate="0.6875" complexity="1.7058823529411764">
			<classes>
				<class name="org.apache.struts2.portlet.context.PortletActionContext" filename="org/apache/struts2/portlet/context/PortletActionContext.java" line-rate="0.8064516129032258" branch-rate="0.6875" complexity="1.7058823529411764">
					<methods>
						<method name="&lt;init&gt;" signature="()V" line-rate="0.0" branch-rate="1.0" complexity="0">
							<lines>
								<line number="52" hits="0" branch="false"/>
							</lines>
						</method>
						<method name="getActionRequest" signature="()Ljavax/portlet/ActionRequest;" line-rate="1.0" branch-rate="1.0" complexity="0">
							<lines>
								<line number="96" hits="2" branch="true" condition-coverage="100% (2/2)">
									<conditions>
										<condition number="0" type="jump" coverage="100%"/>
									</conditions>
								</line>
								<line number="97" hits="1" branch="false"/>
								<line number="99" hits="1" branch="false"/>
							</lines>
						</method>
						<method name="getActionResponse" signature="()Ljavax/portlet/ActionResponse;" line-rate="1.0" branch-rate="1.0" complexity="0">
							<lines>
								<line number="109" hits="2" branch="true" condition-coverage="100% (2/2)">
									<conditions>
										<condition number="0" type="jump" coverage="100%"/>
									</conditions>
								</line>
								<line number="110" hits="1" branch="false"/>
								<line number="112" hits="1" branch="false"/>
							</lines>
						</method>
						<method name="getContext" signature="()Lcom/opensymphony/xwork2/ActionContext;" line-rate="1.0" branch-rate="1.0" complexity="0">
							<lines>
								<line number="170" hits="158" branch="false"/>
							</lines>
						</method>
						<method name="getDefaultActionForMode" signature="()Lorg/apache/struts2/dispatcher/mapper/ActionMapping;" line-rate="1.0" branch-rate="1.0" complexity="0">
							<lines>
								<line number="188" hits="1" branch="false"/>
							</lines>
						</method>
						<method name="getModeActionMap" signature="()Ljava/util/Map;" line-rate="1.0" branch-rate="1.0" complexity="0">
							<lines>
								<line number="208" hits="1" branch="false"/>
							</lines>
						</method>
						<method name="getModeNamespaceMap" signature="()Ljava/util/Map;" line-rate="1.0" branch-rate="1.0" complexity="0">
							<lines>
								<line number="198" hits="1" branch="false"/>
							</lines>
						</method>
						<method name="getPhase" signature="()Lorg/apache/struts2/portlet/PortletPhase;" line-rate="1.0" branch-rate="1.0" complexity="0">
							<lines>
								<line number="163" hits="31" branch="false"/>
							</lines>
						</method>
						<method name="getPortletConfig" signature="()Ljavax/portlet/PortletConfig;" line-rate="1.0" branch-rate="1.0" complexity="0">
							<lines>
								<line number="60" hits="1" branch="false"/>
							</lines>
						</method>
						<method name="getPortletContext" signature="()Ljavax/portlet/PortletContext;" line-rate="1.0" branch-rate="1.0" complexity="0">
							<lines>
								<line number="217" hits="40" branch="false"/>
							</lines>
						</method>
						<method name="getPortletNamespace" signature="()Ljava/lang/String;" line-rate="1.0" branch-rate="1.0" complexity="0">
							<lines>
								<line number="135" hits="13" branch="false"/>
							</lines>
						</method>
						<method name="getRenderRequest" signature="()Ljavax/portlet/RenderRequest;" line-rate="1.0" branch-rate="1.0" complexity="0">
							<lines>
								<line number="70" hits="2" branch="true" condition-coverage="100% (2/2)">
									<conditions>
										<condition number="0" type="jump" coverage="100%"/>
									</conditions>
								</line>
								<line number="71" hits="1" branch="false"/>
								<line number="73" hits="1" branch="false"/>
							</lines>
						</method>
						<method name="getRenderResponse" signature="()Ljavax/portlet/RenderResponse;" line-rate="1.0" branch-rate="1.0" complexity="0">
							<lines>
								<line number="83" hits="16" branch="true" condition-coverage="100% (2/2)">
									<conditions>
										<condition number="0" type="jump" coverage="100%"/>
									</conditions>
								</line>
								<line number="84" hits="1" branch="false"/>
								<line number="86" hits="15" branch="false"/>
							</lines>
						</method>
						<method name="getRequest" signature="()Ljavax/portlet/PortletRequest;" line-rate="1.0" branch-rate="1.0" complexity="0">
							<lines>
								<line number="144" hits="42" branch="false"/>
							</lines>
						</method>
						<method name="getResourceResponse" signature="()Ljavax/portlet/ResourceResponse;" line-rate="0.0" branch-rate="0.0" complexity="0">
							<lines>
								<line number="122" hits="0" branch="true" condition-coverage="0% (0/2)">
									<conditions>
										<condition number="0" type="jump" coverage="0%"/>
									</conditions>
								</line>
								<line number="123" hits="0" branch="false"/>
								<line number="125" hits="0" branch="false"/>
							</lines>
						</method>
						<method name="getResponse" signature="()Ljavax/portlet/PortletResponse;" line-rate="1.0" branch-rate="1.0" complexity="0">
							<lines>
								<line number="153" hits="10" branch="false"/>
							</lines>
						</method>
						<method name="isJSR268Supported" signature="()Z" line-rate="0.75" branch-rate="0.75" complexity="0">
							<lines>
								<line number="226" hits="17" branch="false"/>
								<line number="227" hits="17" branch="true" condition-coverage="50% (1/2)">
									<conditions>
										<condition number="0" type="jump" coverage="50%"/>
									</conditions>
								</line>
								<line number="228" hits="0" branch="false"/>
								<line number="230" hits="17" branch="true" condition-coverage="100% (2/2)">
									<conditions>
										<condition number="0" type="jump" coverage="100%"/>
									</conditions>
								</line>
							</lines>
						</method>
						<method name="isPortletRequest" signature="()Z" line-rate="0.0" branch-rate="0.0" complexity="0">
							<lines>
								<line number="179" hits="0" branch="true" condition-coverage="0% (0/2)">
									<conditions>
										<condition number="0" type="jump" coverage="0%"/>
									</conditions>
								</line>
							</lines>
						</method>
					</methods>
					<lines>
						<line number="52" hits="0" branch="false"/>
						<line number="60" hits="1" branch="false"/>
						<line number="70" hits="2" branch="true" condition-coverage="100% (2/2)">
							<conditions>
								<condition number="0" type="jump" coverage="100%"/>
							</conditions>
						</line>
						<line number="71" hits="1" branch="false"/>
						<line number="73" hits="1" branch="false"/>
						<line number="83" hits="16" branch="true" condition-coverage="100% (2/2)">
							<conditions>
								<condition number="0" type="jump" coverage="100%"/>
							</conditions>
						</line>
						<line number="84" hits="1" branch="false"/>
						<line number="86" hits="15" branch="false"/>
						<line number="96" hits="2" branch="true" condition-coverage="100% (2/2)">
							<conditions>
								<condition number="0" type="jump" coverage="100%"/>
							</conditions>
						</line>
						<line number="97" hits="1" branch="false"/>
						<line number="99" hits="1" branch="false"/>
						<line number="109" hits="2" branch="true" condition-coverage="100% (2/2)">
							<conditions>
								<condition number="0" type="jump" coverage="100%"/>
							</conditions>
						</line>
						<line number="110" hits="1" branch="false"/>
						<line number="112" hits="1" branch="false"/>
						<line number="122" hits="0" branch="true" condition-coverage="0% (0/2)">
							<conditions>
								<condition number="0" type="jump" coverage="0%"/>
							</conditions>
						</line>
						<line number="123" hits="0" branch="false"/>
						<line number="125" hits="0" branch="false"/>
						<line number="135" hits="13" branch="false"/>
						<line number="144" hits="42" branch="false"/>
						<line number="153" hits="10" branch="false"/>
						<line number="163" hits="31" branch="false"/>
						<line number="170" hits="158" branch="false"/>
						<line number="179" hits="0" branch="true" condition-coverage="0% (0/2)">
							<conditions>
								<condition number="0" type="jump" coverage="0%"/>
							</conditions>
						</line>
						<line number="188" hits="1" branch="false"/>
						<line number="198" hits="1" branch="false"/>
						<line number="208" hits="1" branch="false"/>
						<line number="217" hits="40" branch="false"/>
						<line number="226" hits="17" branch="false"/>
						<line number="227" hits="17" branch="true" condition-coverage="50% (1/2)">
							<conditions>
								<condition number="0" type="jump" coverage="50%"/>
							</conditions>
						</line>
						<line number="228" hits="0" branch="false"/>
						<line number="230" hits="17" branch="true" condition-coverage="100% (2/2)">
							<conditions>
								<condition number="0" type="jump" coverage="100%"/>
							</conditions>
						</line>
					</lines>
				</class>
			</classes>
		</package>
		<package name="org.apache.struts2.portlet.dispatcher" line-rate="0.7467248908296943" branch-rate="0.5128205128205128" complexity="2.566666666666667">
			<classes>
				<class name="org.apache.struts2.portlet.dispatcher.DirectRenderFromEventAction" filename="org/apache/struts2/portlet/dispatcher/DirectRenderFromEventAction.java" line-rate="0.3333333333333333" branch-rate="1.0" complexity="1.0">
					<methods>
						<method name="&lt;init&gt;" signature="()V" line-rate="1.0" branch-rate="1.0" complexity="0">
							<lines>
								<line number="46" hits="1" branch="false"/>
								<line number="50" hits="1" branch="false"/>
							</lines>
						</method>
						<method name="execute" signature="()Ljava/lang/String;" line-rate="0.0" branch-rate="1.0" complexity="0">
							<lines>
								<line number="67" hits="0" branch="false"/>
							</lines>
						</method>
						<method name="getLocation" signature="()Ljava/lang/String;" line-rate="0.0" branch-rate="1.0" complexity="0">
							<lines>
								<line number="58" hits="0" branch="false"/>
							</lines>
						</method>
						<method name="setSession" signature="(Ljava/util/Map;)V" line-rate="0.0" branch-rate="1.0" complexity="0">
							<lines>
								<line number="71" hits="0" branch="false"/>
								<line number="72" hits="0" branch="false"/>
							</lines>
						</method>
					</methods>
					<lines>
						<line number="46" hits="1" branch="false"/>
						<line number="50" hits="1" branch="false"/>
						<line number="58" hits="0" branch="false"/>
						<line number="67" hits="0" branch="false"/>
						<line number="71" hits="0" branch="false"/>
						<line number="72" hits="0" branch="false"/>
					</lines>
				</class>
				<class name="org.apache.struts2.portlet.dispatcher.DispatcherServlet" filename="org/apache/struts2/portlet/dispatcher/DispatcherServlet.java" line-rate="0.0" branch-rate="0.0" complexity="2.5">
					<methods>
						<method name="&lt;init&gt;" signature="()V" line-rate="0.0" branch-rate="1.0" complexity="0">
							<lines>
								<line number="31" hits="0" branch="false"/>
							</lines>
						</method>
						<method name="doGet" signature="(Ljavax/servlet/http/HttpServletRequest;Ljavax/servlet/http/HttpServletResponse;)V" line-rate="0.0" branch-rate="0.0" complexity="0">
							<lines>
								<line number="37" hits="0" branch="false"/>
								<line number="38" hits="0" branch="false"/>
								<line number="39" hits="0" branch="true" condition-coverage="0% (0/2)">
									<conditions>
										<condition number="0" type="jump" coverage="0%"/>
									</conditions>
								</line>
								<line number="40" hits="0" branch="false"/>
								<line number="42" hits="0" branch="false"/>
							</lines>
						</method>
						<method name="wrapRequestIfNecessary" signature="(Ljavax/servlet/http/HttpServletRequest;)Ljavax/servlet/http/HttpServletRequest;" line-rate="0.0" branch-rate="0.0" complexity="0">
							<lines>
								<line number="45" hits="0" branch="true" condition-coverage="0% (0/2)">
									<conditions>
										<condition number="0" type="jump" coverage="0%"/>
									</conditions>
								</line>
								<line number="46" hits="0" branch="false"/>
								<line number="49" hits="0" branch="false"/>
							</lines>
						</method>
					</methods>
					<lines>
						<line number="31" hits="0" branch="false"/>
						<line number="37" hits="0" branch="false"/>
						<line number="38" hits="0" branch="false"/>
						<line number="39" hits="0" branch="true" condition-coverage="0% (0/2)">
							<conditions>
								<condition number="0" type="jump" coverage="0%"/>
							</conditions>
						</line>
						<line number="40" hits="0" branch="false"/>
						<line number="42" hits="0" branch="false"/>
						<line number="45" hits="0" branch="true" condition-coverage="0% (0/2)">
							<conditions>
								<condition number="0" type="jump" coverage="0%"/>
							</conditions>
						</line>
						<line number="46" hits="0" branch="false"/>
						<line number="49" hits="0" branch="false"/>
					</lines>
				</class>
				<class name="org.apache.struts2.portlet.dispatcher.Jsr168Dispatcher" filename="org/apache/struts2/portlet/dispatcher/Jsr168Dispatcher.java" line-rate="0.8497409326424871" branch-rate="0.5909090909090909" complexity="2.857142857142857">
					<methods>
						<method name="&lt;clinit&gt;" signature="()V" line-rate="1.0" branch-rate="1.0" complexity="0">
							<lines>
								<line number="176" hits="1" branch="false"/>
							</lines>
						</method>
						<method name="&lt;init&gt;" signature="()V" line-rate="1.0" branch-rate="1.0" complexity="0">
							<lines>
								<line number="174" hits="8" branch="false"/>
								<line number="178" hits="8" branch="false"/>
								<line number="180" hits="8" branch="false"/>
								<line number="181" hits="8" branch="false"/>
								<line number="182" hits="8" branch="false"/>
							</lines>
						</method>
						<method name="createContextMap" signature="(Ljava/util/Map;Ljava/util/Map;Ljava/util/Map;Ljava/util/Map;Ljavax/portlet/PortletRequest;Ljavax/portlet/PortletResponse;Ljavax/servlet/http/HttpServletRequest;Ljavax/servlet/http/HttpServletResponse;Ljavax/servlet/ServletContext;Ljavax/portlet/PortletConfig;Lorg/apache/struts2/portlet/PortletPhase;)Ljava/util/HashMap;" line-rate="1.0" branch-rate="1.0" complexity="0">
							<lines>
								<line number="381" hits="6" branch="false"/>
								<line number="384" hits="6" branch="false"/>
								<line number="386" hits="6" branch="false"/>
								<line number="387" hits="6" branch="false"/>
								<line number="388" hits="6" branch="false"/>
								<line number="390" hits="6" branch="false"/>
								<line number="391" hits="6" branch="false"/>
								<line number="392" hits="6" branch="false"/>
								<line number="394" hits="6" branch="false"/>
								<line number="396" hits="6" branch="false"/>
								<line number="397" hits="6" branch="false"/>
								<line number="398" hits="6" branch="false"/>
								<line number="399" hits="6" branch="false"/>
								<line number="400" hits="6" branch="false"/>
								<line number="401" hits="6" branch="false"/>
								<line number="403" hits="6" branch="false"/>
								<line number="404" hits="6" branch="false"/>
								<line number="405" hits="6" branch="false"/>
								<line number="406" hits="6" branch="false"/>
								<line number="407" hits="6" branch="false"/>
								<line number="408" hits="6" branch="false"/>
								<line number="410" hits="6" branch="false"/>
								<line number="412" hits="6" branch="false"/>
								<line number="413" hits="6" branch="false"/>
								<line number="415" hits="6" branch="false"/>
							</lines>
						</method>
						<method name="createPortletServletResponse" signature="(Ljavax/portlet/PortletResponse;)Lorg/apache/struts2/portlet/servlet/PortletServletResponse;" line-rate="1.0" branch-rate="1.0" complexity="0">
							<lines>
								<line number="677" hits="3" branch="false"/>
							</lines>
						</method>
						<method name="destroy" signature="()V" line-rate="0.0" branch-rate="0.0" complexity="0">
							<lines>
								<line number="653" hits="0" branch="true" condition-coverage="0% (0/2)">
									<conditions>
										<condition number="0" type="jump" coverage="0%"/>
									</conditions>
								</line>
								<line number="654" hits="0" branch="false"/>
								<line number="656" hits="0" branch="true" condition-coverage="0% (0/2)">
									<conditions>
										<condition number="0" type="jump" coverage="0%"/>
									</conditions>
								</line>
								<line number="657" hits="0" branch="false"/>
								<line number="660" hits="0" branch="false"/>
							</lines>
						</method>
						<method name="getActionMapping" signature="(Ljavax/portlet/PortletRequest;Ljavax/servlet/http/HttpServletRequest;)Lorg/apache/struts2/dispatcher/mapper/ActionMapping;" line-rate="0.8" branch-rate="0.6666666666666666" complexity="0">
							<lines>
								<line number="526" hits="6" branch="false"/>
								<line number="527" hits="6" branch="true" condition-coverage="100% (2/2)">
									<conditions>
										<condition number="0" type="jump" coverage="100%"/>
									</conditions>
								</line>
								<line number="528" hits="2" branch="false"/>
								<line number="530" hits="4" branch="false"/>
								<line number="531" hits="4" branch="true" condition-coverage="50% (1/2)">
									<conditions>
										<condition number="0" type="jump" coverage="50%"/>
									</conditions>
								</line>
								<line number="532" hits="0" branch="false"/>
								<line number="538" hits="4" branch="false"/>
								<line number="542" hits="6" branch="true" condition-coverage="50% (1/2)">
									<conditions>
										<condition number="0" type="jump" coverage="50%"/>
									</conditions>
								</line>
								<line number="543" hits="0" branch="false"/>
								<line number="545" hits="6" branch="false"/>
							</lines>
						</method>
						<method name="getActionName" signature="(Ljava/lang/String;)Ljava/lang/String;" line-rate="1.0" branch-rate="0.5" complexity="0">
							<lines>
								<line number="572" hits="50" branch="false"/>
								<line number="573" hits="50" branch="false"/>
								<line number="574" hits="50" branch="true" condition-coverage="50% (1/2)">
									<conditions>
										<condition number="0" type="jump" coverage="50%"/>
									</conditions>
								</line>
								<line number="575" hits="50" branch="false"/>
								<line number="577" hits="50" branch="false"/>
							</lines>
						</method>
						<method name="getApplicationMap" signature="()Ljava/util/Map;" line-rate="1.0" branch-rate="1.0" complexity="0">
							<lines>
								<line number="510" hits="6" branch="false"/>
							</lines>
						</method>
						<method name="getDefaultActionPath" signature="(Ljavax/portlet/PortletRequest;)Ljava/lang/String;" line-rate="1.0" branch-rate="1.0" complexity="0">
							<lines>
								<line number="549" hits="6" branch="false"/>
							</lines>
						</method>
[...]
							</conditions>
						</line>
						<line number="335" hits="9" branch="false"/>
						<line number="336" hits="2" branch="true" condition-coverage="50% (1/2)">
							<conditions>
								<condition number="0" type="jump" coverage="50%"/>
							</conditions>
						</line>
						<line number="337" hits="2" branch="false"/>
						<line number="340" hits="12" branch="true" condition-coverage="50% (1/2)">
							<conditions>
								<condition number="0" type="jump" coverage="50%"/>
							</conditions>
						</line>
						<line number="341" hits="0" branch="false"/>
						<line number="343" hits="12" branch="false"/>
					</lines>
				</class>
				<class name="org.apache.struts2.portlet.util.PortletUrlHelperJSR286" filename="org/apache/struts2/portlet/util/PortletUrlHelperJSR286.java" line-rate="0.5" branch-rate="0.3333333333333333" complexity="4.5">
					<methods>
						<method name="&lt;clinit&gt;" signature="()V" line-rate="1.0" branch-rate="1.0" complexity="0">
							<lines>
								<line number="38" hits="1" branch="false"/>
							</lines>
						</method>
						<method name="&lt;init&gt;" signature="()V" line-rate="1.0" branch-rate="1.0" complexity="0">
							<lines>
								<line number="36" hits="2" branch="false"/>
							</lines>
						</method>
						<method name="createUrl" signature="(Ljava/lang/String;Ljava/lang/String;Ljava/util/Map;)Ljava/lang/Object;" line-rate="0.5" branch-rate="0.3333333333333333" complexity="0">
							<lines>
								<line number="46" hits="1" branch="false"/>
								<line number="48" hits="1" branch="true" condition-coverage="50% (1/2)">
									<conditions>
										<condition number="0" type="jump" coverage="50%"/>
									</conditions>
								</line>
								<line number="49" hits="0" branch="true" condition-coverage="0% (0/2)">
									<conditions>
										<condition number="0" type="jump" coverage="0%"/>
									</conditions>
								</line>
								<line number="50" hits="0" branch="false"/>
								<line number="52" hits="1" branch="true" condition-coverage="50% (1/2)">
									<conditions>
										<condition number="0" type="jump" coverage="50%"/>
									</conditions>
								</line>
								<line number="53" hits="0" branch="true" condition-coverage="0% (0/2)">
									<conditions>
										<condition number="0" type="jump" coverage="0%"/>
									</conditions>
								</line>
								<line number="54" hits="0" branch="false"/>
								<line number="57" hits="1" branch="true" condition-coverage="50% (1/2)">
									<conditions>
										<condition number="0" type="jump" coverage="50%"/>
									</conditions>
								</line>
								<line number="58" hits="1" branch="false"/>
								<line number="61" hits="1" branch="false"/>
								<line number="63" hits="1" branch="true" condition-coverage="50% (1/2)">
									<conditions>
										<condition number="0" type="jump" coverage="50%"/>
									</conditions>
								</line>
								<line number="65" hits="0" branch="false"/>
								<line number="66" hits="0" branch="false"/>
								<line number="67" hits="0" branch="false"/>
								<line number="68" hits="0" branch="false"/>
								<line number="70" hits="1" branch="false"/>
							</lines>
						</method>
						<method name="encodeUrl" signature="(Ljava/lang/StringBuffer;Ljavax/portlet/PortletRequest;)Ljava/lang/String;" line-rate="0.0" branch-rate="1.0" complexity="0">
							<lines>
								<line number="41" hits="0" branch="false"/>
								<line number="42" hits="0" branch="false"/>
							</lines>
						</method>
					</methods>
					<lines>
						<line number="36" hits="2" branch="false"/>
						<line number="38" hits="1" branch="false"/>
						<line number="41" hits="0" branch="false"/>
						<line number="42" hits="0" branch="false"/>
						<line number="46" hits="1" branch="false"/>
						<line number="48" hits="1" branch="true" condition-coverage="50% (1/2)">
							<conditions>
								<condition number="0" type="jump" coverage="50%"/>
							</conditions>
						</line>
						<line number="49" hits="0" branch="true" condition-coverage="0% (0/2)">
							<conditions>
								<condition number="0" type="jump" coverage="0%"/>
							</conditions>
						</line>
						<line number="50" hits="0" branch="false"/>
						<line number="52" hits="1" branch="true" condition-coverage="50% (1/2)">
							<conditions>
								<condition number="0" type="jump" coverage="50%"/>
							</conditions>
						</line>
						<line number="53" hits="0" branch="true" condition-coverage="0% (0/2)">
							<conditions>
								<condition number="0" type="jump" coverage="0%"/>
							</conditions>
						</line>
						<line number="54" hits="0" branch="false"/>
						<line number="57" hits="1" branch="true" condition-coverage="50% (1/2)">
							<conditions>
								<condition number="0" type="jump" coverage="50%"/>
							</conditions>
						</line>
						<line number="58" hits="1" branch="false"/>
						<line number="61" hits="1" branch="false"/>
						<line number="63" hits="1" branch="true" condition-coverage="50% (1/2)">
							<conditions>
								<condition number="0" type="jump" coverage="50%"/>
							</conditions>
						</line>
						<line number="65" hits="0" branch="false"/>
						<line number="66" hits="0" branch="false"/>
						<line number="67" hits="0" branch="false"/>
						<line number="68" hits="0" branch="false"/>
						<line number="70" hits="1" branch="false"/>
					</lines>
				</class>
			</classes>
		</package>
		<package name="org.apache.struts2.views.freemarker" line-rate="0.0" branch-rate="0.0" complexity="1.625">
			<classes>
				<class name="org.apache.struts2.views.freemarker.PortletFreemarkerResult" filename="org/apache/struts2/views/freemarker/PortletFreemarkerResult.java" line-rate="0.0" branch-rate="0.0" complexity="1.625">
					<methods>
						<method name="&lt;init&gt;" signature="()V" line-rate="0.0" branch-rate="1.0" complexity="0">
							<lines>
								<line number="68" hits="0" branch="false"/>
								<line number="69" hits="0" branch="false"/>
							</lines>
						</method>
						<method name="&lt;init&gt;" signature="(Ljava/lang/String;)V" line-rate="0.0" branch-rate="1.0" complexity="0">
							<lines>
								<line number="65" hits="0" branch="false"/>
								<line number="72" hits="0" branch="false"/>
								<line number="73" hits="0" branch="false"/>
							</lines>
						</method>
						<method name="createModel" signature="()Lfreemarker/template/TemplateModel;" line-rate="0.0" branch-rate="1.0" complexity="0">
							<lines>
								<line number="258" hits="0" branch="false"/>
								<line number="260" hits="0" branch="false"/>
								<line number="261" hits="0" branch="false"/>
								<line number="262" hits="0" branch="false"/>
								<line number="263" hits="0" branch="false"/>
							</lines>
						</method>
						<method name="deduceLocale" signature="()Ljava/util/Locale;" line-rate="0.0" branch-rate="1.0" complexity="0">
							<lines>
								<line number="273" hits="0" branch="false"/>
							</lines>
						</method>
						<method name="doExecute" signature="(Ljava/lang/String;Lcom/opensymphony/xwork2/ActionInvocation;)V" line-rate="0.0" branch-rate="0.0" complexity="0">
							<lines>
								<line number="112" hits="0" branch="false"/>
								<line number="113" hits="0" branch="true" condition-coverage="0% (0/2)">
									<conditions>
										<condition number="0" type="jump" coverage="0%"/>
									</conditions>
								</line>
								<line number="114" hits="0" branch="false"/>
								<line number="115" hits="0" branch="true" condition-coverage="0% (0/2)">
									<conditions>
										<condition number="0" type="jump" coverage="0%"/>
									</conditions>
								</line>
								<line number="116" hits="0" branch="false"/>
								<line number="117" hits="0" branch="true" condition-coverage="0% (0/2)">
									<conditions>
										<condition number="0" type="jump" coverage="0%"/>
									</conditions>
								</line>
								<line number="118" hits="0" branch="false"/>
								<line number="120" hits="0" branch="false"/>
							</lines>
						</method>
						<method name="executeActionResult" signature="(Ljava/lang/String;Lcom/opensymphony/xwork2/ActionInvocation;)V" line-rate="0.0" branch-rate="1.0" complexity="0">
							<lines>
								<line number="123" hits="0" branch="false"/>
								<line number="125" hits="0" branch="false"/>
								<line number="126" hits="0" branch="false"/>
								<line number="127" hits="0" branch="false"/>
								<line number="128" hits="0" branch="false"/>
								<line number="130" hits="0" branch="false"/>
							</lines>
						</method>
						<method name="executeRenderResult" signature="(Ljava/lang/String;Lcom/opensymphony/xwork2/ActionInvocation;)V" line-rate="0.0" branch-rate="0.0" complexity="0">
							<lines>
								<line number="134" hits="0" branch="false"/>
								<line number="135" hits="0" branch="false"/>
								<line number="136" hits="0" branch="false"/>
								<line number="137" hits="0" branch="false"/>
								<line number="139" hits="0" branch="false"/>
								<line number="141" hits="0" branch="true" condition-coverage="0% (0/2)">
									<conditions>
										<condition number="0" type="jump" coverage="0%"/>
									</conditions>
								</line>
								<line number="142" hits="0" branch="false"/>
								<line number="143" hits="0" branch="false"/>
								<line number="146" hits="0" branch="false"/>
								<line number="147" hits="0" branch="false"/>
								<line number="149" hits="0" branch="true" condition-coverage="0% (0/2)">
									<conditions>
										<condition number="0" type="jump" coverage="0%"/>
									</conditions>
								</line>
								<line number="152" hits="0" branch="false"/>
								<line number="153" hits="0" branch="false"/>
								<line number="156" hits="0" branch="false"/>
								<line number="157" hits="0" branch="false"/>
								<line number="159" hits="0" branch="false"/>
							</lines>
						</method>
						<method name="executeResourceResult" signature="(Ljava/lang/String;Lcom/opensymphony/xwork2/ActionInvocation;)V" line-rate="0.0" branch-rate="0.0" complexity="0">
							<lines>
								<line number="163" hits="0" branch="false"/>
								<line number="164" hits="0" branch="false"/>
								<line number="165" hits="0" branch="false"/>
								<line number="166" hits="0" branch="false"/>
								<line number="168" hits="0" branch="false"/>
								<line number="170" hits="0" branch="true" condition-coverage="0% (0/2)">
									<conditions>
										<condition number="0" type="jump" coverage="0%"/>
									</conditions>
								</line>
								<line number="171" hits="0" branch="false"/>
								<line number="172" hits="0" branch="false"/>
								<line number="175" hits="0" branch="false"/>
								<line number="176" hits="0" branch="false"/>
								<line number="178" hits="0" branch="true" condition-coverage="0% (0/2)">
									<conditions>
										<condition number="0" type="jump" coverage="0%"/>
									</conditions>
								</line>
								<line number="181" hits="0" branch="false"/>
								<line number="182" hits="0" branch="false"/>
								<line number="183" hits="0" branch="false"/>
								<line number="186" hits="0" branch="false"/>
								<line number="187" hits="0" branch="false"/>
								<line number="189" hits="0" branch="false"/>
							</lines>
						</method>
						<method name="getConfiguration" signature="()Lfreemarker/template/Configuration;" line-rate="0.0" branch-rate="1.0" complexity="0">
							<lines>
								<line number="204" hits="0" branch="false"/>
							</lines>
						</method>
						<method name="getContentType" signature="()Ljava/lang/String;" line-rate="0.0" branch-rate="1.0" complexity="0">
							<lines>
								<line number="90" hits="0" branch="false"/>
							</lines>
						</method>
						<method name="getObjectWrapper" signature="()Lfreemarker/template/ObjectWrapper;" line-rate="0.0" branch-rate="1.0" complexity="0">
							<lines>
								<line number="217" hits="0" branch="false"/>
							</lines>
						</method>
						<method name="getWriter" signature="()Ljava/io/Writer;" line-rate="0.0" branch-rate="1.0" complexity="0">
							<lines>
								<line number="228" hits="0" branch="false"/>
							</lines>
						</method>
						<method name="postTemplateProcess" signature="(Lfreemarker/template/Template;Lfreemarker/template/TemplateModel;)V" line-rate="0.0" branch-rate="1.0" complexity="0">
							<lines>
								<line number="286" hits="0" branch="false"/>
							</lines>
						</method>
						<method name="preTemplateProcess" signature="(Lfreemarker/template/Template;Lfreemarker/template/TemplateModel;)Z" line-rate="0.0" branch-rate="0.0" complexity="0">
							<lines>
								<line number="304" hits="0" branch="false"/>
								<line number="306" hits="0" branch="true" condition-coverage="0% (0/2)">
									<conditions>
										<condition number="0" type="jump" coverage="0%"/>
									</conditions>
								</line>
								<line number="307" hits="0" branch="false"/>
								<line number="310" hits="0" branch="false"/>
								<line number="312" hits="0" branch="true" condition-coverage="0% (0/2)">
									<conditions>
										<condition number="0" type="jump" coverage="0%"/>
									</conditions>
								</line>
								<line number="313" hits="0" branch="false"/>
								<line number="316" hits="0" branch="false"/>
								<line number="318" hits="0" branch="true" condition-coverage="0% (0/2)">
									<conditions>
										<condition number="0" type="jump" coverage="0%"/>
									</conditions>
								</line>
								<line number="319" hits="0" branch="false"/>
								<line number="322" hits="0" branch="false"/>
								<line number="325" hits="0" branch="false"/>
							</lines>
						</method>
						<method name="setContentType" signature="(Ljava/lang/String;)V" line-rate="0.0" branch-rate="1.0" complexity="0">
							<lines>
								<line number="81" hits="0" branch="false"/>
								<line number="82" hits="0" branch="false"/>
							</lines>
						</method>
						<method name="setFreemarkerManager" signature="(Lorg/apache/struts2/views/freemarker/FreemarkerManager;)V" line-rate="0.0" branch-rate="1.0" complexity="0">
							<lines>
								<line number="77" hits="0" branch="false"/>
								<line number="78" hits="0" branch="false"/>
							</lines>
						</method>
					</methods>
					<lines>
						<line number="65" hits="0" branch="false"/>
						<line number="68" hits="0" branch="false"/>
						<line number="69" hits="0" branch="false"/>
						<line number="72" hits="0" branch="false"/>
						<line number="73" hits="0" branch="false"/>
						<line number="77" hits="0" branch="false"/>
						<line number="78" hits="0" branch="false"/>
						<line number="81" hits="0" branch="false"/>
						<line number="82" hits="0" branch="false"/>
						<line number="90" hits="0" branch="false"/>
						<line number="112" hits="0" branch="false"/>
						<line number="113" hits="0" branch="true" condition-coverage="0% (0/2)">
							<conditions>
								<condition number="0" type="jump" coverage="0%"/>
							</conditions>
						</line>
						<line number="114" hits="0" branch="false"/>
						<line number="115" hits="0" branch="true" condition-coverage="0% (0/2)">
							<conditions>
								<condition number="0" type="jump" coverage="0%"/>
							</conditions>
						</line>
						<line number="116" hits="0" branch="false"/>
						<line number="117" hits="0" branch="true" condition-coverage="0% (0/2)">
							<conditions>
								<condition number="0" type="jump" coverage="0%"/>
							</conditions>
						</line>
						<line number="118" hits="0" branch="false"/>
						<line number="120" hits="0" branch="false"/>
						<line number="123" hits="0" branch="false"/>
						<line number="125" hits="0" branch="false"/>
						<line number="126" hits="0" branch="false"/>
						<line number="127" hits="0" branch="false"/>
						<line number="128" hits="0" branch="false"/>
						<line number="130" hits="0" branch="false"/>
						<line number="134" hits="0" branch="false"/>
						<line number="135" hits="0" branch="false"/>
						<line number="136" hits="0" branch="false"/>
						<line number="137" hits="0" branch="false"/>
						<line number="139" hits="0" branch="false"/>
						<line number="141" hits="0" branch="true" condition-coverage="0% (0/2)">
							<conditions>
								<condition number="0" type="jump" coverage="0%"/>
							</conditions>
						</line>
						<line number="142" hits="0" branch="false"/>
						<line number="143" hits="0" branch="false"/>
						<line number="146" hits="0" branch="false"/>
						<line number="147" hits="0" branch="false"/>
						<line number="149" hits="0" branch="true" condition-coverage="0% (0/2)">
							<conditions>
								<condition number="0" type="jump" coverage="0%"/>
							</conditions>
						</line>
						<line number="152" hits="0" branch="false"/>
						<line number="153" hits="0" branch="false"/>
						<line number="156" hits="0" branch="false"/>
						<line number="157" hits="0" branch="false"/>
						<line number="159" hits="0" branch="false"/>
						<line number="163" hits="0" branch="false"/>
						<line number="164" hits="0" branch="false"/>
						<line number="165" hits="0" branch="false"/>
						<line number="166" hits="0" branch="false"/>
						<line number="168" hits="0" branch="false"/>
						<line number="170" hits="0" branch="true" condition-coverage="0% (0/2)">
							<conditions>
								<condition number="0" type="jump" coverage="0%"/>
							</conditions>
						</line>
						<line number="171" hits="0" branch="false"/>
						<line number="172" hits="0" branch="false"/>
						<line number="175" hits="0" branch="false"/>
						<line number="176" hits="0" branch="false"/>
						<line number="178" hits="0" branch="true" condition-coverage="0% (0/2)">
							<conditions>
								<condition number="0" type="jump" coverage="0%"/>
							</conditions>
						</line>
						<line number="181" hits="0" branch="false"/>
						<line number="182" hits="0" branch="false"/>
						<line number="183" hits="0" branch="false"/>
						<line number="186" hits="0" branch="false"/>
						<line number="187" hits="0" branch="false"/>
						<line number="189" hits="0" branch="false"/>
						<line number="204" hits="0" branch="false"/>
						<line number="217" hits="0" branch="false"/>
						<line number="228" hits="0" branch="false"/>
						<line number="258" hits="0" branch="false"/>
						<line number="260" hits="0" branch="false"/>
						<line number="261" hits="0" branch="false"/>
						<line number="262" hits="0" branch="false"/>
						<line number="263" hits="0" branch="false"/>
						<line number="273" hits="0" branch="false"/>
						<line number="286" hits="0" branch="false"/>
						<line number="304" hits="0" branch="false"/>
						<line number="306" hits="0" branch="true" condition-coverage="0% (0/2)">
							<conditions>
								<condition number="0" type="jump" coverage="0%"/>
							</conditions>
						</line>
						<line number="307" hits="0" branch="false"/>
						<line number="310" hits="0" branch="false"/>
						<line number="312" hits="0" branch="true" condition-coverage="0% (0/2)">
							<conditions>
								<condition number="0" type="jump" coverage="0%"/>
							</conditions>
						</line>
						<line number="313" hits="0" branch="false"/>
						<line number="316" hits="0" branch="false"/>
						<line number="318" hits="0" branch="true" condition-coverage="0% (0/2)">
							<conditions>
								<condition number="0" type="jump" coverage="0%"/>
							</conditions>
						</line>
						<line number="319" hits="0" branch="false"/>
						<line number="322" hits="0" branch="false"/>
						<line number="325" hits="0" branch="false"/>
					</lines>
				</class>
			</classes>
		</package>
	</packages>
</coverage>
