<?xml version="1.0"?>
<!DOCTYPE coverage SYSTEM "http://cobertura.sourceforge.net/xml/coverage-04.dtd">

<coverage line-rate="0.6949152542372882" branch-rate="0.5769230769230769" lines-covered="41" lines-valid="59" branches-covered="15" branches-valid="26" complexity="2.2" version="2.1.1" timestamp="1511793388272">
	<sources>
		<source>--source</source>
		<source>/Users/lukaszlenart/Projects/Apache/struts/plugins/jfreechart/target/generated-sources/annotations</source>
		<source>/Users/lukaszlenart/Projects/Apache/struts/plugins/jfreechart/src/main/java</source>
	</sources>
	<packages>
		<package name="org.apache.struts2.dispatcher" line-rate="0.6949152542372882" branch-rate="0.5769230769230769" complexity="2.2">
			<classes>
				<class name="org.apache.struts2.dispatcher.ChartResult" filename="org/apache/struts2/dispatcher/ChartResult.java" line-rate="0.6949152542372882" branch-rate="0.5769230769230769" complexity="2.2">
					<methods>
						<method name="&lt;clinit&gt;" signature="()V" line-rate="1.0" branch-rate="1.0" complexity="0">
							<lines>
								<line number="105" hits="1" branch="false"/>
							</lines>
						</method>
						<method name="&lt;init&gt;" signature="()V" line-rate="1.0" branch-rate="1.0" complexity="0">
							<lines>
								<line number="120" hits="5" branch="false"/>
								<line number="121" hits="5" branch="false"/>
							</lines>
						</method>
						<method name="&lt;init&gt;" signature="(Lorg/jfree/chart/JFreeChart;Ljava/lang/String;Ljava/lang/String;)V" line-rate="0.2857142857142857" branch-rate="1.0" complexity="0">
							<lines>
								<line number="114" hits="5" branch="false"/>
								<line number="115" hits="5" branch="false"/>
								<line number="123" hits="0" branch="false"/>
								<line number="124" hits="0" branch="false"/>
								<line number="125" hits="0" branch="false"/>
								<line number="126" hits="0" branch="false"/>
								<line number="127" hits="0" branch="false"/>
							</lines>
						</method>
						<method name="doExecute" signature="(Ljava/lang/String;Lcom/opensymphony/xwork2/ActionInvocation;)V" line-rate="0.8" branch-rate="0.5" complexity="0">
							<lines>
								<line number="184" hits="5" branch="false"/>
								<line number="186" hits="5" branch="true" condition-coverage="50% (1/2)">
									<conditions>
										<condition number="0" type="jump" coverage="50%"/>
									</conditions>
								</line>
								<line number="187" hits="0" branch="false"/>
								<line number="188" hits="5" branch="true" condition-coverage="100% (2/2)">
									<conditions>
										<condition number="0" type="jump" coverage="100%"/>
									</conditions>
								</line>
								<line number="189" hits="1" branch="false"/>
								<line number="191" hits="4" branch="true" condition-coverage="50% (1/2)">
									<conditions>
										<condition number="0" type="jump" coverage="50%"/>
									</conditions>
								</line>
								<line number="192" hits="0" branch="false"/>
								<line number="193" hits="4" branch="true" condition-coverage="50% (1/2)">
									<conditions>
										<condition number="0" type="jump" coverage="50%"/>
									</conditions>
								</line>
								<line number="194" hits="0" branch="false"/>
								<line number="197" hits="4" branch="false"/>
								<line number="198" hits="4" branch="false"/>
								<line number="201" hits="4" branch="true" condition-coverage="100% (2/2)">
									<conditions>
										<condition number="0" type="jump" coverage="100%"/>
									</conditions>
								</line>
								<line number="202" hits="3" branch="false"/>
								<line number="203" hits="3" branch="false"/>
								<line number="205" hits="1" branch="true" condition-coverage="25% (1/4)">
									<conditions>
										<condition number="0" type="jump" coverage="50%"/>
										<condition number="1" type="jump" coverage="0%"/>
									</conditions>
								</line>
								<line number="206" hits="1" branch="false"/>
								<line number="207" hits="1" branch="false"/>
								<line number="210" hits="0" branch="false"/>
								<line number="212" hits="4" branch="true" condition-coverage="25% (1/4)">
									<conditions>
										<condition number="0" type="jump" coverage="50%"/>
										<condition number="1" type="jump" coverage="0%"/>
									</conditions>
								</line>
								<line number="214" hits="4" branch="false"/>
							</lines>
						</method>
						<method name="getChart" signature="()Lorg/jfree/chart/JFreeChart;" line-rate="0.0" branch-rate="1.0" complexity="0">
							<lines>
								<line number="164" hits="0" branch="false"/>
							</lines>
						</method>
						<method name="getHeight" signature="()Ljava/lang/String;" line-rate="1.0" branch-rate="1.0" complexity="0">
							<lines>
								<line number="132" hits="2" branch="false"/>
							</lines>
						</method>
						<method name="getIntValueFromString" signature="(Ljava/lang/String;)Ljava/lang/Integer;" line-rate="0.25" branch-rate="1.0" complexity="0">
							<lines>
								<line number="243" hits="8" branch="false"/>
								<line number="244" hits="0" branch="false"/>
								<line number="245" hits="0" branch="false"/>
								<line number="246" hits="0" branch="false"/>
							</lines>
						</method>
						<method name="getType" signature="()Ljava/lang/String;" line-rate="0.0" branch-rate="1.0" complexity="0">
							<lines>
								<line number="148" hits="0" branch="false"/>
							</lines>
						</method>
						<method name="getValue" signature="()Ljava/lang/String;" line-rate="0.0" branch-rate="1.0" complexity="0">
							<lines>
								<line number="156" hits="0" branch="false"/>
							</lines>
						</method>
						<method name="getWidth" signature="()Ljava/lang/String;" line-rate="1.0" branch-rate="1.0" complexity="0">
							<lines>
								<line number="140" hits="2" branch="false"/>
							</lines>
						</method>
						<method name="initializeProperties" signature="(Lcom/opensymphony/xwork2/ActionInvocation;)V" line-rate="0.8888888888888888" branch-rate="0.75" complexity="0">
							<lines>
								<line number="224" hits="5" branch="true" condition-coverage="100% (2/2)">
									<conditions>
										<condition number="0" type="jump" coverage="100%"/>
									</conditions>
								</line>
								<line number="225" hits="4" branch="false"/>
								<line number="228" hits="5" branch="true" condition-coverage="100% (2/2)">
									<conditions>
										<condition number="0" type="jump" coverage="100%"/>
									</conditions>
								</line>
								<line number="229" hits="4" branch="false"/>
								<line number="232" hits="5" branch="true" condition-coverage="50% (1/2)">
									<conditions>
										<condition number="0" type="jump" coverage="50%"/>
									</conditions>
								</line>
								<line number="233" hits="5" branch="false"/>
								<line number="236" hits="5" branch="true" condition-coverage="50% (1/2)">
									<conditions>
										<condition number="0" type="jump" coverage="50%"/>
									</conditions>
								</line>
								<line number="237" hits="0" branch="false"/>
								<line number="239" hits="5" branch="false"/>
							</lines>
						</method>
						<method name="setChart" signature="(Lorg/jfree/chart/JFreeChart;)V" line-rate="1.0" branch-rate="1.0" complexity="0">
							<lines>
								<line number="168" hits="5" branch="false"/>
								<line number="169" hits="5" branch="false"/>
								<line number="170" hits="5" branch="false"/>
							</lines>
						</method>
						<method name="setHeight" signature="(Ljava/lang/String;)V" line-rate="1.0" branch-rate="1.0" complexity="0">
							<lines>
								<line number="136" hits="4" branch="false"/>
								<line number="137" hits="4" branch="false"/>
							</lines>
						</method>
						<method name="setType" signature="(Ljava/lang/String;)V" line-rate="1.0" branch-rate="1.0" complexity="0">
							<lines>
								<line number="152" hits="2" branch="false"/>
								<line number="153" hits="2" branch="false"/>
							</lines>
						</method>
						<method name="setValue" signature="(Ljava/lang/String;)V" line-rate="0.0" branch-rate="1.0" complexity="0">
							<lines>
								<line number="160" hits="0" branch="false"/>
								<line number="161" hits="0" branch="false"/>
							</lines>
						</method>
						<method name="setWidth" signature="(Ljava/lang/String;)V" line-rate="1.0" branch-rate="1.0" complexity="0">
							<lines>
								<line number="144" hits="4" branch="false"/>
								<line number="145" hits="4" branch="false"/>
							</lines>
						</method>
					</methods>
					<lines>
						<line number="105" hits="1" branch="false"/>
						<line number="114" hits="5" branch="false"/>
						<line number="115" hits="5" branch="false"/>
						<line number="120" hits="5" branch="false"/>
						<line number="121" hits="5" branch="false"/>
						<line number="123" hits="0" branch="false"/>
						<line number="124" hits="0" branch="false"/>
						<line number="125" hits="0" branch="false"/>
						<line number="126" hits="0" branch="false"/>
						<line number="127" hits="0" branch="false"/>
						<line number="132" hits="2" branch="false"/>
						<line number="136" hits="4" branch="false"/>
						<line number="137" hits="4" branch="false"/>
						<line number="140" hits="2" branch="false"/>
						<line number="144" hits="4" branch="false"/>
						<line number="145" hits="4" branch="false"/>
						<line number="148" hits="0" branch="false"/>
						<line number="152" hits="2" branch="false"/>
						<line number="153" hits="2" branch="false"/>
						<line number="156" hits="0" branch="false"/>
						<line number="160" hits="0" branch="false"/>
						<line number="161" hits="0" branch="false"/>
						<line number="164" hits="0" branch="false"/>
						<line number="168" hits="5" branch="false"/>
						<line number="169" hits="5" branch="false"/>
						<line number="170" hits="5" branch="false"/>
						<line number="184" hits="5" branch="false"/>
						<line number="186" hits="5" branch="true" condition-coverage="50% (1/2)">
							<conditions>
								<condition number="0" type="jump" coverage="50%"/>
							</conditions>
						</line>
						<line number="187" hits="0" branch="false"/>
						<line number="188" hits="5" branch="true" condition-coverage="100% (2/2)">
							<conditions>
								<condition number="0" type="jump" coverage="100%"/>
							</conditions>
						</line>
						<line number="189" hits="1" branch="false"/>
						<line number="191" hits="4" branch="true" condition-coverage="50% (1/2)">
							<conditions>
								<condition number="0" type="jump" coverage="50%"/>
							</conditions>
						</line>
						<line number="192" hits="0" branch="false"/>
						<line number="193" hits="4" branch="true" condition-coverage="50% (1/2)">
							<conditions>
								<condition number="0" type="jump" coverage="50%"/>
							</conditions>
						</line>
						<line number="194" hits="0" branch="false"/>
						<line number="197" hits="4" branch="false"/>
						<line number="198" hits="4" branch="false"/>
						<line number="201" hits="4" branch="true" condition-coverage="100% (2/2)">
							<conditions>
								<condition number="0" type="jump" coverage="100%"/>
							</conditions>
						</line>
						<line number="202" hits="3" branch="false"/>
						<line number="203" hits="3" branch="false"/>
						<line number="205" hits="1" branch="true" condition-coverage="25% (1/4)">
							<conditions>
								<condition number="0" type="jump" coverage="50%"/>
								<condition number="1" type="jump" coverage="0%"/>
							</conditions>
						</line>
						<line number="206" hits="1" branch="false"/>
						<line number="207" hits="1" branch="false"/>
						<line number="210" hits="0" branch="false"/>
						<line number="212" hits="4" branch="true" condition-coverage="25% (1/4)">
							<conditions>
								<condition number="0" type="jump" coverage="50%"/>
								<condition number="1" type="jump" coverage="0%"/>
							</conditions>
						</line>
						<line number="214" hits="4" branch="false"/>
						<line number="224" hits="5" branch="true" condition-coverage="100% (2/2)">
							<conditions>
								<condition number="0" type="jump" coverage="100%"/>
							</conditions>
						</line>
						<line number="225" hits="4" branch="false"/>
						<line number="228" hits="5" branch="true" condition-coverage="100% (2/2)">
							<conditions>
								<condition number="0" type="jump" coverage="100%"/>
							</conditions>
						</line>
						<line number="229" hits="4" branch="false"/>
						<line number="232" hits="5" branch="true" condition-coverage="50% (1/2)">
							<conditions>
								<condition number="0" type="jump" coverage="50%"/>
							</conditions>
						</line>
						<line number="233" hits="5" branch="false"/>
						<line number="236" hits="5" branch="true" condition-coverage="50% (1/2)">
							<conditions>
								<condition number="0" type="jump" coverage="50%"/>
							</conditions>
						</line>
						<line number="237" hits="0" branch="false"/>
						<line number="239" hits="5" branch="false"/>
						<line number="243" hits="8" branch="false"/>
						<line number="244" hits="0" branch="false"/>
						<line number="245" hits="0" branch="false"/>
						<line number="246" hits="0" branch="false"/>
					</lines>
				</class>
			</classes>
		</package>
	</packages>
</coverage>
