<?xml version="1.0"?>
<!DOCTYPE coverage SYSTEM "http://cobertura.sourceforge.net/xml/coverage-04.dtd">

<coverage line-rate="0.6842105263157895" branch-rate="0.6284916201117319" lines-covered="429" lines-valid="627" branches-covered="225" branches-valid="358" complexity="2.4393939393939394" version="2.1.1" timestamp="1511793351932">
	<sources>
		<source>--source</source>
		<source>/Users/lukaszlenart/Projects/Apache/struts/plugins/rest/target/generated-sources/annotations</source>
		<source>/Users/lukaszlenart/Projects/Apache/struts/plugins/rest/src/main/java</source>
	</sources>
	<packages>
		<package name="org.apache.struts2.rest" line-rate="0.7577519379844961" branch-rate="0.66875" complexity="2.9213483146067416">
			<classes>
				<class name="org.apache.struts2.rest.ContentTypeHandlerManager" filename="org/apache/struts2/rest/ContentTypeHandlerManager.java" line-rate="1.0" branch-rate="1.0" complexity="1.0">
					<methods>
					</methods>
					<lines>
					</lines>
				</class>
				<class name="org.apache.struts2.rest.ContentTypeInterceptor" filename="org/apache/struts2/rest/ContentTypeInterceptor.java" line-rate="0.0" branch-rate="0.0" complexity="2.0">
					<methods>
						<method name="&lt;init&gt;" signature="()V" line-rate="0.0" branch-rate="1.0" complexity="0">
							<lines>
								<line number="35" hits="0" branch="false"/>
							</lines>
						</method>
						<method name="intercept" signature="(Lcom/opensymphony/xwork2/ActionInvocation;)Ljava/lang/String;" line-rate="0.0" branch-rate="0.0" complexity="0">
							<lines>
								<line number="46" hits="0" branch="false"/>
								<line number="47" hits="0" branch="false"/>
								<line number="49" hits="0" branch="false"/>
								<line number="50" hits="0" branch="true" condition-coverage="0% (0/2)">
									<conditions>
										<condition number="0" type="jump" coverage="0%"/>
									</conditions>
								</line>
								<line number="51" hits="0" branch="false"/>
								<line number="54" hits="0" branch="true" condition-coverage="0% (0/2)">
									<conditions>
										<condition number="0" type="jump" coverage="0%"/>
									</conditions>
								</line>
								<line number="55" hits="0" branch="false"/>
								<line number="56" hits="0" branch="false"/>
								<line number="57" hits="0" branch="false"/>
								<line number="59" hits="0" branch="false"/>
							</lines>
						</method>
						<method name="setContentTypeHandlerSelector" signature="(Lorg/apache/struts2/rest/ContentTypeHandlerManager;)V" line-rate="0.0" branch-rate="1.0" complexity="0">
							<lines>
								<line number="42" hits="0" branch="false"/>
								<line number="43" hits="0" branch="false"/>
							</lines>
						</method>
					</methods>
					<lines>
						<line number="35" hits="0" branch="false"/>
						<line number="42" hits="0" branch="false"/>
						<line number="43" hits="0" branch="false"/>
						<line number="46" hits="0" branch="false"/>
						<line number="47" hits="0" branch="false"/>
						<line number="49" hits="0" branch="false"/>
						<line number="50" hits="0" branch="true" condition-coverage="0% (0/2)">
							<conditions>
								<condition number="0" type="jump" coverage="0%"/>
							</conditions>
						</line>
						<line number="51" hits="0" branch="false"/>
						<line number="54" hits="0" branch="true" condition-coverage="0% (0/2)">
							<conditions>
								<condition number="0" type="jump" coverage="0%"/>
							</conditions>
						</line>
						<line number="55" hits="0" branch="false"/>
						<line number="56" hits="0" branch="false"/>
						<line number="57" hits="0" branch="false"/>
						<line number="59" hits="0" branch="false"/>
					</lines>
				</class>
				<class name="org.apache.struts2.rest.DefaultContentTypeHandlerManager" filename="org/apache/struts2/rest/DefaultContentTypeHandlerManager.java" line-rate="0.9052631578947369" branch-rate="0.6481481481481481" complexity="4.090909090909091">
					<methods>
						<method name="&lt;clinit&gt;" signature="()V" line-rate="1.0" branch-rate="1.0" complexity="0">
							<lines>
								<line number="44" hits="1" branch="false"/>
							</lines>
						</method>
						<method name="&lt;init&gt;" signature="()V" line-rate="1.0" branch-rate="1.0" complexity="0">
							<lines>
								<line number="42" hits="22" branch="false"/>
								<line number="47" hits="22" branch="false"/>
								<line number="49" hits="22" branch="false"/>
							</lines>
						</method>
						<method name="findExtension" signature="(Ljava/lang/String;)Ljava/lang/String;" line-rate="0.8" branch-rate="0.5" complexity="0">
							<lines>
								<line number="247" hits="1" branch="false"/>
								<line number="248" hits="1" branch="false"/>
								<line number="249" hits="1" branch="true" condition-coverage="50% (2/4)">
									<conditions>
										<condition number="0" type="jump" coverage="50%"/>
										<condition number="1" type="jump" coverage="50%"/>
									</conditions>
								</line>
								<line number="250" hits="1" branch="false"/>
								<line number="252" hits="0" branch="false"/>
							</lines>
						</method>
						<method name="findHandler" signature="(Ljava/lang/String;)Lorg/apache/struts2/rest/handler/ContentTypeHandler;" line-rate="0.8333333333333334" branch-rate="0.5" complexity="0">
							<lines>
								<line number="147" hits="1" branch="false"/>
								<line number="148" hits="1" branch="true" condition-coverage="50% (1/2)">
									<conditions>
										<condition number="0" type="jump" coverage="50%"/>
									</conditions>
								</line>
								<line number="150" hits="1" branch="false"/>
								<line number="151" hits="1" branch="true" condition-coverage="50% (1/2)">
									<conditions>
										<condition number="0" type="jump" coverage="50%"/>
									</conditions>
								</line>
								<line number="152" hits="1" branch="false"/>
								<line number="155" hits="0" branch="false"/>
							</lines>
						</method>
						<method name="getExtensionIfPresent" signature="(Ljava/lang/String;)Ljava/lang/String;" line-rate="0.8" branch-rate="0.25" complexity="0">
							<lines>
								<line number="232" hits="6" branch="false"/>
								<line number="233" hits="6" branch="false"/>
								<line number="234" hits="6" branch="true" condition-coverage="25% (1/4)">
									<conditions>
										<condition number="0" type="jump" coverage="50%"/>
										<condition number="1" type="jump" coverage="0%"/>
									</conditions>
								</line>
								<line number="235" hits="0" branch="false"/>
								<line number="237" hits="6" branch="false"/>
							</lines>
						</method>
						<method name="getHandlerForRequest" signature="(Ljavax/servlet/http/HttpServletRequest;)Lorg/apache/struts2/rest/handler/ContentTypeHandler;" line-rate="1.0" branch-rate="0.75" complexity="0">
							<lines>
								<line number="98" hits="5" branch="false"/>
								<line number="99" hits="5" branch="false"/>
								<line number="100" hits="5" branch="true" condition-coverage="50% (1/2)">
									<conditions>
										<condition number="0" type="jump" coverage="50%"/>
									</conditions>
								</line>
								<line number="101" hits="5" branch="false"/>
								<line number="102" hits="5" branch="true" condition-coverage="100% (2/2)">
									<conditions>
										<condition number="0" type="jump" coverage="100%"/>
									</conditions>
								</line>
								<line number="104" hits="4" branch="false"/>
								<line number="105" hits="4" branch="true" condition-coverage="50% (1/2)">
									<conditions>
										<condition number="0" type="jump" coverage="50%"/>
									</conditions>
								</line>
								<line number="106" hits="4" branch="false"/>
								<line number="108" hits="4" branch="false"/>
								<line number="111" hits="5" branch="true" condition-coverage="100% (2/2)">
									<conditions>
										<condition number="0" type="jump" coverage="100%"/>
									</conditions>
								</line>
								<line number="112" hits="1" branch="false"/>
								<line number="113" hits="1" branch="false"/>
								<line number="115" hits="5" branch="false"/>
							</lines>
						</method>
						<method name="getHandlerForResponse" signature="(Ljavax/servlet/http/HttpServletRequest;Ljavax/servlet/http/HttpServletResponse;)Lorg/apache/struts2/rest/handler/ContentTypeHandler;" line-rate="1.0" branch-rate="0.625" complexity="0">
							<lines>
								<line number="129" hits="6" branch="false"/>
								<line number="130" hits="6" branch="true" condition-coverage="50% (1/2)">
									<conditions>
										<condition number="0" type="jump" coverage="50%"/>
									</conditions>
								</line>
								<line number="131" hits="6" branch="false"/>
								<line number="132" hits="6" branch="false"/>
								<line number="133" hits="6" branch="true" condition-coverage="100% (2/2)">
									<conditions>
										<condition number="0" type="jump" coverage="100%"/>
									</conditions>
								</line>
								<line number="134" hits="1" branch="false"/>
								<line number="135" hits="1" branch="true" condition-coverage="50% (1/2)">
									<conditions>
										<condition number="0" type="jump" coverage="50%"/>
									</conditions>
								</line>
								<line number="136" hits="1" branch="false"/>
								<line number="137" hits="1" branch="true" condition-coverage="50% (1/2)">
									<conditions>
										<condition number="0" type="jump" coverage="50%"/>
									</conditions>
								</line>
								<line number="138" hits="1" branch="false"/>
								<line number="143" hits="5" branch="false"/>
							</lines>
						</method>
						<method name="handleResult" signature="(Lcom/opensymphony/xwork2/ActionInvocation;Ljava/lang/Object;Ljava/lang/Object;)Ljava/lang/String;" line-rate="0.9545454545454546" branch-rate="0.625" complexity="0">
							<lines>
								<line number="174" hits="2" branch="false"/>
								<line number="175" hits="2" branch="false"/>
								<line number="176" hits="2" branch="false"/>
								<line number="177" hits="2" branch="false"/>
								<line number="178" hits="2" branch="false"/>
								<line number="180" hits="2" branch="true" condition-coverage="50% (1/2)">
									<conditions>
										<condition number="0" type="jump" coverage="50%"/>
									</conditions>
								</line>
								<line number="181" hits="2" branch="false"/>
								<line number="184" hits="2" branch="false"/>
								<line number="185" hits="2" branch="true" condition-coverage="100% (2/2)">
									<conditions>
										<condition number="0" type="jump" coverage="100%"/>
									</conditions>
								</line>
								<line number="186" hits="1" branch="false"/>
								<line number="187" hits="1" branch="true" condition-coverage="50% (1/2)">
									<conditions>
										<condition number="0" type="jump" coverage="50%"/>
									</conditions>
								</line>
								<line number="188" hits="0" branch="false"/>
								<line number="190" hits="1" branch="false"/>
								<line number="191" hits="1" branch="false"/>
								<line number="192" hits="1" branch="false"/>
								<line number="193" hits="1" branch="true" condition-coverage="50% (1/2)">
									<conditions>
										<condition number="0" type="jump" coverage="50%"/>
									</conditions>
								</line>
								<line number="194" hits="1" branch="false"/>
								<line number="195" hits="1" branch="false"/>
								<line number="196" hits="1" branch="false"/>
								<line number="197" hits="1" branch="false"/>
								<line number="198" hits="1" branch="false"/>
								<line number="202" hits="2" branch="false"/>
							</lines>
						</method>
						<method name="handleResult" signature="(Lcom/opensymphony/xwork2/config/entities/ActionConfig;Ljava/lang/Object;Ljava/lang/Object;)Ljava/lang/String;" line-rate="0.0" branch-rate="1.0" complexity="0">
							<lines>
								<line number="160" hits="0" branch="false"/>
								<line number="161" hits="0" branch="false"/>
							</lines>
						</method>
						<method name="readResultCode" signature="(Ljava/lang/Object;)Ljava/lang/String;" line-rate="0.6" branch-rate="0.5" complexity="0">
							<lines>
								<line number="215" hits="2" branch="true" condition-coverage="50% (1/2)">
									<conditions>
										<condition number="0" type="jump" coverage="50%"/>
									</conditions>
								</line>
								<line number="216" hits="0" branch="false"/>
								<line number="218" hits="2" branch="true" condition-coverage="50% (1/2)">
									<conditions>
										<condition number="0" type="jump" coverage="50%"/>
									</conditions>
								</line>
								<line number="219" hits="2" branch="false"/>
								<line number="221" hits="0" branch="false"/>
							</lines>
						</method>
						<method name="readStatusCode" signature="(Ljava/lang/Object;)Ljava/lang/Integer;" line-rate="0.6666666666666666" branch-rate="0.5" complexity="0">
							<lines>
								<line number="207" hits="2" branch="true" condition-coverage="50% (1/2)">
									<conditions>
										<condition number="0" type="jump" coverage="50%"/>
									</conditions>
								</line>
								<line number="208" hits="2" branch="false"/>
								<line number="210" hits="0" branch="false"/>
							</lines>
						</method>
						<method name="setContainer" signature="(Lcom/opensymphony/xwork2/inject/Container;)V" line-rate="1.0" branch-rate="0.9166666666666666" complexity="0">
							<lines>
								<line number="60" hits="7" branch="false"/>
								<line number="61" hits="7" branch="true" condition-coverage="100% (2/2)">
									<conditions>
										<condition number="0" type="jump" coverage="100%"/>
									</conditions>
								</line>
								<line number="62" hits="10" branch="false"/>
								<line number="64" hits="10" branch="true" condition-coverage="100% (2/2)">
									<conditions>
										<condition number="0" type="jump" coverage="100%"/>
									</conditions>
								</line>
								<line number="66" hits="7" branch="false"/>
								<line number="67" hits="7" branch="true" condition-coverage="100% (2/2)">
									<conditions>
										<condition number="0" type="jump" coverage="100%"/>
									</conditions>
								</line>
								<line number="68" hits="2" branch="true" condition-coverage="100% (2/2)">
									<conditions>
										<condition number="0" type="jump" coverage="100%"/>
									</conditions>
								</line>
								<line number="69" hits="1" branch="false"/>
								<line number="75" hits="6" branch="false"/>
								<line number="78" hits="9" branch="true" condition-coverage="50% (1/2)">
									<conditions>
										<condition number="0" type="jump" coverage="50%"/>
									</conditions>
								</line>
								<line number="80" hits="9" branch="false"/>
								<line number="81" hits="9" branch="false"/>
								<line number="82" hits="9" branch="true" condition-coverage="100% (2/2)">
									<conditions>
										<condition number="0" type="jump" coverage="100%"/>
									</conditions>
								</line>
								<line number="84" hits="1" branch="false"/>
								<line number="87" hits="9" branch="false"/>
								<line number="89" hits="9" branch="false"/>
								<line number="90" hits="7" branch="false"/>
							</lines>
						</method>
						<method name="setDefaultExtension" signature="(Ljava/lang/String;)V" line-rate="1.0" branch-rate="1.0" complexity="0">
							<lines>
								<line number="55" hits="1" branch="false"/>
								<line number="56" hits="1" branch="false"/>
							</lines>
						</method>
					</methods>
					<lines>
						<line number="42" hits="22" branch="false"/>
						<line number="44" hits="1" branch="false"/>
						<line number="47" hits="22" branch="false"/>
						<line number="49" hits="22" branch="false"/>
						<line number="55" hits="1" branch="false"/>
						<line number="56" hits="1" branch="false"/>
						<line number="60" hits="7" branch="false"/>
						<line number="61" hits="7" branch="true" condition-coverage="100% (2/2)">
							<conditions>
								<condition number="0" type="jump" coverage="100%"/>
							</conditions>
						</line>
						<line number="62" hits="10" branch="false"/>
						<line number="64" hits="10" branch="true" condition-coverage="100% (2/2)">
							<conditions>
								<condition number="0" type="jump" coverage="100%"/>
							</conditions>
						</line>
						<line number="66" hits="7" branch="false"/>
						<line number="67" hits="7" branch="true" condition-coverage="100% (2/2)">
							<conditions>
								<condition number="0" type="jump" coverage="100%"/>
							</conditions>
						</line>
						<line number="68" hits="2" branch="true" condition-coverage="100% (2/2)">
							<conditions>
								<condition number="0" type="jump" coverage="100%"/>
							</conditions>
						</line>
						<line number="69" hits="1" branch="false"/>
						<line number="75" hits="6" branch="false"/>
						<line number="78" hits="9" branch="true" condition-coverage="50% (1/2)">
							<conditions>
								<condition number="0" type="jump" coverage="50%"/>
							</conditions>
						</line>
						<line number="80" hits="9" branch="false"/>
						<line number="81" hits="9" branch="false"/>
						<line number="82" hits="9" branch="true" condition-coverage="100% (2/2)">
							<conditions>
								<condition number="0" type="jump" coverage="100%"/>
							</conditions>
						</line>
						<line number="84" hits="1" branch="false"/>
						<line number="87" hits="9" branch="false"/>
						<line number="89" hits="9" branch="false"/>
						<line number="90" hits="7" branch="false"/>
						<line number="98" hits="5" branch="false"/>
						<line number="99" hits="5" branch="false"/>
						<line number="100" hits="5" branch="true" condition-coverage="50% (1/2)">
							<conditions>
								<condition number="0" type="jump" coverage="50%"/>
							</conditions>
						</line>
						<line number="101" hits="5" branch="false"/>
						<line number="102" hits="5" branch="true" condition-coverage="100% (2/2)">
							<conditions>
								<condition number="0" type="jump" coverage="100%"/>
							</conditions>
						</line>
						<line number="104" hits="4" branch="false"/>
						<line number="105" hits="4" branch="true" condition-coverage="50% (1/2)">
							<conditions>
								<condition number="0" type="jump" coverage="50%"/>
							</conditions>
						</line>
						<line number="106" hits="4" branch="false"/>
						<line number="108" hits="4" branch="false"/>
						<line number="111" hits="5" branch="true" condition-coverage="100% (2/2)">
							<conditions>
								<condition number="0" type="jump" coverage="100%"/>
							</conditions>
						</line>
						<line number="112" hits="1" branch="false"/>
						<line number="113" hits="1" branch="false"/>
						<line number="115" hits="5" branch="false"/>
						<line number="129" hits="6" branch="false"/>
						<line number="130" hits="6" branch="true" condition-coverage="50% (1/2)">
							<conditions>
								<condition number="0" type="jump" coverage="50%"/>
							</conditions>
						</line>
						<line number="131" hits="6" branch="false"/>
						<line number="132" hits="6" branch="false"/>
						<line number="133" hits="6" branch="true" condition-coverage="100% (2/2)">
							<conditions>
								<condition number="0" type="jump" coverage="100%"/>
							</conditions>
						</line>
						<line number="134" hits="1" branch="false"/>
						<line number="135" hits="1" branch="true" condition-coverage="50% (1/2)">
							<conditions>
								<condition number="0" type="jump" coverage="50%"/>
							</conditions>
						</line>
						<line number="136" hits="1" branch="false"/>
						<line number="137" hits="1" branch="true" condition-coverage="50% (1/2)">
							<conditions>
								<condition number="0" type="jump" coverage="50%"/>
							</conditions>
						</line>
						<line number="138" hits="1" branch="false"/>
						<line number="143" hits="5" branch="false"/>
						<line number="147" hits="1" branch="false"/>
						<line number="148" hits="1" branch="true" condition-coverage="50% (1/2)">
							<conditions>
								<condition number="0" type="jump" coverage="50%"/>
							</conditions>
						</line>
						<line number="150" hits="1" branch="false"/>
						<line number="151" hits="1" branch="true" condition-coverage="50% (1/2)">
							<conditions>
								<condition number="0" type="jump" coverage="50%"/>
							</conditions>
						</line>
						<line number="152" hits="1" branch="false"/>
						<line number="155" hits="0" branch="false"/>
						<line number="160" hits="0" branch="false"/>
						<line number="161" hits="0" branch="false"/>
						<line number="174" hits="2" branch="false"/>
						<line number="175" hits="2" branch="false"/>
						<line number="176" hits="2" branch="false"/>
						<line number="177" hits="2" branch="false"/>
						<line number="178" hits="2" branch="false"/>
						<line number="180" hits="2" branch="true" condition-coverage="50% (1/2)">
							<conditions>
								<condition number="0" type="jump" coverage="50%"/>
							</conditions>
						</line>
						<line number="181" hits="2" branch="false"/>
						<line number="184" hits="2" branch="false"/>
						<line number="185" hits="2" branch="true" condition-coverage="100% (2/2)">
							<conditions>
								<condition number="0" type="jump" coverage="100%"/>
							</conditions>
						</line>
						<line number="186" hits="1" branch="false"/>
						<line number="187" hits="1" branch="true" condition-coverage="50% (1/2)">
							<conditions>
								<condition number="0" type="jump" coverage="50%"/>
							</conditions>
						</line>
						<line number="188" hits="0" branch="false"/>
						<line number="190" hits="1" branch="false"/>
						<line number="191" hits="1" branch="false"/>
						<line number="192" hits="1" branch="false"/>
						<line number="193" hits="1" branch="true" condition-coverage="50% (1/2)">
							<conditions>
								<condition number="0" type="jump" coverage="50%"/>
							</conditions>
						</line>
						<line number="194" hits="1" branch="false"/>
						<line number="195" hits="1" branch="false"/>
						<line number="196" hits="1" branch="false"/>
						<line number="197" hits="1" branch="false"/>
						<line number="198" hits="1" branch="false"/>
						<line number="202" hits="2" branch="false"/>
						<line number="207" hits="2" branch="true" condition-coverage="50% (1/2)">
							<conditions>
								<condition number="0" type="jump" coverage="50%"/>
							</conditions>
						</line>
						<line number="208" hits="2" branch="false"/>
						<line number="210" hits="0" branch="false"/>
						<line number="215" hits="2" branch="true" condition-coverage="50% (1/2)">
							<conditions>
								<condition number="0" type="jump" coverage="50%"/>
							</conditions>
						</line>
						<line number="216" hits="0" branch="false"/>
						<line number="218" hits="2" branch="true" condition-coverage="50% (1/2)">
							<conditions>
								<condition number="0" type="jump" coverage="50%"/>
							</conditions>
						</line>
						<line number="219" hits="2" branch="false"/>
						<line number="221" hits="0" branch="false"/>
						<line number="232" hits="6" branch="false"/>
						<line number="233" hits="6" branch="false"/>
						<line number="234" hits="6" branch="true" condition-coverage="25% (1/4)">
							<conditions>
								<condition number="0" type="jump" coverage="50%"/>
								<condition number="1" type="jump" coverage="0%"/>
							</conditions>
						</line>
						<line number="235" hits="0" branch="false"/>
						<line number="237" hits="6" branch="false"/>
						<line number="247" hits="1" branch="false"/>
						<line number="248" hits="1" branch="false"/>
						<line number="249" hits="1" branch="true" condition-coverage="50% (2/4)">
							<conditions>
								<condition number="0" type="jump" coverage="50%"/>
								<condition number="1" type="jump" coverage="50%"/>
							</conditions>
						</line>
						<line number="250" hits="1" branch="false"/>
						<line number="252" hits="0" branch="false"/>
					</lines>
				</class>
				<class name="org.apache.struts2.rest.DefaultHttpHeaders" filename="org/apache/struts2/rest/DefaultHttpHeaders.java" line-rate="0.9682539682539683" branch-rate="0.875" complexity="2.533333333333333">
					<methods>
						<method name="&lt;init&gt;" signature="()V" line-rate="1.0" branch-rate="1.0" complexity="0">
							<lines>
								<line number="43" hits="18" branch="false"/>
								<line number="44" hits="18" branch="false"/>
							</lines>
						</method>
						<method name="&lt;init&gt;" signature="(Ljava/lang/String;)V" line-rate="1.0" branch-rate="1.0" complexity="0">
							<lines>
								<line number="35" hits="23" branch="false"/>
								<line number="40" hits="23" branch="false"/>
								<line number="46" hits="5" branch="false"/>
								<line number="47" hits="5" branch="false"/>
								<line number="48" hits="5" branch="false"/>
							</lines>
						</method>
						<method name="apply" signature="(Ljavax/servlet/http/HttpServletRequest;Ljavax/servlet/http/HttpServletResponse;Ljava/lang/Object;)Ljava/lang/String;" line-rate="1.0" branch-rate="0.8863636363636364" complexity="0">
							<lines>
								<line number="95" hits="18" branch="true" condition-coverage="100% (2/2)">
									<conditions>
										<condition number="0" type="jump" coverage="100%"/>
									</conditions>
								</line>
								<line number="96" hits="2" branch="false"/>
								<line number="98" hits="18" branch="true" condition-coverage="100% (2/2)">
									<conditions>
										<condition number="0" type="jump" coverage="100%"/>
									</conditions>
								</line>
								<line number="99" hits="8" branch="false"/>
								<line number="101" hits="18" branch="true" condition-coverage="83% (5/6)">
									<conditions>
										<condition number="0" type="jump" coverage="100%"/>
										<condition number="1" type="jump" coverage="50%"/>
										<condition number="2" type="jump" coverage="100%"/>
									</conditions>
								</line>
								<line number="102" hits="11" branch="false"/>
								<line number="104" hits="18" branch="true" condition-coverage="100% (2/2)">
									<conditions>
										<condition number="0" type="jump" coverage="100%"/>
									</conditions>
								</line>
								<line number="105" hits="17" branch="false"/>
								<line number="108" hits="18" branch="true" condition-coverage="100% (2/2)">
									<conditions>
										<condition number="0" type="jump" coverage="100%"/>
									</conditions>
								</line>
								<line number="109" hits="2" branch="false"/>
								<line number="110" hits="2" branch="false"/>
								<line number="111" hits="2" branch="false"/>
								<line number="112" hits="2" branch="true" condition-coverage="75% (3/4)">
									<conditions>
										<condition number="0" type="jump" coverage="100%"/>
										<condition number="1" type="jump" coverage="50%"/>
									</conditions>
								</line>
								<line number="113" hits="1" branch="false"/>
								<line number="115" hits="1" branch="false"/>
								<line number="117" hits="2" branch="false"/>
								<line number="118" hits="2" branch="false"/>
								<line number="119" hits="2" branch="true" condition-coverage="100% (2/2)">
									<conditions>
										<condition number="0" type="jump" coverage="100%"/>
									</conditions>
								</line>
								<line number="120" hits="1" branch="false"/>
								<line number="121" hits="1" branch="false"/>
								<line number="124" hits="18" branch="true" condition-coverage="100% (4/4)">
									<conditions>
										<condition number="0" type="jump" coverage="100%"/>
										<condition number="1" type="jump" coverage="100%"/>
									</conditions>
								</line>
								<line number="125" hits="12" branch="false"/>
								<line number="126" hits="12" branch="false"/>
								<line number="127" hits="12" branch="false"/>
								<line number="128" hits="12" branch="true" condition-coverage="100% (2/2)">
									<conditions>
										<condition number="0" type="jump" coverage="100%"/>
									</conditions>
								</line>
								<line number="129" hits="11" branch="true" condition-coverage="100% (2/2)">
									<conditions>
										<condition number="0" type="jump" coverage="100%"/>
									</conditions>
								</line>
								<line number="130" hits="3" branch="false"/>
								<line number="134" hits="12" branch="false"/>
								<line number="135" hits="12" branch="true" condition-coverage="75% (3/4)">
									<conditions>
										<condition number="0" type="jump" coverage="100%"/>
										<condition number="1" type="jump" coverage="50%"/>
									</conditions>
								</line>
								<line number="136" hits="6" branch="false"/>
								<line number="139" hits="12" branch="true" condition-coverage="83% (10/12)">
									<conditions>
										<condition number="0" type="jump" coverage="100%"/>
										<condition number="1" type="jump" coverage="100%"/>
										<condition number="2" type="jump" coverage="100%"/>
										<condition number="3" type="jump" coverage="50%"/>
										<condition number="4" type="jump" coverage="100%"/>
										<condition number="5" type="jump" coverage="50%"/>
									</conditions>
								</line>
								<line number="142" hits="6" branch="false"/>
								<line number="146" hits="18" branch="false"/>
								<line number="147" hits="18" branch="false"/>
							</lines>
						</method>
						<method name="compareIfModifiedSince" signature="(Ljava/lang/String;)Z" line-rate="1.0" branch-rate="0.75" complexity="0">
							<lines>
								<line number="151" hits="6" branch="false"/>
								<line number="152" hits="6" branch="true" condition-coverage="75% (3/4)">
									<conditions>
										<condition number="0" type="jump" coverage="100%"/>
										<condition number="1" type="jump" coverage="50%"/>
									</conditions>
								</line>
							</lines>
						</method>
						<method name="disableCaching" signature="()Lorg/apache/struts2/rest/DefaultHttpHeaders;" line-rate="1.0" branch-rate="1.0" complexity="0">
							<lines>
								<line number="86" hits="4" branch="false"/>
								<line number="87" hits="4" branch="false"/>
							</lines>
						</method>
						<method name="getResultCode" signature="()Ljava/lang/String;" line-rate="1.0" branch-rate="1.0" complexity="0">
							<lines>
								<line number="164" hits="3" branch="false"/>
							</lines>
						</method>
						<method name="getStatus" signature="()I" line-rate="1.0" branch-rate="1.0" complexity="0">
							<lines>
								<line number="156" hits="7" branch="false"/>
							</lines>
						</method>
						<method name="lastModified" signature="(Ljava/util/Date;)Lorg/apache/struts2/rest/DefaultHttpHeaders;" line-rate="1.0" branch-rate="1.0" complexity="0">
							<lines>
								<line number="81" hits="8" branch="false"/>
								<line number="82" hits="8" branch="false"/>
							</lines>
						</method>
						<method name="renderResult" signature="(Ljava/lang/String;)Lorg/apache/struts2/rest/DefaultHttpHeaders;" line-rate="1.0" branch-rate="1.0" complexity="0">
							<lines>
								<line number="51" hits="1" branch="false"/>
								<line number="52" hits="1" branch="false"/>
							</lines>
						</method>
						<method name="setLocation" signature="(Ljava/lang/String;)Lorg/apache/struts2/rest/DefaultHttpHeaders;" line-rate="1.0" branch-rate="1.0" complexity="0">
							<lines>
								<line number="76" hits="1" branch="false"/>
								<line number="77" hits="1" branch="false"/>
							</lines>
						</method>
						<method name="setLocationId" signature="(Ljava/lang/Object;)Lorg/apache/struts2/rest/DefaultHttpHeaders;" line-rate="1.0" branch-rate="1.0" complexity="0">
							<lines>
								<line number="71" hits="2" branch="false"/>
								<line number="72" hits="2" branch="false"/>
							</lines>
						</method>
						<method name="setStatus" signature="(I)V" line-rate="1.0" branch-rate="1.0" complexity="0">
							<lines>
								<line number="160" hits="1" branch="false"/>
								<line number="161" hits="1" branch="false"/>
							</lines>
						</method>
						<method name="withETag" signature="(Ljava/lang/Object;)Lorg/apache/struts2/rest/DefaultHttpHeaders;" line-rate="1.0" branch-rate="1.0" complexity="0">
							<lines>
								<line number="61" hits="6" branch="false"/>
								<line number="62" hits="6" branch="false"/>
							</lines>
						</method>
						<method name="withNoETag" signature="()Lorg/apache/struts2/rest/DefaultHttpHeaders;" line-rate="0.0" branch-rate="1.0" complexity="0">
							<lines>
								<line number="66" hits="0" branch="false"/>
								<line number="67" hits="0" branch="false"/>
							</lines>
						</method>
						<method name="withStatus" signature="(I)Lorg/apache/struts2/rest/DefaultHttpHeaders;" line-rate="1.0" branch-rate="1.0" complexity="0">
							<lines>
								<line number="56" hits="6" branch="false"/>
								<line number="57" hits="6" branch="false"/>
							</lines>
						</method>
					</methods>
					<lines>
						<line number="35" hits="23" branch="false"/>
						<line number="40" hits="23" branch="false"/>
						<line number="43" hits="18" branch="false"/>
						<line number="44" hits="18" branch="false"/>
						<line number="46" hits="5" branch="false"/>
						<line number="47" hits="5" branch="false"/>
						<line number="48" hits="5" branch="false"/>
						<line number="51" hits="1" branch="false"/>
						<line number="52" hits="1" branch="false"/>
						<line number="56" hits="6" branch="false"/>
						<line number="57" hits="6" branch="false"/>
						<line number="61" hits="6" branch="false"/>
						<line number="62" hits="6" branch="false"/>
						<line number="66" hits="0" branch="false"/>
						<line number="67" hits="0" branch="false"/>
						<line number="71" hits="2" branch="false"/>
						<line number="72" hits="2" branch="false"/>
						<line number="76" hits="1" branch="false"/>
						<line number="77" hits="1" branch="false"/>
						<line number="81" hits="8" branch="false"/>
						<line number="82" hits="8" branch="false"/>
						<line number="86" hits="4" branch="false"/>
						<line number="87" hits="4" branch="false"/>
						<line number="95" hits="18" branch="true" condition-coverage="100% (2/2)">
							<conditions>
								<condition number="0" type="jump" coverage="100%"/>
							</conditions>
						</line>
						<line number="96" hits="2" branch="false"/>
						<line number="98" hits="18" branch="true" condition-coverage="100% (2/2)">
							<conditions>
								<condition number="0" type="jump" coverage="100%"/>
							</conditions>
						</line>
						<line number="99" hits="8" branch="false"/>
						<line number="101" hits="18" branch="true" condition-coverage="83% (5/6)">
							<conditions>
								<condition number="0" type="jump" coverage="100%"/>
								<condition number="1" type="jump" coverage="50%"/>
								<condition number="2" type="jump" coverage="100%"/>
							</conditions>
						</line>
						<line number="102" hits="11" branch="false"/>
						<line number="104" hits="18" branch="true" condition-coverage="100% (2/2)">
							<conditions>
								<condition number="0" type="jump" coverage="100%"/>
							</conditions>
						</line>
						<line number="105" hits="17" branch="false"/>
						<line number="108" hits="18" branch="true" condition-coverage="100% (2/2)">
							<conditions>
								<condition number="0" type="jump" coverage="100%"/>
							</conditions>
						</line>
						<line number="109" hits="2" branch="false"/>
						<line number="110" hits="2" branch="false"/>
						<line number="111" hits="2" branch="false"/>
						<line number="112" hits="2" branch="true" condition-coverage="75% (3/4)">
							<conditions>
								<condition number="0" type="jump" coverage="100%"/>
								<condition number="1" type="jump" coverage="50%"/>
							</conditions>
						</line>
						<line number="113" hits="1" branch="false"/>
						<line number="115" hits="1" branch="false"/>
						<line number="117" hits="2" branch="false"/>
						<line number="118" hits="2" branch="false"/>
						<line number="119" hits="2" branch="true" condition-coverage="100% (2/2)">
							<conditions>
								<condition number="0" type="jump" coverage="100%"/>
							</conditions>
						</line>
						<line number="120" hits="1" branch="false"/>
						<line number="121" hits="1" branch="false"/>
						<line number="124" hits="18" branch="true" condition-coverage="100% (4/4)">
							<conditions>
								<condition number="0" type="jump" coverage="100%"/>
								<condition number="1" type="jump" coverage="100%"/>
							</conditions>
						</line>
						<line number="125" hits="12" branch="false"/>
						<line number="126" hits="12" branch="false"/>
						<line number="127" hits="12" branch="false"/>
						<line number="128" hits="12" branch="true" condition-coverage="100% (2/2)">
							<conditions>
								<condition number="0" type="jump" coverage="100%"/>
							</conditions>
						</line>
						<line number="129" hits="11" branch="true" condition-coverage="100% (2/2)">
							<conditions>
								<condition number="0" type="jump" coverage="100%"/>
							</conditions>
						</line>
						<line number="130" hits="3" branch="false"/>
						<line number="134" hits="12" branch="false"/>
						<line number="135" hits="12" branch="true" condition-coverage="75% (3/4)">
							<conditions>
								<condition number="0" type="jump" coverage="100%"/>
								<condition number="1" type="jump" coverage="50%"/>
							</conditions>
						</line>
						<line number="136" hits="6" branch="false"/>
						<line number="139" hits="12" branch="true" condition-coverage="83% (10/12)">
							<conditions>
								<condition number="0" type="jump" coverage="100%"/>
								<condition number="1" type="jump" coverage="100%"/>
								<condition number="2" type="jump" coverage="100%"/>
								<condition number="3" type="jump" coverage="50%"/>
								<condition number="4" type="jump" coverage="100%"/>
								<condition number="5" type="jump" coverage="50%"/>
							</conditions>
						</line>
						<line number="142" hits="6" branch="false"/>
						<line number="146" hits="18" branch="false"/>
						<line number="147" hits="18" branch="false"/>
						<line number="151" hits="6" branch="false"/>
						<line number="152" hits="6" branch="true" condition-coverage="75% (3/4)">
							<conditions>
								<condition number="0" type="jump" coverage="100%"/>
								<condition number="1" type="jump" coverage="50%"/>
							</conditions>
						</line>
						<line number="156" hits="7" branch="false"/>
						<line number="160" hits="1" branch="false"/>
						<line number="161" hits="1" branch="false"/>
						<line number="164" hits="3" branch="false"/>
					</lines>
				</class>
				<class name="org.apache.struts2.rest.HttpHeaders" filename="org/apache/struts2/rest/HttpHeaders.java" line-rate="1.0" branch-rate="1.0" complexity="1.0">
					<methods>
					</methods>
					<lines>
					</lines>
				</class>
				<class name="org.apache.struts2.rest.RestActionInvocation" filename="org/apache/struts2/rest/RestActionInvocation.java" line-rate="0.7608695652173914" branch-rate="0.6382978723404256" complexity="4.4">
					<methods>
						<method name="&lt;clinit&gt;" signature="()V" line-rate="1.0" branch-rate="1.0" complexity="0">
							<lines>
								<line number="51" hits="1" branch="false"/>
							</lines>
						</method>
						<method name="&lt;init&gt;" signature="(Ljava/util/Map;Z)V" line-rate="1.0" branch-rate="1.0" complexity="0">
							<lines>
								<line number="56" hits="11" branch="false"/>
								<line number="60" hits="11" branch="false"/>
								<line number="64" hits="11" branch="false"/>
								<line number="65" hits="11" branch="false"/>
							</lines>
						</method>
						<method name="disableCatching" signature="(Ljavax/servlet/http/HttpServletResponse;)V" line-rate="1.0" branch-rate="1.0" complexity="0">
							<lines>
								<line number="341" hits="1" branch="false"/>
								<line number="342" hits="1" branch="false"/>
								<line number="343" hits="1" branch="false"/>
								<line number="344" hits="1" branch="false"/>
							</lines>
						</method>
						<method name="executeResult" signature="()V" line-rate="0.8461538461538461" branch-rate="0.6" complexity="0">
							<lines>
								<line number="208" hits="3" branch="false"/>
								<line number="212" hits="3" branch="false"/>
								<line number="214" hits="3" branch="true" condition-coverage="100% (2/2)">
									<conditions>
										<condition number="0" type="jump" coverage="100%"/>
									</conditions>
								</line>
								<line number="217" hits="1" branch="false"/>
								<line number="218" hits="1" branch="false"/>
								<line number="221" hits="3" branch="true" condition-coverage="25% (1/4)">
									<conditions>
										<condition number="0" type="jump" coverage="50%"/>
										<condition number="1" type="jump" coverage="0%"/>
									</conditions>
								</line>
								<line number="224" hits="0" branch="false"/>
								<line number="227" hits="3" branch="false"/>
								<line number="228" hits="2" branch="true" condition-coverage="100% (2/2)">
									<conditions>
										<condition number="0" type="jump" coverage="100%"/>
									</conditions>
								</line>
								<line number="229" hits="1" branch="false"/>
								<line number="231" hits="1" branch="true" condition-coverage="50% (1/2)">
									<conditions>
										<condition number="0" type="jump" coverage="50%"/>
									</conditions>
								</line>
								<line number="232" hits="0" branch="false"/>
								<line number="236" hits="2" branch="false"/>
							</lines>
						</method>
						<method name="findResult" signature="()V" line-rate="0.9285714285714286" branch-rate="0.6785714285714286" complexity="0">
							<lines>
								<line number="259" hits="3" branch="false"/>
								<line number="260" hits="3" branch="true" condition-coverage="75% (3/4)">
									<conditions>
										<condition number="0" type="jump" coverage="100%"/>
										<condition number="1" type="jump" coverage="50%"/>
									</conditions>
								</line>
								<line number="261" hits="1" branch="false"/>
								<line number="262" hits="1" branch="false"/>
								<line number="265" hits="3" branch="true" condition-coverage="62% (5/8)">
									<conditions>
										<condition number="0" type="jump" coverage="50%"/>
										<condition number="1" type="jump" coverage="100%"/>
										<condition number="2" type="jump" coverage="50%"/>
										<condition number="3" type="jump" coverage="50%"/>
									</conditions>
								</line>
								<line number="269" hits="0" branch="false"/>
								<line number="273" hits="3" branch="true" condition-coverage="66% (4/6)">
									<conditions>
										<condition number="0" type="jump" coverage="50%"/>
										<condition number="1" type="jump" coverage="100%"/>
										<condition number="2" type="jump" coverage="50%"/>
									</conditions>
								</line>
								<line number="276" hits="1" branch="false"/>
								<line number="277" hits="1" branch="true" condition-coverage="50% (1/2)">
									<conditions>
										<condition number="0" type="jump" coverage="50%"/>
									</conditions>
								</line>
								<line number="278" hits="1" branch="false"/>
								<line number="279" hits="1" branch="false"/>
								<line number="283" hits="3" branch="true" condition-coverage="75% (6/8)">
									<conditions>
										<condition number="0" type="jump" coverage="100%"/>
										<condition number="1" type="jump" coverage="50%"/>
										<condition number="2" type="jump" coverage="50%"/>
										<condition number="3" type="jump" coverage="100%"/>
									</conditions>
								</line>
								<line number="285" hits="1" branch="false"/>
								<line number="289" hits="2" branch="false"/>
							</lines>
						</method>
						<method name="invoke" signature="()Ljava/lang/String;" line-rate="0.5833333333333334" branch-rate="0.6666666666666666" complexity="0">
							<lines>
								<line number="121" hits="2" branch="false"/>
								<line number="123" hits="2" branch="false"/>
								<line number="124" hits="2" branch="true" condition-coverage="100% (2/2)">
									<conditions>
										<condition number="0" type="jump" coverage="100%"/>
									</conditions>
								</line>
								<line number="125" hits="1" branch="false"/>
								<line number="126" hits="1" branch="false"/>
								<line number="127" hits="1" branch="false"/>
								<line number="131" hits="2" branch="false"/>
								<line number="132" hits="2" branch="false"/>
								<line number="135" hits="2" branch="true" condition-coverage="100% (2/2)">
									<conditions>
										<condition number="0" type="jump" coverage="100%"/>
									</conditions>
								</line>
								<line number="136" hits="1" branch="false"/>
								<line number="139" hits="1" branch="false"/>
								<line number="141" hits="0" branch="false"/>
								<line number="142" hits="0" branch="false"/>
								<line number="144" hits="0" branch="false"/>
								<line number="147" hits="0" branch="false"/>
								<line number="149" hits="0" branch="true" condition-coverage="0% (0/2)">
									<conditions>
										<condition number="0" type="jump" coverage="0%"/>
									</conditions>
								</line>
								<line number="150" hits="0" branch="false"/>
								<line number="152" hits="0" branch="false"/>
								<line number="153" hits="0" branch="false"/>
								<line number="154" hits="0" branch="false"/>
								<line number="155" hits="0" branch="false"/>
								<line number="157" hits="1" branch="false"/>
								<line number="160" hits="1" branch="false"/>
								<line number="163" hits="2" branch="false"/>
							</lines>
						</method>
						<method name="logger" signature="(JJ)V" line-rate="0.1111111111111111" branch-rate="0.08333333333333333" complexity="0">
							<lines>
								<line number="347" hits="1" branch="true" condition-coverage="25% (1/4)">
									<conditions>
										<condition number="0" type="jump" coverage="50%"/>
										<condition number="1" type="jump" coverage="0%"/>
									</conditions>
								</line>
								<line number="348" hits="0" branch="false"/>
								<line number="349" hits="0" branch="false"/>
								<line number="350" hits="0" branch="false"/>
								<line number="351" hits="0" branch="false"/>
								<line number="353" hits="0" branch="false"/>
								<line number="354" hits="0" branch="false"/>
								<line number="355" hits="0" branch="true" condition-coverage="0% (0/4)">
									<conditions>
										<condition number="0" type="jump" coverage="0%"/>
										<condition number="1" type="jump" coverage="0%"/>
									</conditions>
								</line>
								<line number="356" hits="0" branch="false"/>
								<line number="358" hits="0" branch="false"/>
								<line number="359" hits="0" branch="false"/>
								<line number="361" hits="0" branch="true" condition-coverage="0% (0/2)">
									<conditions>
										<condition number="0" type="jump" coverage="0%"/>
									</conditions>
								</line>
								<line number="362" hits="0" branch="false"/>
								<line number="364" hits="0" branch="true" condition-coverage="0% (0/2)">
									<conditions>
										<condition number="0" type="jump" coverage="0%"/>
									</conditions>
								</line>
								<line number="365" hits="0" branch="false"/>
								<line number="367" hits="0" branch="false"/>
								<line number="370" hits="0" branch="false"/>
								<line number="372" hits="1" branch="false"/>
							</lines>
						</method>
						<method name="processResult" signature="()V" line-rate="1.0" branch-rate="0.8333333333333334" complexity="0">
							<lines>
								<line number="167" hits="4" branch="false"/>
								<line number="169" hits="4" branch="false"/>
								<line number="171" hits="4" branch="false"/>
								<line number="172" hits="4" branch="false"/>
								<line number="175" hits="4" branch="false"/>
								<line number="178" hits="4" branch="true" condition-coverage="50% (1/2)">
									<conditions>
										<condition number="0" type="jump" coverage="50%"/>
									</conditions>
								</line>
								<line number="179" hits="4" branch="false"/>
								<line number="183" hits="4" branch="true" condition-coverage="100% (2/2)">
									<conditions>
										<condition number="0" type="jump" coverage="100%"/>
									</conditions>
								</line>
								<line number="184" hits="3" branch="false"/>
								<line number="186" hits="1" branch="false"/>
								<line number="190" hits="4" branch="true" condition-coverage="100% (2/2)">
									<conditions>
										<condition number="0" type="jump" coverage="100%"/>
									</conditions>
								</line>
								<line number="191" hits="3" branch="false"/>
								<line number="193" hits="1" branch="false"/>
								<line number="197" hits="4" branch="false"/>
								<line number="198" hits="3" branch="false"/>
								<line number="199" hits="3" branch="false"/>
							</lines>
						</method>
						<method name="saveResult" signature="(Lcom/opensymphony/xwork2/config/entities/ActionConfig;Ljava/lang/Object;)Ljava/lang/String;" line-rate="1.0" branch-rate="0.875" complexity="0">
							<lines>
								<line number="103" hits="5" branch="true" condition-coverage="100% (2/2)">
									<conditions>
										<condition number="0" type="jump" coverage="100%"/>
									</conditions>
								</line>
								<line number="104" hits="1" branch="false"/>
								<line number="106" hits="1" branch="false"/>
								<line number="107" hits="4" branch="true" condition-coverage="100% (2/2)">
									<conditions>
										<condition number="0" type="jump" coverage="100%"/>
									</conditions>
								</line>
								<line number="108" hits="1" branch="false"/>
								<line number="109" hits="1" branch="false"/>
								<line number="110" hits="3" branch="true" condition-coverage="100% (2/2)">
									<conditions>
										<condition number="0" type="jump" coverage="100%"/>
									</conditions>
								</line>
								<line number="111" hits="2" branch="false"/>
								<line number="112" hits="1" branch="true" condition-coverage="50% (1/2)">
									<conditions>
										<condition number="0" type="jump" coverage="50%"/>
									</conditions>
								</line>
								<line number="113" hits="1" branch="false"/>
								<line number="116" hits="4" branch="false"/>
							</lines>
						</method>
						<method name="selectTarget" signature="()V" line-rate="0.8947368421052632" branch-rate="0.7142857142857143" complexity="0">
							<lines>
								<line number="295" hits="11" branch="false"/>
								<line number="296" hits="11" branch="true" condition-coverage="100% (2/2)">
									<conditions>
										<condition number="0" type="jump" coverage="100%"/>
									</conditions>
								</line>
								<line number="299" hits="2" branch="false"/>
								<line number="300" hits="2" branch="false"/>
								<line number="302" hits="9" branch="true" condition-coverage="75% (3/4)">
									<conditions>
										<condition number="0" type="jump" coverage="50%"/>
										<condition number="1" type="jump" coverage="100%"/>
									</conditions>
								</line>
								<line number="305" hits="1" branch="false"/>
								<line number="307" hits="1" branch="false"/>
								<line number="308" hits="1" branch="true" condition-coverage="50% (1/2)">
									<conditions>
										<condition number="0" type="jump" coverage="50%"/>
									</conditions>
								</line>
								<line number="309" hits="1" branch="false"/>
								<line number="311" hits="1" branch="true" condition-coverage="50% (1/2)">
									<conditions>
										<condition number="0" type="jump" coverage="50%"/>
									</conditions>
								</line>
								<line number="312" hits="0" branch="false"/>
								<line number="314" hits="1" branch="false"/>
								<line number="315" hits="1" branch="false"/>
								<line number="317" hits="1" branch="true" condition-coverage="50% (1/2)">
									<conditions>
										<condition number="0" type="jump" coverage="50%"/>
									</conditions>
								</line>
								<line number="320" hits="8" branch="false"/>
								<line number="323" hits="0" branch="false"/>
								<line number="326" hits="11" branch="true" condition-coverage="100% (2/2)">
									<conditions>
										<condition number="0" type="jump" coverage="100%"/>
									</conditions>
								</line>
								<line number="327" hits="3" branch="false"/>
								<line number="329" hits="11" branch="false"/>
							</lines>
						</method>
						<method name="setDefaultErrorResultName" signature="(Ljava/lang/String;)V" line-rate="1.0" branch-rate="1.0" complexity="0">
							<lines>
								<line number="74" hits="1" branch="false"/>
								<line number="75" hits="1" branch="false"/>
							</lines>
						</method>
						<method name="setLogger" signature="(Ljava/lang/String;)V" line-rate="0.0" branch-rate="1.0" complexity="0">
							<lines>
								<line number="69" hits="0" branch="false"/>
								<line number="70" hits="0" branch="false"/>
							</lines>
						</method>
						<method name="setMimeTypeHandlerSelector" signature="(Lorg/apache/struts2/rest/ContentTypeHandlerManager;)V" line-rate="1.0" branch-rate="1.0" complexity="0">
							<lines>
								<line number="90" hits="11" branch="false"/>
								<line number="91" hits="11" branch="false"/>
							</lines>
						</method>
						<method name="setRestrictToGet" signature="(Ljava/lang/String;)V" line-rate="1.0" branch-rate="1.0" complexity="0">
							<lines>
								<line number="85" hits="1" branch="false"/>
								<line number="86" hits="1" branch="false"/>
							</lines>
						</method>
						<method name="shouldRestrictToGET" signature="()Z" line-rate="1.0" branch-rate="1.0" complexity="0">
							<lines>
								<line number="334" hits="11" branch="true" condition-coverage="100% (6/6)">
									<conditions>
										<condition number="0" type="jump" coverage="100%"/>
										<condition number="1" type="jump" coverage="100%"/>
										<condition number="2" type="jump" coverage="100%"/>
									</conditions>
								</line>
							</lines>
						</method>
						<method name="updateStatusFromResult" signature="()V" line-rate="1.0" branch-rate="0.5" complexity="0">
							<lines>
								<line number="242" hits="1" branch="true" condition-coverage="50% (1/2)">
									<conditions>
										<condition number="0" type="jump" coverage="50%"/>
									</conditions>
								</line>
								<line number="243" hits="1" branch="false"/>
								<line number="244" hits="1" branch="true" condition-coverage="50% (1/2)">
									<conditions>
										<condition number="0" type="jump" coverage="50%"/>
									</conditions>
								</line>
								<line number="245" hits="1" branch="false"/>
								<line number="248" hits="1" branch="false"/>
							</lines>
						</method>
					</methods>
					<lines>
						<line number="51" hits="1" branch="false"/>
						<line number="56" hits="11" branch="false"/>
						<line number="60" hits="11" branch="false"/>
						<line number="64" hits="11" branch="false"/>
						<line number="65" hits="11" branch="false"/>
						<line number="69" hits="0" branch="false"/>
						<line number="70" hits="0" branch="false"/>
						<line number="74" hits="1" branch="false"/>
						<line number="75" hits="1" branch="false"/>
						<line number="85" hits="1" branch="false"/>
						<line number="86" hits="1" branch="false"/>
						<line number="90" hits="11" branch="false"/>
						<line number="91" hits="11" branch="false"/>
						<line number="103" hits="5" branch="true" condition-coverage="100% (2/2)">
							<conditions>
								<condition number="0" type="jump" coverage="100%"/>
							</conditions>
						</line>
						<line number="104" hits="1" branch="false"/>
						<line number="106" hits="1" branch="false"/>
						<line number="107" hits="4" branch="true" condition-coverage="100% (2/2)">
							<conditions>
								<condition number="0" type="jump" coverage="100%"/>
							</conditions>
						</line>
						<line number="108" hits="1" branch="false"/>
						<line number="109" hits="1" branch="false"/>
						<line number="110" hits="3" branch="true" condition-coverage="100% (2/2)">
							<conditions>
								<condition number="0" type="jump" coverage="100%"/>
							</conditions>
						</line>
						<line number="111" hits="2" branch="false"/>
						<line number="112" hits="1" branch="true" condition-coverage="50% (1/2)">
							<conditions>
								<condition number="0" type="jump" coverage="50%"/>
							</conditions>
						</line>
						<line number="113" hits="1" branch="false"/>
						<line number="116" hits="4" branch="false"/>
						<line number="121" hits="2" branch="false"/>
						<line number="123" hits="2" branch="false"/>
						<line number="124" hits="2" branch="true" condition-coverage="100% (2/2)">
							<conditions>
								<condition number="0" type="jump" coverage="100%"/>
							</conditions>
						</line>
						<line number="125" hits="1" branch="false"/>
						<line number="126" hits="1" branch="false"/>
						<line number="127" hits="1" branch="false"/>
						<line number="131" hits="2" branch="false"/>
						<line number="132" hits="2" branch="false"/>
						<line number="135" hits="2" branch="true" condition-coverage="100% (2/2)">
							<conditions>
								<condition number="0" type="jump" coverage="100%"/>
							</conditions>
						</line>
						<line number="136" hits="1" branch="false"/>
						<line number="139" hits="1" branch="false"/>
						<line number="141" hits="0" branch="false"/>
						<line number="142" hits="0" branch="false"/>
						<line number="144" hits="0" branch="false"/>
						<line number="147" hits="0" branch="false"/>
						<line number="149" hits="0" branch="true" condition-coverage="0% (0/2)">
							<conditions>
								<condition number="0" type="jump" coverage="0%"/>
							</conditions>
						</line>
						<line number="150" hits="0" branch="false"/>
						<line number="152" hits="0" branch="false"/>
						<line number="153" hits="0" branch="false"/>
						<line number="154" hits="0" branch="false"/>
						<line number="155" hits="0" branch="false"/>
						<line number="157" hits="1" branch="false"/>
						<line number="160" hits="1" branch="false"/>
						<line number="163" hits="2" branch="false"/>
						<line number="167" hits="4" branch="false"/>
						<line number="169" hits="4" branch="false"/>
						<line number="171" hits="4" branch="false"/>
						<line number="172" hits="4" branch="false"/>
						<line number="175" hits="4" branch="false"/>
						<line number="178" hits="4" branch="true" condition-coverage="50% (1/2)">
							<conditions>
								<condition number="0" type="jump" coverage="50%"/>
							</conditions>
						</line>
						<line number="179" hits="4" branch="false"/>
						<line number="183" hits="4" branch="true" condition-coverage="100% (2/2)">
							<conditions>
								<condition number="0" type="jump" coverage="100%"/>
							</conditions>
						</line>
						<line number="184" hits="3" branch="false"/>
						<line number="186" hits="1" branch="false"/>
						<line number="190" hits="4" branch="true" condition-coverage="100% (2/2)">
							<conditions>
								<condition number="0" type="jump" coverage="100%"/>
							</conditions>
						</line>
						<line number="191" hits="3" branch="false"/>
						<line number="193" hits="1" branch="false"/>
						<line number="197" hits="4" branch="false"/>
						<line number="198" hits="3" branch="false"/>
						<line number="199" hits="3" branch="false"/>
						<line number="208" hits="3" branch="false"/>
						<line number="212" hits="3" branch="false"/>
						<line number="214" hits="3" branch="true" condition-coverage="100% (2/2)">
							<conditions>
								<condition number="0" type="jump" coverage="100%"/>
							</conditions>
						</line>
						<line number="217" hits="1" branch="false"/>
						<line number="218" hits="1" branch="false"/>
						<line number="221" hits="3" branch="true" condition-coverage="25% (1/4)">
							<conditions>
								<condition number="0" type="jump" coverage="50%"/>
								<condition number="1" type="jump" coverage="0%"/>
							</conditions>
						</line>
						<line number="224" hits="0" branch="false"/>
						<line number="227" hits="3" branch="false"/>
						<line number="228" hits="2" branch="true" condition-coverage="100% (2/2)">
							<conditions>
								<condition number="0" type="jump" coverage="100%"/>
							</conditions>
						</line>
						<line number="229" hits="1" branch="false"/>
						<line number="231" hits="1" branch="true" condition-coverage="50% (1/2)">
							<conditions>
								<condition number="0" type="jump" coverage="50%"/>
							</conditions>
						</line>
						<line number="232" hits="0" branch="false"/>
						<line number="236" hits="2" branch="false"/>
						<line number="242" hits="1" branch="true" condition-coverage="50% (1/2)">
							<conditions>
								<condition number="0" type="jump" coverage="50%"/>
							</conditions>
						</line>
						<line number="243" hits="1" branch="false"/>
						<line number="244" hits="1" branch="true" condition-coverage="50% (1/2)">
							<conditions>
								<condition number="0" type="jump" coverage="50%"/>
							</conditions>
						</line>
						<line number="245" hits="1" branch="false"/>
						<line number="248" hits="1" branch="false"/>
						<line number="259" hits="3" branch="false"/>
						<line number="260" hits="3" branch="true" condition-coverage="75% (3/4)">
							<conditions>
								<condition number="0" type="jump" coverage="100%"/>
								<condition number="1" type="jump" coverage="50%"/>
							</conditions>
						</line>
						<line number="261" hits="1" branch="false"/>
						<line number="262" hits="1" branch="false"/>
						<line number="265" hits="3" branch="true" condition-coverage="62% (5/8)">
							<conditions>
								<condition number="0" type="jump" coverage="50%"/>
								<condition number="1" type="jump" coverage="100%"/>
								<condition number="2" type="jump" coverage="50%"/>
								<condition number="3" type="jump" coverage="50%"/>
							</conditions>
						</line>
						<line number="269" hits="0" branch="false"/>
						<line number="273" hits="3" branch="true" condition-coverage="66% (4/6)">
							<conditions>
								<condition number="0" type="jump" coverage="50%"/>
								<condition number="1" type="jump" coverage="100%"/>
								<condition number="2" type="jump" coverage="50%"/>
							</conditions>
						</line>
						<line number="276" hits="1" branch="false"/>
						<line number="277" hits="1" branch="true" condition-coverage="50% (1/2)">
							<conditions>
								<condition number="0" type="jump" coverage="50%"/>
							</conditions>
						</line>
						<line number="278" hits="1" branch="false"/>
						<line number="279" hits="1" branch="false"/>
						<line number="283" hits="3" branch="true" condition-coverage="75% (6/8)">
							<conditions>
								<condition number="0" type="jump" coverage="100%"/>
								<condition number="1" type="jump" coverage="50%"/>
								<condition number="2" type="jump" coverage="50%"/>
								<condition number="3" type="jump" coverage="100%"/>
							</conditions>
						</line>
						<line number="285" hits="1" branch="false"/>
						<line number="289" hits="2" branch="false"/>
						<line number="295" hits="11" branch="false"/>
						<line number="296" hits="11" branch="true" condition-coverage="100% (2/2)">
							<conditions>
								<condition number="0" type="jump" coverage="100%"/>
							</conditions>
						</line>
						<line number="299" hits="2" branch="false"/>
						<line number="300" hits="2" branch="false"/>
						<line number="302" hits="9" branch="true" condition-coverage="75% (3/4)">
							<conditions>
								<condition number="0" type="jump" coverage="50%"/>
								<condition number="1" type="jump" coverage="100%"/>
							</conditions>
						</line>
						<line number="305" hits="1" branch="false"/>
						<line number="307" hits="1" branch="false"/>
						<line number="308" hits="1" branch="true" condition-coverage="50% (1/2)">
							<conditions>
								<condition number="0" type="jump" coverage="50%"/>
							</conditions>
						</line>
						<line number="309" hits="1" branch="false"/>
						<line number="311" hits="1" branch="true" condition-coverage="50% (1/2)">
							<conditions>
								<condition number="0" type="jump" coverage="50%"/>
							</conditions>
						</line>
						<line number="312" hits="0" branch="false"/>
						<line number="314" hits="1" branch="false"/>
						<line number="315" hits="1" branch="false"/>
						<line number="317" hits="1" branch="true" condition-coverage="50% (1/2)">
							<conditions>
								<condition number="0" type="jump" coverage="50%"/>
							</conditions>
						</line>
						<line number="320" hits="8" branch="false"/>
						<line number="323" hits="0" branch="false"/>
						<line number="326" hits="11" branch="true" condition-coverage="100% (2/2)">
							<conditions>
								<condition number="0" type="jump" coverage="100%"/>
							</conditions>
						</line>
						<line number="327" hits="3" branch="false"/>
						<line number="329" hits="11" branch="false"/>
						<line number="334" hits="11" branch="true" condition-coverage="100% (6/6)">
							<conditions>
								<condition number="0" type="jump" coverage="100%"/>
								<condition number="1" type="jump" coverage="100%"/>
								<condition number="2" type="jump" coverage="100%"/>
							</conditions>
						</line>
						<line number="341" hits="1" branch="false"/>
						<line number="342" hits="1" branch="false"/>
						<line number="343" hits="1" branch="false"/>
						<line number="344" hits="1" branch="false"/>
						<line number="347" hits="1" branch="true" condition-coverage="25% (1/4)">
							<conditions>
								<condition number="0" type="jump" coverage="50%"/>
								<condition number="1" type="jump" coverage="0%"/>
							</conditions>
						</line>
						<line number="348" hits="0" branch="false"/>
						<line number="349" hits="0" branch="false"/>
						<line number="350" hits="0" branch="false"/>
						<line number="351" hits="0" branch="false"/>
						<line number="353" hits="0" branch="false"/>
						<line number="354" hits="0" branch="false"/>
						<line number="355" hits="0" branch="true" condition-coverage="0% (0/4)">
							<conditions>
								<condition number="0" type="jump" coverage="0%"/>
								<condition number="1" type="jump" coverage="0%"/>
							</conditions>
						</line>
						<line number="356" hits="0" branch="false"/>
						<line number="358" hits="0" branch="false"/>
						<line number="359" hits="0" branch="false"/>
						<line number="361" hits="0" branch="true" condition-coverage="0% (0/2)">
							<conditions>
								<condition number="0" type="jump" coverage="0%"/>
							</conditions>
						</line>
						<line number="362" hits="0" branch="false"/>
						<line number="364" hits="0" branch="true" condition-coverage="0% (0/2)">
							<conditions>
								<condition number="0" type="jump" coverage="0%"/>
							</conditions>
						</line>
						<line number="365" hits="0" branch="false"/>
						<line number="367" hits="0" branch="false"/>
						<line number="370" hits="0" branch="false"/>
						<line number="372" hits="1" branch="false"/>
					</lines>
				</class>
				<class name="org.apache.struts2.rest.RestActionMapper" filename="org/apache/struts2/rest/RestActionMapper.java" line-rate="0.8102189781021898" branch-rate="0.8111111111111111" complexity="2.9130434782608696">
					<methods>
						<method name="&lt;clinit&gt;" signature="()V" line-rate="1.0" branch-rate="1.0" complexity="0">
							<lines>
								<line number="97" hits="1" branch="false"/>
							</lines>
						</method>
						<method name="&lt;init&gt;" signature="()V" line-rate="1.0" branch-rate="1.0" complexity="0">
							<lines>
								<line number="107" hits="26" branch="false"/>
								<line number="108" hits="26" branch="false"/>
								<line number="109" hits="26" branch="false"/>
								<line number="110" hits="26" branch="false"/>
								<line number="111" hits="26" branch="false"/>
								<line number="112" hits="26" branch="false"/>
								<line number="113" hits="26" branch="false"/>
								<line number="114" hits="26" branch="false"/>
								<line number="115" hits="26" branch="false"/>
								<line number="116" hits="26" branch="false"/>
								<line number="117" hits="26" branch="false"/>
								<line number="118" hits="26" branch="false"/>
								<line number="120" hits="26" branch="false"/>
								<line number="121" hits="26" branch="false"/>
								<line number="122" hits="26" branch="false"/>
							</lines>
						</method>
						<method name="getIdParameterName" signature="()Ljava/lang/String;" line-rate="0.0" branch-rate="1.0" complexity="0">
							<lines>
								<line number="125" hits="0" branch="false"/>
							</lines>
						</method>
						<method name="getMapping" signature="(Ljavax/servlet/http/HttpServletRequest;Lcom/opensymphony/xwork2/config/ConfigurationManager;)Lorg/apache/struts2/dispatcher/mapper/ActionMapping;" line-rate="0.9464285714285714" branch-rate="0.8703703703703703" complexity="0">
							<lines>
								<line number="190" hits="23" branch="false"/>
								<line number="191" hits="23" branch="false"/>
								<line number="193" hits="23" branch="false"/>
								<line number="194" hits="23" branch="true" condition-coverage="50% (1/2)">
									<conditions>
										<condition number="0" type="jump" coverage="50%"/>
									</conditions>
								</line>
								<line number="195" hits="0" branch="false"/>
								<line number="198" hits="23" branch="false"/>
								<line number="200" hits="23" branch="false"/>
								<line number="202" hits="23" branch="true" condition-coverage="50% (1/2)">
									<conditions>
										<condition number="0" type="jump" coverage="50%"/>
									</conditions>
								</line>
								<line number="203" hits="0" branch="false"/>
								<line number="207" hits="23" branch="false"/>
								<line number="209" hits="23" branch="false"/>
								<line number="211" hits="23" branch="true" condition-coverage="100% (2/2)">
									<conditions>
										<condition number="0" type="jump" coverage="100%"/>
									</conditions>
								</line>
								<line number="214" hits="22" branch="false"/>
								<line number="215" hits="22" branch="true" condition-coverage="100% (4/4)">
									<conditions>
										<condition number="0" type="jump" coverage="100%"/>
										<condition number="1" type="jump" coverage="100%"/>
									</conditions>
								</line>
								<line number="216" hits="5" branch="false"/>
								<line number="219" hits="22" branch="false"/>
								<line number="220" hits="22" branch="false"/>
								<line number="221" hits="22" branch="true" condition-coverage="100% (2/2)">
									<conditions>
										<condition number="0" type="jump" coverage="100%"/>
									</conditions>
								</line>
								<line number="224" hits="18" branch="false"/>
								<line number="226" hits="18" branch="true" condition-coverage="100% (4/4)">
									<conditions>
										<condition number="0" type="jump" coverage="100%"/>
										<condition number="1" type="jump" coverage="100%"/>
									</conditions>
								</line>
								<line number="227" hits="1" branch="false"/>
								<line number="228" hits="1" branch="false"/>
								<line number="229" hits="1" branch="false"/>
								<line number="231" hits="18" branch="false"/>
								<line number="237" hits="22" branch="true" condition-coverage="100% (2/2)">
									<conditions>
										<condition number="0" type="jump" coverage="100%"/>
									</conditions>
								</line>
								<line number="239" hits="15" branch="true" condition-coverage="100% (2/2)">
									<conditions>
										<condition number="0" type="jump" coverage="100%"/>
									</conditions>
								</line>
								<line number="240" hits="1" branch="false"/>
								<line number="243" hits="14" branch="true" condition-coverage="75% (3/4)">
									<conditions>
										<condition number="0" type="jump" coverage="100%"/>
										<condition number="1" type="jump" coverage="50%"/>
									</conditions>
								</line>
								<line number="246" hits="3" branch="true" condition-coverage="100% (2/2)">
									<conditions>
										<condition number="0" type="jump" coverage="100%"/>
									</conditions>
								</line>
								<line number="247" hits="1" branch="false"/>
								<line number="250" hits="2" branch="true" condition-coverage="50% (1/2)">
									<conditions>
										<condition number="0" type="jump" coverage="50%"/>
									</conditions>
								</line>
								<line number="251" hits="2" branch="true" condition-coverage="100% (2/2)">
									<conditions>
										<condition number="0" type="jump" coverage="100%"/>
									</conditions>
								</line>
								<line number="252" hits="1" branch="false"/>
								<line number="254" hits="1" branch="false"/>
								<line number="259" hits="11" branch="true" condition-coverage="50% (1/2)">
									<conditions>
										<condition number="0" type="jump" coverage="50%"/>
									</conditions>
								</line>
								<line number="262" hits="11" branch="true" condition-coverage="100% (4/4)">
									<conditions>
										<condition number="0" type="jump" coverage="100%"/>
										<condition number="1" type="jump" coverage="100%"/>
									</conditions>
								</line>
								<line number="263" hits="1" branch="false"/>
								<line number="264" hits="1" branch="false"/>
								<line number="267" hits="10" branch="true" condition-coverage="100% (4/4)">
									<conditions>
										<condition number="0" type="jump" coverage="100%"/>
										<condition number="1" type="jump" coverage="100%"/>
									</conditions>
								</line>
								<line number="268" hits="1" branch="false"/>
								<line number="271" hits="9" branch="true" condition-coverage="100% (2/2)">
									<conditions>
										<condition number="0" type="jump" coverage="100%"/>
									</conditions>
								</line>
								<line number="272" hits="2" branch="false"/>
								<line number="275" hits="7" branch="true" condition-coverage="100% (2/2)">
									<conditions>
										<condition number="0" type="jump" coverage="100%"/>
									</conditions>
								</line>
								<line number="276" hits="4" branch="false"/>
								<line number="279" hits="3" branch="true" condition-coverage="50% (1/2)">
									<conditions>
										<condition number="0" type="jump" coverage="50%"/>
									</conditions>
								</line>
								<line number="280" hits="3" branch="true" condition-coverage="100% (2/2)">
									<conditions>
										<condition number="0" type="jump" coverage="100%"/>
									</conditions>
								</line>
								<line number="281" hits="1" branch="false"/>
								<line number="283" hits="2" branch="false"/>
								<line number="290" hits="22" branch="true" condition-coverage="100% (2/2)">
									<conditions>
										<condition number="0" type="jump" coverage="100%"/>
									</conditions>
								</line>
								<line number="291" hits="18" branch="true" condition-coverage="100% (2/2)">
									<conditions>
										<condition number="0" type="jump" coverage="100%"/>
									</conditions>
								</line>
								<line number="292" hits="17" branch="true" condition-coverage="50% (1/2)">
									<conditions>
										<condition number="0" type="jump" coverage="50%"/>
									</conditions>
								</line>
								<line number="293" hits="0" branch="false"/>
								<line number="295" hits="17" branch="false"/>
								<line number="297" hits="18" branch="false"/>
								<line number="300" hits="22" branch="false"/>
								<line number="302" hits="23" branch="false"/>
							</lines>
						</method>
						<method name="handleDynamicMethodInvocation" signature="(Lorg/apache/struts2/dispatcher/mapper/ActionMapping;Ljava/lang/String;)V" line-rate="1.0" branch-rate="1.0" complexity="0">
							<lines>
								<line number="306" hits="23" branch="false"/>
								<line number="307" hits="23" branch="true" condition-coverage="100% (2/2)">
									<conditions>
										<condition number="0" type="jump" coverage="100%"/>
									</conditions>
								</line>
								<line number="308" hits="10" branch="false"/>
								<line number="309" hits="10" branch="false"/>
								<line number="313" hits="10" branch="false"/>
								<line number="314" hits="10" branch="true" condition-coverage="100% (2/2)">
									<conditions>
										<condition number="0" type="jump" coverage="100%"/>
									</conditions>
								</line>
								<line number="315" hits="4" branch="false"/>
								<line number="316" hits="4" branch="false"/>
								<line number="319" hits="10" branch="false"/>
								<line number="320" hits="10" branch="true" condition-coverage="100% (2/2)">
									<conditions>
										<condition number="0" type="jump" coverage="100%"/>
									</conditions>
								</line>
								<line number="321" hits="6" branch="false"/>
								<line number="323" hits="4" branch="false"/>
								<line number="326" hits="23" branch="false"/>
							</lines>
						</method>
						<method name="isDelete" signature="(Ljavax/servlet/http/HttpServletRequest;)Z" line-rate="1.0" branch-rate="0.75" complexity="0">
							<lines>
								<line number="384" hits="9" branch="true" condition-coverage="75% (3/4)">
									<conditions>
										<condition number="0" type="jump" coverage="100%"/>
										<condition number="1" type="jump" coverage="50%"/>
									</conditions>
								</line>
							</lines>
						</method>
						<method name="isExpectContinue" signature="(Ljavax/servlet/http/HttpServletRequest;)Z" line-rate="1.0" branch-rate="0.75" complexity="0">
							<lines>
								<line number="392" hits="5" branch="false"/>
								<line number="393" hits="5" branch="true" condition-coverage="75% (3/4)">
									<conditions>
										<condition number="0" type="jump" coverage="100%"/>
										<condition number="1" type="jump" coverage="50%"/>
									</conditions>
								</line>
							</lines>
						</method>
						<method name="isGet" signature="(Ljavax/servlet/http/HttpServletRequest;)Z" line-rate="1.0" branch-rate="1.0" complexity="0">
							<lines>
								<line number="372" hits="31" branch="false"/>
							</lines>
						</method>
						<method name="isOptions" signature="(Ljavax/servlet/http/HttpServletRequest;)Z" line-rate="1.0" branch-rate="1.0" complexity="0">
							<lines>
								<line number="388" hits="15" branch="false"/>
							</lines>
						</method>
						<method name="isPost" signature="(Ljavax/servlet/http/HttpServletRequest;)Z" line-rate="1.0" branch-rate="1.0" complexity="0">
							<lines>
								<line number="376" hits="2" branch="false"/>
							</lines>
						</method>
						<method name="isPut" signature="(Ljavax/servlet/http/HttpServletRequest;)Z" line-rate="1.0" branch-rate="0.16666666666666666" complexity="0">
							<lines>
								<line number="380" hits="3" branch="true" condition-coverage="16% (1/6)">
									<conditions>
										<condition number="0" type="jump" coverage="50%"/>
										<condition number="1" type="jump" coverage="0%"/>
[...]
								<line number="44" hits="2" branch="false"/>
								<line number="45" hits="2" branch="false"/>
							</lines>
						</method>
					</methods>
					<lines>
						<line number="35" hits="6" branch="false"/>
						<line number="38" hits="6" branch="false"/>
						<line number="39" hits="6" branch="false"/>
						<line number="42" hits="2" branch="false"/>
						<line number="43" hits="2" branch="false"/>
						<line number="44" hits="2" branch="false"/>
						<line number="45" hits="2" branch="false"/>
						<line number="48" hits="2" branch="false"/>
						<line number="49" hits="2" branch="false"/>
						<line number="50" hits="2" branch="false"/>
						<line number="54" hits="2" branch="false"/>
						<line number="58" hits="0" branch="false"/>
						<line number="63" hits="1" branch="false"/>
						<line number="64" hits="1" branch="false"/>
					</lines>
				</class>
				<class name="org.apache.struts2.rest.handler.JsonLibHandler" filename="org/apache/struts2/rest/handler/JsonLibHandler.java" line-rate="0.7931034482758621" branch-rate="0.6111111111111112" complexity="2.3333333333333335">
					<methods>
						<method name="&lt;init&gt;" signature="()V" line-rate="1.0" branch-rate="1.0" complexity="0">
							<lines>
								<line number="38" hits="5" branch="false"/>
								<line number="41" hits="5" branch="false"/>
							</lines>
						</method>
						<method name="fromObject" signature="(Lcom/opensymphony/xwork2/ActionInvocation;Ljava/lang/Object;Ljava/lang/String;Ljava/io/Writer;)Ljava/lang/String;" line-rate="1.0" branch-rate="0.75" complexity="0">
							<lines>
								<line number="65" hits="2" branch="true" condition-coverage="50% (1/2)">
									<conditions>
										<condition number="0" type="jump" coverage="50%"/>
									</conditions>
								</line>
								<line number="66" hits="2" branch="true" condition-coverage="100% (2/2)">
									<conditions>
										<condition number="0" type="jump" coverage="100%"/>
									</conditions>
								</line>
								<line number="67" hits="1" branch="false"/>
								<line number="68" hits="1" branch="false"/>
								<line number="69" hits="1" branch="false"/>
								<line number="70" hits="1" branch="false"/>
								<line number="71" hits="1" branch="false"/>
								<line number="74" hits="2" branch="false"/>
							</lines>
						</method>
						<method name="getContentType" signature="()Ljava/lang/String;" line-rate="1.0" branch-rate="1.0" complexity="0">
							<lines>
								<line number="84" hits="2" branch="false"/>
							</lines>
						</method>
						<method name="getExtension" signature="()Ljava/lang/String;" line-rate="0.0" branch-rate="1.0" complexity="0">
							<lines>
								<line number="88" hits="0" branch="false"/>
							</lines>
						</method>
						<method name="isArray" signature="(Ljava/lang/Object;)Z" line-rate="1.0" branch-rate="0.75" complexity="0">
							<lines>
								<line number="80" hits="2" branch="true" condition-coverage="75% (3/4)">
									<conditions>
										<condition number="0" type="jump" coverage="100%"/>
										<condition number="1" type="jump" coverage="50%"/>
									</conditions>
								</line>
							</lines>
						</method>
						<method name="setDefaultEncoding" signature="(Ljava/lang/String;)V" line-rate="1.0" branch-rate="1.0" complexity="0">
							<lines>
								<line number="93" hits="1" branch="false"/>
								<line number="94" hits="1" branch="false"/>
							</lines>
						</method>
						<method name="toObject" signature="(Lcom/opensymphony/xwork2/ActionInvocation;Ljava/io/Reader;Ljava/lang/Object;)V" line-rate="0.6428571428571429" branch-rate="0.5" complexity="0">
							<lines>
								<line number="44" hits="1" branch="false"/>
								<line number="45" hits="1" branch="false"/>
								<line number="46" hits="1" branch="false"/>
								<line number="47" hits="2" branch="true" condition-coverage="100% (2/2)">
									<conditions>
										<condition number="0" type="jump" coverage="100%"/>
									</conditions>
								</line>
								<line number="48" hits="1" branch="false"/>
								<line number="50" hits="1" branch="true" condition-coverage="50% (3/6)">
									<conditions>
										<condition number="0" type="jump" coverage="50%"/>
										<condition number="1" type="jump" coverage="50%"/>
										<condition number="2" type="jump" coverage="50%"/>
									</conditions>
								</line>
								<line number="51" hits="0" branch="false"/>
								<line number="52" hits="0" branch="true" condition-coverage="0% (0/2)">
									<conditions>
										<condition number="0" type="jump" coverage="0%"/>
									</conditions>
								</line>
								<line number="53" hits="0" branch="false"/>
								<line number="55" hits="0" branch="false"/>
								<line number="58" hits="0" branch="false"/>
								<line number="59" hits="1" branch="false"/>
								<line number="60" hits="1" branch="false"/>
								<line number="62" hits="1" branch="false"/>
							</lines>
						</method>
					</methods>
					<lines>
						<line number="38" hits="5" branch="false"/>
						<line number="41" hits="5" branch="false"/>
						<line number="44" hits="1" branch="false"/>
						<line number="45" hits="1" branch="false"/>
						<line number="46" hits="1" branch="false"/>
						<line number="47" hits="2" branch="true" condition-coverage="100% (2/2)">
							<conditions>
								<condition number="0" type="jump" coverage="100%"/>
							</conditions>
						</line>
						<line number="48" hits="1" branch="false"/>
						<line number="50" hits="1" branch="true" condition-coverage="50% (3/6)">
							<conditions>
								<condition number="0" type="jump" coverage="50%"/>
								<condition number="1" type="jump" coverage="50%"/>
								<condition number="2" type="jump" coverage="50%"/>
							</conditions>
						</line>
						<line number="51" hits="0" branch="false"/>
						<line number="52" hits="0" branch="true" condition-coverage="0% (0/2)">
							<conditions>
								<condition number="0" type="jump" coverage="0%"/>
							</conditions>
						</line>
						<line number="53" hits="0" branch="false"/>
						<line number="55" hits="0" branch="false"/>
						<line number="58" hits="0" branch="false"/>
						<line number="59" hits="1" branch="false"/>
						<line number="60" hits="1" branch="false"/>
						<line number="62" hits="1" branch="false"/>
						<line number="65" hits="2" branch="true" condition-coverage="50% (1/2)">
							<conditions>
								<condition number="0" type="jump" coverage="50%"/>
							</conditions>
						</line>
						<line number="66" hits="2" branch="true" condition-coverage="100% (2/2)">
							<conditions>
								<condition number="0" type="jump" coverage="100%"/>
							</conditions>
						</line>
						<line number="67" hits="1" branch="false"/>
						<line number="68" hits="1" branch="false"/>
						<line number="69" hits="1" branch="false"/>
						<line number="70" hits="1" branch="false"/>
						<line number="71" hits="1" branch="false"/>
						<line number="74" hits="2" branch="false"/>
						<line number="80" hits="2" branch="true" condition-coverage="75% (3/4)">
							<conditions>
								<condition number="0" type="jump" coverage="100%"/>
								<condition number="1" type="jump" coverage="50%"/>
							</conditions>
						</line>
						<line number="84" hits="2" branch="false"/>
						<line number="88" hits="0" branch="false"/>
						<line number="93" hits="1" branch="false"/>
						<line number="94" hits="1" branch="false"/>
					</lines>
				</class>
				<class name="org.apache.struts2.rest.handler.MultipartFormDataHandler" filename="org/apache/struts2/rest/handler/MultipartFormDataHandler.java" line-rate="0.0" branch-rate="1.0" complexity="1.25">
					<methods>
						<method name="&lt;init&gt;" signature="()V" line-rate="0.0" branch-rate="1.0" complexity="0">
							<lines>
								<line number="37" hits="0" branch="false"/>
							</lines>
						</method>
						<method name="fromObject" signature="(Lcom/opensymphony/xwork2/ActionInvocation;Ljava/lang/Object;Ljava/lang/String;Ljava/io/Writer;)Ljava/lang/String;" line-rate="0.0" branch-rate="1.0" complexity="0">
							<lines>
								<line number="42" hits="0" branch="false"/>
							</lines>
						</method>
						<method name="getContentType" signature="()Ljava/lang/String;" line-rate="0.0" branch-rate="1.0" complexity="0">
							<lines>
								<line number="62" hits="0" branch="false"/>
							</lines>
						</method>
						<method name="getExtension" signature="()Ljava/lang/String;" line-rate="0.0" branch-rate="1.0" complexity="0">
							<lines>
								<line number="58" hits="0" branch="false"/>
							</lines>
						</method>
						<method name="toObject" signature="(Lcom/opensymphony/xwork2/ActionInvocation;Ljava/io/Reader;Ljava/lang/Object;)V" line-rate="0.0" branch-rate="1.0" complexity="0">
							<lines>
								<line number="52" hits="0" branch="false"/>
							</lines>
						</method>
					</methods>
					<lines>
						<line number="37" hits="0" branch="false"/>
						<line number="42" hits="0" branch="false"/>
						<line number="52" hits="0" branch="false"/>
						<line number="58" hits="0" branch="false"/>
						<line number="62" hits="0" branch="false"/>
					</lines>
				</class>
				<class name="org.apache.struts2.rest.handler.XStreamHandler" filename="org/apache/struts2/rest/handler/XStreamHandler.java" line-rate="0.0" branch-rate="0.0" complexity="2.0">
					<methods>
						<method name="&lt;clinit&gt;" signature="()V" line-rate="0.0" branch-rate="1.0" complexity="0">
							<lines>
								<line number="46" hits="0" branch="false"/>
							</lines>
						</method>
						<method name="&lt;init&gt;" signature="()V" line-rate="0.0" branch-rate="1.0" complexity="0">
							<lines>
								<line number="44" hits="0" branch="false"/>
								<line number="121" hits="0" branch="false"/>
							</lines>
						</method>
						<method name="addDefaultPermissions" signature="(Lcom/opensymphony/xwork2/ActionInvocation;Lcom/thoughtworks/xstream/XStream;)V" line-rate="0.0" branch-rate="0.0" complexity="0">
							<lines>
								<line number="102" hits="0" branch="false"/>
								<line number="103" hits="0" branch="true" condition-coverage="0% (0/2)">
									<conditions>
										<condition number="0" type="jump" coverage="0%"/>
									</conditions>
								</line>
								<line number="104" hits="0" branch="false"/>
								<line number="106" hits="0" branch="false"/>
								<line number="107" hits="0" branch="false"/>
								<line number="108" hits="0" branch="false"/>
								<line number="109" hits="0" branch="false"/>
								<line number="110" hits="0" branch="false"/>
								<line number="111" hits="0" branch="false"/>
							</lines>
						</method>
						<method name="addPerActionPermission" signature="(Lcom/opensymphony/xwork2/ActionInvocation;Lcom/thoughtworks/xstream/XStream;)V" line-rate="0.0" branch-rate="0.0" complexity="0">
							<lines>
								<line number="84" hits="0" branch="false"/>
								<line number="85" hits="0" branch="true" condition-coverage="0% (0/2)">
									<conditions>
										<condition number="0" type="jump" coverage="0%"/>
									</conditions>
								</line>
								<line number="86" hits="0" branch="false"/>
								<line number="87" hits="0" branch="false"/>
								<line number="89" hits="0" branch="true" condition-coverage="0% (0/2)">
									<conditions>
										<condition number="0" type="jump" coverage="0%"/>
									</conditions>
								</line>
								<line number="90" hits="0" branch="false"/>
								<line number="91" hits="0" branch="false"/>
								<line number="93" hits="0" branch="true" condition-coverage="0% (0/2)">
									<conditions>
										<condition number="0" type="jump" coverage="0%"/>
									</conditions>
								</line>
								<line number="94" hits="0" branch="false"/>
								<line number="95" hits="0" branch="true" condition-coverage="0% (0/2)">
									<conditions>
										<condition number="0" type="jump" coverage="0%"/>
									</conditions>
								</line>
								<line number="96" hits="0" branch="false"/>
								<line number="97" hits="0" branch="false"/>
								<line number="99" hits="0" branch="false"/>
							</lines>
						</method>
						<method name="createXStream" signature="()Lcom/thoughtworks/xstream/XStream;" line-rate="0.0" branch-rate="1.0" complexity="0">
							<lines>
								<line number="66" hits="0" branch="false"/>
								<line number="67" hits="0" branch="false"/>
							</lines>
						</method>
						<method name="createXStream" signature="(Lcom/opensymphony/xwork2/ActionInvocation;)Lcom/thoughtworks/xstream/XStream;" line-rate="0.0" branch-rate="1.0" complexity="0">
							<lines>
								<line number="71" hits="0" branch="false"/>
								<line number="72" hits="0" branch="false"/>
								<line number="73" hits="0" branch="false"/>
								<line number="75" hits="0" branch="false"/>
								<line number="76" hits="0" branch="false"/>
								<line number="78" hits="0" branch="false"/>
								<line number="79" hits="0" branch="false"/>
								<line number="80" hits="0" branch="false"/>
							</lines>
						</method>
						<method name="fromObject" signature="(Lcom/opensymphony/xwork2/ActionInvocation;Ljava/lang/Object;Ljava/lang/String;Ljava/io/Writer;)Ljava/lang/String;" line-rate="0.0" branch-rate="0.0" complexity="0">
							<lines>
								<line number="49" hits="0" branch="true" condition-coverage="0% (0/2)">
									<conditions>
										<condition number="0" type="jump" coverage="0%"/>
									</conditions>
								</line>
								<line number="50" hits="0" branch="false"/>
								<line number="51" hits="0" branch="false"/>
								<line number="53" hits="0" branch="false"/>
							</lines>
						</method>
						<method name="getContentType" signature="()Ljava/lang/String;" line-rate="0.0" branch-rate="1.0" complexity="0">
							<lines>
								<line number="114" hits="0" branch="false"/>
							</lines>
						</method>
						<method name="getExtension" signature="()Ljava/lang/String;" line-rate="0.0" branch-rate="1.0" complexity="0">
							<lines>
								<line number="118" hits="0" branch="false"/>
							</lines>
						</method>
						<method name="toObject" signature="(Lcom/opensymphony/xwork2/ActionInvocation;Ljava/io/Reader;Ljava/lang/Object;)V" line-rate="0.0" branch-rate="1.0" complexity="0">
							<lines>
								<line number="57" hits="0" branch="false"/>
								<line number="58" hits="0" branch="false"/>
								<line number="59" hits="0" branch="false"/>
							</lines>
						</method>
					</methods>
					<lines>
						<line number="44" hits="0" branch="false"/>
						<line number="46" hits="0" branch="false"/>
						<line number="49" hits="0" branch="true" condition-coverage="0% (0/2)">
							<conditions>
								<condition number="0" type="jump" coverage="0%"/>
							</conditions>
						</line>
						<line number="50" hits="0" branch="false"/>
						<line number="51" hits="0" branch="false"/>
						<line number="53" hits="0" branch="false"/>
						<line number="57" hits="0" branch="false"/>
						<line number="58" hits="0" branch="false"/>
						<line number="59" hits="0" branch="false"/>
						<line number="66" hits="0" branch="false"/>
						<line number="67" hits="0" branch="false"/>
						<line number="71" hits="0" branch="false"/>
						<line number="72" hits="0" branch="false"/>
						<line number="73" hits="0" branch="false"/>
						<line number="75" hits="0" branch="false"/>
						<line number="76" hits="0" branch="false"/>
						<line number="78" hits="0" branch="false"/>
						<line number="79" hits="0" branch="false"/>
						<line number="80" hits="0" branch="false"/>
						<line number="84" hits="0" branch="false"/>
						<line number="85" hits="0" branch="true" condition-coverage="0% (0/2)">
							<conditions>
								<condition number="0" type="jump" coverage="0%"/>
							</conditions>
						</line>
						<line number="86" hits="0" branch="false"/>
						<line number="87" hits="0" branch="false"/>
						<line number="89" hits="0" branch="true" condition-coverage="0% (0/2)">
							<conditions>
								<condition number="0" type="jump" coverage="0%"/>
							</conditions>
						</line>
						<line number="90" hits="0" branch="false"/>
						<line number="91" hits="0" branch="false"/>
						<line number="93" hits="0" branch="true" condition-coverage="0% (0/2)">
							<conditions>
								<condition number="0" type="jump" coverage="0%"/>
							</conditions>
						</line>
						<line number="94" hits="0" branch="false"/>
						<line number="95" hits="0" branch="true" condition-coverage="0% (0/2)">
							<conditions>
								<condition number="0" type="jump" coverage="0%"/>
							</conditions>
						</line>
						<line number="96" hits="0" branch="false"/>
						<line number="97" hits="0" branch="false"/>
						<line number="99" hits="0" branch="false"/>
						<line number="102" hits="0" branch="false"/>
						<line number="103" hits="0" branch="true" condition-coverage="0% (0/2)">
							<conditions>
								<condition number="0" type="jump" coverage="0%"/>
							</conditions>
						</line>
						<line number="104" hits="0" branch="false"/>
						<line number="106" hits="0" branch="false"/>
						<line number="107" hits="0" branch="false"/>
						<line number="108" hits="0" branch="false"/>
						<line number="109" hits="0" branch="false"/>
						<line number="110" hits="0" branch="false"/>
						<line number="111" hits="0" branch="false"/>
						<line number="114" hits="0" branch="false"/>
						<line number="118" hits="0" branch="false"/>
						<line number="121" hits="0" branch="false"/>
					</lines>
				</class>
				<class name="org.apache.struts2.rest.handler.XStreamHandler$CollectionTypePermission" filename="org/apache/struts2/rest/handler/XStreamHandler.java" line-rate="0.0" branch-rate="0.0" complexity="2.0">
					<methods>
						<method name="&lt;clinit&gt;" signature="()V" line-rate="0.0" branch-rate="1.0" complexity="0">
							<lines>
								<line number="123" hits="0" branch="false"/>
							</lines>
						</method>
						<method name="&lt;init&gt;" signature="()V" line-rate="1.0" branch-rate="1.0" complexity="0">
							<lines>
							</lines>
						</method>
						<method name="access$000" signature="()Lcom/thoughtworks/xstream/security/TypePermission;" line-rate="0.0" branch-rate="1.0" complexity="0">
							<lines>
								<line number="121" hits="0" branch="false"/>
							</lines>
						</method>
						<method name="allows" signature="(Ljava/lang/Class;)Z" line-rate="0.0" branch-rate="0.0" complexity="0">
							<lines>
								<line number="127" hits="0" branch="true" condition-coverage="0% (0/8)">
									<conditions>
										<condition number="0" type="jump" coverage="0%"/>
										<condition number="1" type="jump" coverage="0%"/>
										<condition number="2" type="jump" coverage="0%"/>
										<condition number="3" type="jump" coverage="0%"/>
									</conditions>
								</line>
							</lines>
						</method>
					</methods>
					<lines>
						<line number="121" hits="0" branch="false"/>
						<line number="123" hits="0" branch="false"/>
						<line number="127" hits="0" branch="true" condition-coverage="0% (0/8)">
							<conditions>
								<condition number="0" type="jump" coverage="0%"/>
								<condition number="1" type="jump" coverage="0%"/>
								<condition number="2" type="jump" coverage="0%"/>
								<condition number="3" type="jump" coverage="0%"/>
							</conditions>
						</line>
					</lines>
				</class>
				<class name="org.apache.struts2.rest.handler.XStreamPermissionProvider" filename="org/apache/struts2/rest/handler/XStreamPermissionProvider.java" line-rate="1.0" branch-rate="1.0" complexity="1.0">
					<methods>
					</methods>
					<lines>
					</lines>
				</class>
			</classes>
		</package>
	</packages>
</coverage>
