<?xml version="1.0"?>
<!DOCTYPE coverage SYSTEM "http://cobertura.sourceforge.net/xml/coverage-04.dtd">

<coverage line-rate="0.8833333333333333" branch-rate="0.6630434782608695" lines-covered="159" lines-valid="180" branches-covered="61" branches-valid="92" complexity="2.92" version="2.1.1" timestamp="1511793398145">
	<sources>
		<source>/Users/lukaszlenart/Projects/Apache/struts/plugins/oval/src/main/java</source>
		<source>--source</source>
		<source>/Users/lukaszlenart/Projects/Apache/struts/plugins/oval/target/generated-sources/annotations</source>
	</sources>
	<packages>
		<package name="org.apache.struts2.oval.annotation" line-rate="1.0" branch-rate="1.0" complexity="0.0">
			<classes>
				<class name="org.apache.struts2.oval.annotation.Profiles" filename="org/apache/struts2/oval/annotation/Profiles.java" line-rate="1.0" branch-rate="1.0" complexity="0.0">
					<methods>
					</methods>
					<lines>
					</lines>
				</class>
			</classes>
		</package>
		<package name="org.apache.struts2.oval.interceptor" line-rate="0.8833333333333333" branch-rate="0.6630434782608695" complexity="2.92">
			<classes>
				<class name="org.apache.struts2.oval.interceptor.DefaultOValValidationManager" filename="org/apache/struts2/oval/interceptor/DefaultOValValidationManager.java" line-rate="0.8243243243243243" branch-rate="0.5416666666666666" complexity="3.2">
					<methods>
						<method name="&lt;clinit&gt;" signature="()V" line-rate="1.0" branch-rate="1.0" complexity="0">
							<lines>
								<line number="48" hits="1" branch="false"/>
							</lines>
						</method>
						<method name="&lt;init&gt;" signature="()V" line-rate="1.0" branch-rate="1.0" complexity="0">
							<lines>
								<line number="47" hits="22" branch="false"/>
								<line number="51" hits="22" branch="false"/>
								<line number="52" hits="22" branch="false"/>
							</lines>
						</method>
						<method name="addAditionalConfigurers" signature="(Ljava/util/List;)V" line-rate="0.8571428571428571" branch-rate="0.75" complexity="0">
							<lines>
								<line number="94" hits="22" branch="false"/>
								<line number="95" hits="22" branch="false"/>
								<line number="97" hits="22" branch="true" condition-coverage="100% (2/2)">
									<conditions>
										<condition number="0" type="jump" coverage="100%"/>
									</conditions>
								</line>
								<line number="98" hits="3" branch="true" condition-coverage="50% (1/2)">
									<conditions>
										<condition number="0" type="jump" coverage="50%"/>
									</conditions>
								</line>
								<line number="99" hits="0" branch="false"/>
								<line number="101" hits="3" branch="false"/>
								<line number="103" hits="22" branch="false"/>
							</lines>
						</method>
						<method name="addIfNotNull" signature="(Ljava/util/List;Lnet/sf/oval/configuration/Configurer;)V" line-rate="1.0" branch-rate="1.0" complexity="0">
							<lines>
								<line number="158" hits="400" branch="true" condition-coverage="100% (2/2)">
									<conditions>
										<condition number="0" type="jump" coverage="100%"/>
									</conditions>
								</line>
								<line number="159" hits="5" branch="false"/>
								<line number="160" hits="400" branch="false"/>
							</lines>
						</method>
						<method name="buildAliasValidatorConfigs" signature="(Ljava/lang/Class;Ljava/lang/String;Z)Lnet/sf/oval/configuration/xml/XMLConfigurer;" line-rate="1.0" branch-rate="1.0" complexity="0">
							<lines>
								<line number="164" hits="200" branch="false"/>
								<line number="166" hits="200" branch="false"/>
							</lines>
						</method>
						<method name="buildClassValidatorConfigs" signature="(Ljava/lang/Class;Z)Lnet/sf/oval/configuration/xml/XMLConfigurer;" line-rate="1.0" branch-rate="1.0" complexity="0">
							<lines>
								<line number="170" hits="200" branch="false"/>
								<line number="172" hits="200" branch="false"/>
							</lines>
						</method>
						<method name="buildValidatorKey" signature="(Ljava/lang/Class;Ljava/lang/String;)Ljava/lang/String;" line-rate="1.0" branch-rate="1.0" complexity="0">
							<lines>
								<line number="106" hits="24" branch="false"/>
								<line number="107" hits="24" branch="false"/>
								<line number="108" hits="24" branch="false"/>
								<line number="109" hits="24" branch="false"/>
							</lines>
						</method>
						<method name="buildXMLConfigurers" signature="(Ljava/lang/Class;Ljava/lang/String;ZLjava/util/Set;)Ljava/util/List;" line-rate="0.8181818181818182" branch-rate="0.6111111111111112" complexity="0">
							<lines>
								<line number="113" hits="67" branch="false"/>
								<line number="115" hits="67" branch="true" condition-coverage="100% (2/2)">
									<conditions>
										<condition number="0" type="jump" coverage="100%"/>
									</conditions>
								</line>
								<line number="116" hits="22" branch="false"/>
								<line number="117" hits="45" branch="true" condition-coverage="50% (1/2)">
									<conditions>
										<condition number="0" type="jump" coverage="50%"/>
									</conditions>
								</line>
								<line number="118" hits="0" branch="false"/>
								<line number="121" hits="67" branch="true" condition-coverage="50% (1/2)">
									<conditions>
										<condition number="0" type="jump" coverage="50%"/>
									</conditions>
								</line>
								<line number="122" hits="0" branch="true" condition-coverage="0% (0/2)">
									<conditions>
										<condition number="0" type="jump" coverage="0%"/>
									</conditions>
								</line>
								<line number="123" hits="0" branch="false"/>
								<line number="126" hits="67" branch="true" condition-coverage="100% (2/2)">
									<conditions>
										<condition number="0" type="jump" coverage="100%"/>
									</conditions>
								</line>
								<line number="127" hits="45" branch="false"/>
								<line number="132" hits="200" branch="true" condition-coverage="100% (2/2)">
									<conditions>
										<condition number="0" type="jump" coverage="100%"/>
									</conditions>
								</line>
								<line number="133" hits="133" branch="true" condition-coverage="50% (1/2)">
									<conditions>
										<condition number="0" type="jump" coverage="50%"/>
									</conditions>
								</line>
								<line number="134" hits="0" branch="false"/>
								<line number="137" hits="133" branch="false"/>
								<line number="139" hits="133" branch="true" condition-coverage="50% (1/2)">
									<conditions>
										<condition number="0" type="jump" coverage="50%"/>
									</conditions>
								</line>
								<line number="140" hits="133" branch="false"/>
								<line number="143" hits="133" branch="false"/>
								<line number="146" hits="67" branch="false"/>
								<line number="148" hits="67" branch="true" condition-coverage="50% (1/2)">
									<conditions>
										<condition number="0" type="jump" coverage="50%"/>
									</conditions>
								</line>
								<line number="149" hits="67" branch="false"/>
								<line number="152" hits="67" branch="false"/>
								<line number="154" hits="67" branch="false"/>
							</lines>
						</method>
						<method name="getConfigurers" signature="(Ljava/lang/Class;Ljava/lang/String;Z)Ljava/util/List;" line-rate="0.6666666666666666" branch-rate="0.75" complexity="0">
							<lines>
								<line number="70" hits="24" branch="false"/>
								<line number="71" hits="24" branch="false"/>
								<line number="73" hits="24" branch="true" condition-coverage="100% (2/2)">
									<conditions>
										<condition number="0" type="jump" coverage="100%"/>
									</conditions>
								</line>
								<line number="74" hits="2" branch="true" condition-coverage="50% (1/2)">
									<conditions>
										<condition number="0" type="jump" coverage="50%"/>
									</conditions>
								</line>
								<line number="75" hits="0" branch="false"/>
								<line number="78" hits="0" branch="false"/>
								<line number="79" hits="0" branch="false"/>
								<line number="80" hits="0" branch="false"/>
								<line number="82" hits="22" branch="false"/>
								<line number="85" hits="22" branch="false"/>
								<line number="86" hits="22" branch="false"/>
								<line number="90" hits="24" branch="false"/>
							</lines>
						</method>
						<method name="loadFile" signature="(Ljava/lang/String;Ljava/lang/Class;Z)Lnet/sf/oval/configuration/xml/XMLConfigurer;" line-rate="0.8571428571428571" branch-rate="0.35" complexity="0">
							<lines>
								<line number="176" hits="400" branch="false"/>
								<line number="177" hits="400" branch="true" condition-coverage="33% (2/6)">
									<conditions>
										<condition number="0" type="jump" coverage="50%"/>
										<condition number="1" type="jump" coverage="0%"/>
										<condition number="2" type="jump" coverage="50%"/>
									</conditions>
								</line>
								<line number="179" hits="400" branch="false"/>
								<line number="180" hits="400" branch="true" condition-coverage="100% (2/2)">
									<conditions>
										<condition number="0" type="jump" coverage="100%"/>
									</conditions>
								</line>
								<line number="181" hits="5" branch="false"/>
								<line number="182" hits="5" branch="false"/>
								<line number="183" hits="5" branch="false"/>
								<line number="184" hits="5" branch="false"/>
								<line number="185" hits="5" branch="false"/>
								<line number="187" hits="5" branch="true" condition-coverage="25% (3/12)">
									<conditions>
										<condition number="0" type="jump" coverage="50%"/>
										<condition number="1" type="jump" coverage="50%"/>
										<condition number="2" type="jump" coverage="50%"/>
										<condition number="3" type="jump" coverage="0%"/>
										<condition number="4" type="jump" coverage="0%"/>
										<condition number="5" type="jump" coverage="0%"/>
									</conditions>
								</line>
								<line number="188" hits="0" branch="false"/>
								<line number="189" hits="395" branch="false"/>
								<line number="191" hits="0" branch="false"/>
								<line number="194" hits="395" branch="false"/>
							</lines>
						</method>
						<method name="setFileManagerFactory" signature="(Lcom/opensymphony/xwork2/FileManagerFactory;)V" line-rate="1.0" branch-rate="1.0" complexity="0">
							<lines>
								<line number="66" hits="22" branch="false"/>
								<line number="67" hits="22" branch="false"/>
							</lines>
						</method>
						<method name="setReloadingConfigs" signature="(Ljava/lang/String;)V" line-rate="0.0" branch-rate="1.0" complexity="0">
							<lines>
								<line number="61" hits="0" branch="false"/>
								<line number="62" hits="0" branch="false"/>
							</lines>
						</method>
					</methods>
					<lines>
						<line number="47" hits="22" branch="false"/>
						<line number="48" hits="1" branch="false"/>
						<line number="51" hits="22" branch="false"/>
						<line number="52" hits="22" branch="false"/>
						<line number="61" hits="0" branch="false"/>
						<line number="62" hits="0" branch="false"/>
						<line number="66" hits="22" branch="false"/>
						<line number="67" hits="22" branch="false"/>
						<line number="70" hits="24" branch="false"/>
						<line number="71" hits="24" branch="false"/>
						<line number="73" hits="24" branch="true" condition-coverage="100% (2/2)">
							<conditions>
								<condition number="0" type="jump" coverage="100%"/>
							</conditions>
						</line>
						<line number="74" hits="2" branch="true" condition-coverage="50% (1/2)">
							<conditions>
								<condition number="0" type="jump" coverage="50%"/>
							</conditions>
						</line>
						<line number="75" hits="0" branch="false"/>
						<line number="78" hits="0" branch="false"/>
						<line number="79" hits="0" branch="false"/>
						<line number="80" hits="0" branch="false"/>
						<line number="82" hits="22" branch="false"/>
						<line number="85" hits="22" branch="false"/>
						<line number="86" hits="22" branch="false"/>
						<line number="90" hits="24" branch="false"/>
						<line number="94" hits="22" branch="false"/>
						<line number="95" hits="22" branch="false"/>
						<line number="97" hits="22" branch="true" condition-coverage="100% (2/2)">
							<conditions>
								<condition number="0" type="jump" coverage="100%"/>
							</conditions>
						</line>
						<line number="98" hits="3" branch="true" condition-coverage="50% (1/2)">
							<conditions>
								<condition number="0" type="jump" coverage="50%"/>
							</conditions>
						</line>
						<line number="99" hits="0" branch="false"/>
						<line number="101" hits="3" branch="false"/>
						<line number="103" hits="22" branch="false"/>
						<line number="106" hits="24" branch="false"/>
						<line number="107" hits="24" branch="false"/>
						<line number="108" hits="24" branch="false"/>
						<line number="109" hits="24" branch="false"/>
						<line number="113" hits="67" branch="false"/>
						<line number="115" hits="67" branch="true" condition-coverage="100% (2/2)">
							<conditions>
								<condition number="0" type="jump" coverage="100%"/>
							</conditions>
						</line>
						<line number="116" hits="22" branch="false"/>
						<line number="117" hits="45" branch="true" condition-coverage="50% (1/2)">
							<conditions>
								<condition number="0" type="jump" coverage="50%"/>
							</conditions>
						</line>
						<line number="118" hits="0" branch="false"/>
						<line number="121" hits="67" branch="true" condition-coverage="50% (1/2)">
							<conditions>
								<condition number="0" type="jump" coverage="50%"/>
							</conditions>
						</line>
						<line number="122" hits="0" branch="true" condition-coverage="0% (0/2)">
							<conditions>
								<condition number="0" type="jump" coverage="0%"/>
							</conditions>
						</line>
						<line number="123" hits="0" branch="false"/>
						<line number="126" hits="67" branch="true" condition-coverage="100% (2/2)">
							<conditions>
								<condition number="0" type="jump" coverage="100%"/>
							</conditions>
						</line>
						<line number="127" hits="45" branch="false"/>
						<line number="132" hits="200" branch="true" condition-coverage="100% (2/2)">
							<conditions>
								<condition number="0" type="jump" coverage="100%"/>
							</conditions>
						</line>
						<line number="133" hits="133" branch="true" condition-coverage="50% (1/2)">
							<conditions>
								<condition number="0" type="jump" coverage="50%"/>
							</conditions>
						</line>
						<line number="134" hits="0" branch="false"/>
						<line number="137" hits="133" branch="false"/>
						<line number="139" hits="133" branch="true" condition-coverage="50% (1/2)">
							<conditions>
								<condition number="0" type="jump" coverage="50%"/>
							</conditions>
						</line>
						<line number="140" hits="133" branch="false"/>
						<line number="143" hits="133" branch="false"/>
						<line number="146" hits="67" branch="false"/>
						<line number="148" hits="67" branch="true" condition-coverage="50% (1/2)">
							<conditions>
								<condition number="0" type="jump" coverage="50%"/>
							</conditions>
						</line>
						<line number="149" hits="67" branch="false"/>
						<line number="152" hits="67" branch="false"/>
						<line number="154" hits="67" branch="false"/>
						<line number="158" hits="400" branch="true" condition-coverage="100% (2/2)">
							<conditions>
								<condition number="0" type="jump" coverage="100%"/>
							</conditions>
						</line>
						<line number="159" hits="5" branch="false"/>
						<line number="160" hits="400" branch="false"/>
						<line number="164" hits="200" branch="false"/>
						<line number="166" hits="200" branch="false"/>
						<line number="170" hits="200" branch="false"/>
						<line number="172" hits="200" branch="false"/>
						<line number="176" hits="400" branch="false"/>
						<line number="177" hits="400" branch="true" condition-coverage="33% (2/6)">
							<conditions>
								<condition number="0" type="jump" coverage="50%"/>
								<condition number="1" type="jump" coverage="0%"/>
								<condition number="2" type="jump" coverage="50%"/>
							</conditions>
						</line>
						<line number="179" hits="400" branch="false"/>
						<line number="180" hits="400" branch="true" condition-coverage="100% (2/2)">
							<conditions>
								<condition number="0" type="jump" coverage="100%"/>
							</conditions>
						</line>
						<line number="181" hits="5" branch="false"/>
						<line number="182" hits="5" branch="false"/>
						<line number="183" hits="5" branch="false"/>
						<line number="184" hits="5" branch="false"/>
						<line number="185" hits="5" branch="false"/>
						<line number="187" hits="5" branch="true" condition-coverage="25% (3/12)">
							<conditions>
								<condition number="0" type="jump" coverage="50%"/>
								<condition number="1" type="jump" coverage="50%"/>
								<condition number="2" type="jump" coverage="50%"/>
								<condition number="3" type="jump" coverage="0%"/>
								<condition number="4" type="jump" coverage="0%"/>
								<condition number="5" type="jump" coverage="0%"/>
							</conditions>
						</line>
						<line number="188" hits="0" branch="false"/>
						<line number="189" hits="395" branch="false"/>
						<line number="191" hits="0" branch="false"/>
						<line number="194" hits="395" branch="false"/>
					</lines>
				</class>
				<class name="org.apache.struts2.oval.interceptor.OValValidationInterceptor" filename="org/apache/struts2/oval/interceptor/OValValidationInterceptor.java" line-rate="0.92" branch-rate="0.7954545454545454" complexity="2.857142857142857">
					<methods>
						<method name="&lt;clinit&gt;" signature="()V" line-rate="1.0" branch-rate="1.0" complexity="0">
							<lines>
								<line number="51" hits="1" branch="false"/>
							</lines>
						</method>
						<method name="&lt;init&gt;" signature="()V" line-rate="1.0" branch-rate="1.0" complexity="0">
							<lines>
								<line number="50" hits="396" branch="false"/>
								<line number="56" hits="396" branch="false"/>
								<line number="57" hits="396" branch="false"/>
								<line number="270" hits="396" branch="false"/>
							</lines>
						</method>
						<method name="addValidationErrors" signature="([Lnet/sf/oval/ConstraintViolation;Ljava/lang/Object;Lcom/opensymphony/xwork2/util/ValueStack;Ljava/lang/String;)V" line-rate="0.9166666666666666" branch-rate="0.9166666666666666" complexity="0">
							<lines>
								<line number="177" hits="59" branch="true" condition-coverage="100% (2/2)">
									<conditions>
										<condition number="0" type="jump" coverage="100%"/>
									</conditions>
								</line>
								<line number="178" hits="26" branch="false"/>
								<line number="179" hits="63" branch="true" condition-coverage="100% (2/2)">
									<conditions>
										<condition number="0" type="jump" coverage="100%"/>
									</conditions>
								</line>
								<line number="181" hits="37" branch="false"/>
								<line number="183" hits="37" branch="false"/>
								<line number="185" hits="37" branch="false"/>
								<line number="187" hits="37" branch="false"/>
								<line number="189" hits="37" branch="false"/>
								<line number="191" hits="37" branch="false"/>
								<line number="192" hits="37" branch="false"/>
								<line number="193" hits="37" branch="false"/>
								<line number="195" hits="37" branch="true" condition-coverage="50% (1/2)">
									<conditions>
										<condition number="0" type="jump" coverage="50%"/>
									</conditions>
								</line>
								<line number="196" hits="0" branch="false"/>
								<line number="197" hits="0" branch="false"/>
								<line number="199" hits="37" branch="false"/>
								<line number="202" hits="37" branch="false"/>
								<line number="203" hits="37" branch="true" condition-coverage="100% (2/2)">
									<conditions>
										<condition number="0" type="jump" coverage="100%"/>
									</conditions>
								</line>
								<line number="204" hits="5" branch="false"/>
								<line number="207" hits="37" branch="false"/>
								<line number="208" hits="37" branch="false"/>
								<line number="211" hits="37" branch="true" condition-coverage="100% (4/4)">
									<conditions>
										<condition number="0" type="jump" coverage="100%"/>
										<condition number="1" type="jump" coverage="100%"/>
									</conditions>
								</line>
								<line number="212" hits="1" branch="false"/>
								<line number="216" hits="37" branch="false"/>
								<line number="220" hits="59" branch="false"/>
							</lines>
						</method>
						<method name="buildValidationError" signature="(Lnet/sf/oval/ConstraintViolation;Ljava/lang/String;)Lorg/apache/struts2/oval/interceptor/OValValidationInterceptor$ValidationError;" line-rate="0.95" branch-rate="0.9" complexity="0">
							<lines>
								<line number="229" hits="37" branch="false"/>
								<line number="230" hits="37" branch="true" condition-coverage="100% (2/2)">
									<conditions>
										<condition number="0" type="jump" coverage="100%"/>
									</conditions>
								</line>
								<line number="231" hits="32" branch="false"/>
								<line number="232" hits="32" branch="false"/>
								<line number="235" hits="32" branch="false"/>
								<line number="237" hits="32" branch="false"/>
								<line number="238" hits="5" branch="true" condition-coverage="50% (1/2)">
									<conditions>
										<condition number="0" type="jump" coverage="50%"/>
									</conditions>
								</line>
								<line number="239" hits="5" branch="false"/>
								<line number="240" hits="5" branch="false"/>
								<line number="241" hits="5" branch="false"/>
								<line number="244" hits="5" branch="false"/>
								<line number="246" hits="5" branch="false"/>
								<line number="247" hits="5" branch="true" condition-coverage="100% (2/2)">
									<conditions>
										<condition number="0" type="jump" coverage="100%"/>
									</conditions>
								</line>
								<line number="248" hits="3" branch="false"/>
								<line number="249" hits="2" branch="true" condition-coverage="100% (2/2)">
									<conditions>
										<condition number="0" type="jump" coverage="100%"/>
									</conditions>
								</line>
								<line number="250" hits="1" branch="false"/>
								<line number="254" hits="5" branch="true" condition-coverage="100% (2/2)">
									<conditions>
										<condition number="0" type="jump" coverage="100%"/>
									</conditions>
								</line>
								<line number="255" hits="4" branch="false"/>
								<line number="257" hits="5" branch="false"/>
								<line number="260" hits="0" branch="false"/>
							</lines>
						</method>
						<method name="doIntercept" signature="(Lcom/opensymphony/xwork2/ActionInvocation;)Ljava/lang/String;" line-rate="0.9" branch-rate="0.5" complexity="0">
							<lines>
								<line number="101" hits="22" branch="false"/>
								<line number="102" hits="22" branch="false"/>
								<line number="103" hits="22" branch="false"/>
								<line number="104" hits="22" branch="false"/>
								<line number="105" hits="22" branch="false"/>
								<line number="107" hits="22" branch="true" condition-coverage="50% (1/2)">
									<conditions>
										<condition number="0" type="jump" coverage="50%"/>
									</conditions>
								</line>
								<line number="108" hits="0" branch="false"/>
								<line number="112" hits="22" branch="false"/>
								<line number="115" hits="22" branch="false"/>
								<line number="117" hits="22" branch="false"/>
							</lines>
						</method>
						<method name="isActionError" signature="(Lnet/sf/oval/ConstraintViolation;)Z" line-rate="1.0" branch-rate="1.0" complexity="0">
							<lines>
								<line number="267" hits="37" branch="false"/>
							</lines>
						</method>
						<method name="performOValValidation" signature="(Ljava/lang/Object;Lcom/opensymphony/xwork2/util/ValueStack;Ljava/lang/String;Ljava/lang/String;)V" line-rate="1.0" branch-rate="0.6666666666666666" complexity="0">
							<lines>
								<line number="151" hits="22" branch="false"/>
								<line number="153" hits="22" branch="false"/>
								<line number="155" hits="22" branch="true" condition-coverage="50% (1/2)">
									<conditions>
										<condition number="0" type="jump" coverage="50%"/>
									</conditions>
								</line>
								<line number="157" hits="22" branch="false"/>
								<line number="158" hits="22" branch="true" condition-coverage="50% (1/2)">
									<conditions>
										<condition number="0" type="jump" coverage="50%"/>
									</conditions>
								</line>
								<line number="159" hits="22" branch="false"/>
								<line number="160" hits="22" branch="true" condition-coverage="100% (2/2)">
									<conditions>
										<condition number="0" type="jump" coverage="100%"/>
									</conditions>
								</line>
								<line number="161" hits="1" branch="false"/>
								<line number="162" hits="1" branch="true" condition-coverage="50% (2/4)">
									<conditions>
										<condition number="0" type="jump" coverage="50%"/>
										<condition number="1" type="jump" coverage="50%"/>
									</conditions>
								</line>
								<line number="163" hits="1" branch="false"/>
								<line number="164" hits="1" branch="false"/>
								<line number="165" hits="3" branch="true" condition-coverage="100% (2/2)">
									<conditions>
										<condition number="0" type="jump" coverage="100%"/>
									</conditions>
								</line>
								<line number="166" hits="2" branch="false"/>
								<line number="172" hits="22" branch="false"/>
								<line number="173" hits="22" branch="false"/>
								<line number="174" hits="22" branch="false"/>
							</lines>
						</method>
						<method name="performProgrammaticValidation" signature="(Lcom/opensymphony/xwork2/ActionInvocation;Ljava/lang/Object;)V" line-rate="0.7142857142857143" branch-rate="0.75" complexity="0">
							<lines>
								<line number="121" hits="22" branch="true" condition-coverage="75% (3/4)">
									<conditions>
										<condition number="0" type="jump" coverage="50%"/>
										<condition number="1" type="jump" coverage="100%"/>
									</conditions>
								</line>
								<line number="123" hits="21" branch="false"/>
								<line number="125" hits="21" branch="false"/>
								<line number="126" hits="21" branch="false"/>
								<line number="129" hits="21" branch="false"/>
								<line number="132" hits="0" branch="false"/>
								<line number="135" hits="0" branch="false"/>
								<line number="136" hits="0" branch="false"/>
								<line number="137" hits="21" branch="false"/>
								<line number="139" hits="21" branch="true" condition-coverage="100% (2/2)">
									<conditions>
										<condition number="0" type="jump" coverage="100%"/>
									</conditions>
								</line>
								<line number="140" hits="20" branch="false"/>
								<line number="143" hits="21" branch="true" condition-coverage="50% (1/2)">
									<conditions>
										<condition number="0" type="jump" coverage="50%"/>
									</conditions>
								</line>
								<line number="145" hits="0" branch="false"/>
								<line number="148" hits="22" branch="false"/>
							</lines>
						</method>
						<method name="setAlwaysInvokeValidate" signature="(Ljava/lang/String;)V" line-rate="1.0" branch-rate="1.0" complexity="0">
							<lines>
								<line number="97" hits="22" branch="false"/>
								<line number="98" hits="22" branch="false"/>
							</lines>
						</method>
						<method name="setProgrammatic" signature="(Z)V" line-rate="1.0" branch-rate="1.0" complexity="0">
							<lines>
								<line number="87" hits="22" branch="false"/>
								<line number="88" hits="22" branch="false"/>
							</lines>
						</method>
						<method name="setTextProviderFactory" signature="(Lcom/opensymphony/xwork2/TextProviderFactory;)V" line-rate="1.0" branch-rate="1.0" complexity="0">
							<lines>
								<line number="69" hits="396" branch="false"/>
								<line number="70" hits="396" branch="false"/>
							</lines>
						</method>
						<method name="setValidateJPAAnnotations" signature="(Ljava/lang/String;)V" line-rate="1.0" branch-rate="1.0" complexity="0">
							<lines>
								<line number="77" hits="462" branch="false"/>
								<line number="78" hits="462" branch="false"/>
							</lines>
						</method>
						<method name="setValidationManager" signature="(Lorg/apache/struts2/oval/interceptor/OValValidationManager;)V" line-rate="1.0" branch-rate="1.0" complexity="0">
							<lines>
								<line number="64" hits="396" branch="false"/>
								<line number="65" hits="396" branch="false"/>
							</lines>
						</method>
					</methods>
					<lines>
						<line number="50" hits="396" branch="false"/>
						<line number="51" hits="1" branch="false"/>
						<line number="56" hits="396" branch="false"/>
						<line number="57" hits="396" branch="false"/>
						<line number="64" hits="396" branch="false"/>
						<line number="65" hits="396" branch="false"/>
						<line number="69" hits="396" branch="false"/>
						<line number="70" hits="396" branch="false"/>
						<line number="77" hits="462" branch="false"/>
						<line number="78" hits="462" branch="false"/>
						<line number="87" hits="22" branch="false"/>
						<line number="88" hits="22" branch="false"/>
						<line number="97" hits="22" branch="false"/>
						<line number="98" hits="22" branch="false"/>
						<line number="101" hits="22" branch="false"/>
						<line number="102" hits="22" branch="false"/>
						<line number="103" hits="22" branch="false"/>
						<line number="104" hits="22" branch="false"/>
						<line number="105" hits="22" branch="false"/>
						<line number="107" hits="22" branch="true" condition-coverage="50% (1/2)">
							<conditions>
								<condition number="0" type="jump" coverage="50%"/>
							</conditions>
						</line>
						<line number="108" hits="0" branch="false"/>
						<line number="112" hits="22" branch="false"/>
						<line number="115" hits="22" branch="false"/>
						<line number="117" hits="22" branch="false"/>
						<line number="121" hits="22" branch="true" condition-coverage="75% (3/4)">
							<conditions>
								<condition number="0" type="jump" coverage="50%"/>
								<condition number="1" type="jump" coverage="100%"/>
							</conditions>
						</line>
						<line number="123" hits="21" branch="false"/>
						<line number="125" hits="21" branch="false"/>
						<line number="126" hits="21" branch="false"/>
						<line number="129" hits="21" branch="false"/>
						<line number="132" hits="0" branch="false"/>
						<line number="135" hits="0" branch="false"/>
						<line number="136" hits="0" branch="false"/>
						<line number="137" hits="21" branch="false"/>
						<line number="139" hits="21" branch="true" condition-coverage="100% (2/2)">
							<conditions>
								<condition number="0" type="jump" coverage="100%"/>
							</conditions>
						</line>
						<line number="140" hits="20" branch="false"/>
						<line number="143" hits="21" branch="true" condition-coverage="50% (1/2)">
							<conditions>
								<condition number="0" type="jump" coverage="50%"/>
							</conditions>
						</line>
						<line number="145" hits="0" branch="false"/>
						<line number="148" hits="22" branch="false"/>
						<line number="151" hits="22" branch="false"/>
						<line number="153" hits="22" branch="false"/>
						<line number="155" hits="22" branch="true" condition-coverage="50% (1/2)">
							<conditions>
								<condition number="0" type="jump" coverage="50%"/>
							</conditions>
						</line>
						<line number="157" hits="22" branch="false"/>
						<line number="158" hits="22" branch="true" condition-coverage="50% (1/2)">
							<conditions>
								<condition number="0" type="jump" coverage="50%"/>
							</conditions>
						</line>
						<line number="159" hits="22" branch="false"/>
						<line number="160" hits="22" branch="true" condition-coverage="100% (2/2)">
							<conditions>
								<condition number="0" type="jump" coverage="100%"/>
							</conditions>
						</line>
						<line number="161" hits="1" branch="false"/>
						<line number="162" hits="1" branch="true" condition-coverage="50% (2/4)">
							<conditions>
								<condition number="0" type="jump" coverage="50%"/>
								<condition number="1" type="jump" coverage="50%"/>
							</conditions>
						</line>
						<line number="163" hits="1" branch="false"/>
						<line number="164" hits="1" branch="false"/>
						<line number="165" hits="3" branch="true" condition-coverage="100% (2/2)">
							<conditions>
								<condition number="0" type="jump" coverage="100%"/>
							</conditions>
						</line>
						<line number="166" hits="2" branch="false"/>
						<line number="172" hits="22" branch="false"/>
						<line number="173" hits="22" branch="false"/>
						<line number="174" hits="22" branch="false"/>
						<line number="177" hits="59" branch="true" condition-coverage="100% (2/2)">
							<conditions>
								<condition number="0" type="jump" coverage="100%"/>
							</conditions>
						</line>
						<line number="178" hits="26" branch="false"/>
						<line number="179" hits="63" branch="true" condition-coverage="100% (2/2)">
							<conditions>
								<condition number="0" type="jump" coverage="100%"/>
							</conditions>
						</line>
						<line number="181" hits="37" branch="false"/>
						<line number="183" hits="37" branch="false"/>
						<line number="185" hits="37" branch="false"/>
						<line number="187" hits="37" branch="false"/>
						<line number="189" hits="37" branch="false"/>
						<line number="191" hits="37" branch="false"/>
						<line number="192" hits="37" branch="false"/>
						<line number="193" hits="37" branch="false"/>
						<line number="195" hits="37" branch="true" condition-coverage="50% (1/2)">
							<conditions>
								<condition number="0" type="jump" coverage="50%"/>
							</conditions>
						</line>
						<line number="196" hits="0" branch="false"/>
						<line number="197" hits="0" branch="false"/>
						<line number="199" hits="37" branch="false"/>
						<line number="202" hits="37" branch="false"/>
						<line number="203" hits="37" branch="true" condition-coverage="100% (2/2)">
							<conditions>
								<condition number="0" type="jump" coverage="100%"/>
							</conditions>
						</line>
						<line number="204" hits="5" branch="false"/>
						<line number="207" hits="37" branch="false"/>
						<line number="208" hits="37" branch="false"/>
						<line number="211" hits="37" branch="true" condition-coverage="100% (4/4)">
							<conditions>
								<condition number="0" type="jump" coverage="100%"/>
								<condition number="1" type="jump" coverage="100%"/>
							</conditions>
						</line>
						<line number="212" hits="1" branch="false"/>
						<line number="216" hits="37" branch="false"/>
						<line number="220" hits="59" branch="false"/>
						<line number="229" hits="37" branch="false"/>
						<line number="230" hits="37" branch="true" condition-coverage="100% (2/2)">
							<conditions>
								<condition number="0" type="jump" coverage="100%"/>
							</conditions>
						</line>
						<line number="231" hits="32" branch="false"/>
						<line number="232" hits="32" branch="false"/>
						<line number="235" hits="32" branch="false"/>
						<line number="237" hits="32" branch="false"/>
						<line number="238" hits="5" branch="true" condition-coverage="50% (1/2)">
							<conditions>
								<condition number="0" type="jump" coverage="50%"/>
							</conditions>
						</line>
						<line number="239" hits="5" branch="false"/>
						<line number="240" hits="5" branch="false"/>
						<line number="241" hits="5" branch="false"/>
						<line number="244" hits="5" branch="false"/>
						<line number="246" hits="5" branch="false"/>
						<line number="247" hits="5" branch="true" condition-coverage="100% (2/2)">
							<conditions>
								<condition number="0" type="jump" coverage="100%"/>
							</conditions>
						</line>
						<line number="248" hits="3" branch="false"/>
						<line number="249" hits="2" branch="true" condition-coverage="100% (2/2)">
							<conditions>
								<condition number="0" type="jump" coverage="100%"/>
							</conditions>
						</line>
						<line number="250" hits="1" branch="false"/>
						<line number="254" hits="5" branch="true" condition-coverage="100% (2/2)">
							<conditions>
								<condition number="0" type="jump" coverage="100%"/>
							</conditions>
						</line>
						<line number="255" hits="4" branch="false"/>
						<line number="257" hits="5" branch="false"/>
						<line number="260" hits="0" branch="false"/>
						<line number="267" hits="37" branch="false"/>
						<line number="270" hits="396" branch="false"/>
					</lines>
				</class>
				<class name="org.apache.struts2.oval.interceptor.OValValidationInterceptor$ValidationError" filename="org/apache/struts2/oval/interceptor/OValValidationInterceptor.java" line-rate="1.0" branch-rate="1.0" complexity="2.857142857142857">
					<methods>
						<method name="&lt;init&gt;" signature="(Lorg/apache/struts2/oval/interceptor/OValValidationInterceptor;Ljava/lang/String;Ljava/lang/String;)V" line-rate="1.0" branch-rate="1.0" complexity="0">
							<lines>
								<line number="274" hits="37" branch="false"/>
								<line number="275" hits="37" branch="false"/>
								<line number="276" hits="37" branch="false"/>
								<line number="277" hits="37" branch="false"/>
							</lines>
						</method>
						<method name="getFieldName" signature="()Ljava/lang/String;" line-rate="1.0" branch-rate="1.0" complexity="0">
							<lines>
								<line number="280" hits="37" branch="false"/>
							</lines>
						</method>
						<method name="getMessage" signature="()Ljava/lang/String;" line-rate="1.0" branch-rate="1.0" complexity="0">
							<lines>
								<line number="284" hits="74" branch="false"/>
							</lines>
						</method>
					</methods>
					<lines>
						<line number="274" hits="37" branch="false"/>
						<line number="275" hits="37" branch="false"/>
						<line number="276" hits="37" branch="false"/>
						<line number="277" hits="37" branch="false"/>
						<line number="280" hits="37" branch="false"/>
						<line number="284" hits="74" branch="false"/>
					</lines>
				</class>
				<class name="org.apache.struts2.oval.interceptor.OValValidationManager" filename="org/apache/struts2/oval/interceptor/OValValidationManager.java" line-rate="1.0" branch-rate="1.0" complexity="1.0">
					<methods>
					</methods>
					<lines>
					</lines>
				</class>
			</classes>
		</package>
	</packages>
</coverage>
